2020-05-27 08:36:38.102 INFO  --- [StartupInfoLogger.java:55][restartedMain] - Starting OasystemApplication on Win-1811022255 with PID 7048 (D:\weixin\project\OASystem\target\classes started by Administrator in D:\weixin\project\OASystem)
2020-05-27 08:36:38.102 INFO  --- [SpringApplication.java:651][restartedMain] - No active profile set, falling back to default profiles: default
2020-05-27 08:36:44.005 INFO  --- [StartupInfoLogger.java:61][restartedMain] - Started OasystemApplication in 7.477 seconds (JVM running for 10.913)
2020-05-27 08:37:35.903 INFO  --- [HikariDataSource.java:110][http-nio-9090-exec-1] - HikariPool-1 - Starting...
2020-05-27 08:37:35.906 WARN  --- [DriverDataSource.java:70][http-nio-9090-exec-1] - Registered driver with driverClassName=oracle.jdbc.driver.OracleDriver was not found, trying direct instantiation.
2020-05-27 08:37:36.156 INFO  --- [HikariDataSource.java:123][http-nio-9090-exec-1] - HikariPool-1 - Start completed.
2020-05-27 08:37:46.281 INFO  --- [UserRealm.java:38][http-nio-9090-exec-5] - permission的值为:{"menuList":["role","user","article"],"roleId":1,"nickname":"艾斯","roleName":"管理员","permissionList":["article:list","user:list","user:add","role:update","article:add","role:list","article:update","user:update","role:delete","role:add"],"userId":10001}
2020-05-27 08:37:46.282 INFO  --- [UserRealm.java:39][http-nio-9090-exec-5] - 本用户权限为:[article:list, user:list, user:add, role:update, article:add, role:list, article:update, user:update, role:delete, role:add]
2020-05-27 08:37:46.284 INFO  --- [UserRealm.java:38][http-nio-9090-exec-5] - permission的值为:{"menuList":["role","user","article"],"roleId":1,"nickname":"艾斯","roleName":"管理员","permissionList":["article:list","user:list","user:add","role:update","article:add","role:list","article:update","user:update","role:delete","role:add"],"userId":10001}
2020-05-27 08:37:46.284 INFO  --- [UserRealm.java:39][http-nio-9090-exec-5] - 本用户权限为:[article:list, user:list, user:add, role:update, article:add, role:list, article:update, user:update, role:delete, role:add]
2020-05-27 08:37:53.105 INFO  --- [UserRealm.java:38][http-nio-9090-exec-6] - permission的值为:{"menuList":["role","user","article"],"roleId":1,"nickname":"艾斯","roleName":"管理员","permissionList":["article:list","user:list","user:add","role:update","article:add","role:list","article:update","user:update","role:delete","role:add"],"userId":10001}
2020-05-27 08:37:53.105 INFO  --- [UserRealm.java:39][http-nio-9090-exec-6] - 本用户权限为:[article:list, user:list, user:add, role:update, article:add, role:list, article:update, user:update, role:delete, role:add]
2020-05-27 08:37:53.110 INFO  --- [UserRealm.java:38][http-nio-9090-exec-7] - permission的值为:{"menuList":["role","user","article"],"roleId":1,"nickname":"艾斯","roleName":"管理员","permissionList":["article:list","user:list","user:add","role:update","article:add","role:list","article:update","user:update","role:delete","role:add"],"userId":10001}
2020-05-27 08:37:53.111 INFO  --- [UserRealm.java:39][http-nio-9090-exec-7] - 本用户权限为:[article:list, user:list, user:add, role:update, article:add, role:list, article:update, user:update, role:delete, role:add]
2020-05-27 08:37:53.111 INFO  --- [UserRealm.java:38][http-nio-9090-exec-7] - permission的值为:{"menuList":["role","user","article"],"roleId":1,"nickname":"艾斯","roleName":"管理员","permissionList":["article:list","user:list","user:add","role:update","article:add","role:list","article:update","user:update","role:delete","role:add"],"userId":10001}
2020-05-27 08:37:53.111 INFO  --- [UserRealm.java:39][http-nio-9090-exec-7] - 本用户权限为:[article:list, user:list, user:add, role:update, article:add, role:list, article:update, user:update, role:delete, role:add]
2020-05-27 08:46:53.312 INFO  --- [UserRealm.java:38][http-nio-9090-exec-2] - permission的值为:{"menuList":["role","user","article"],"roleId":1,"nickname":"艾斯","roleName":"管理员","permissionList":["article:list","user:list","user:add","role:update","article:add","role:list","article:update","user:update","role:delete","role:add"],"userId":10001}
2020-05-27 08:46:53.312 INFO  --- [UserRealm.java:39][http-nio-9090-exec-2] - 本用户权限为:[article:list, user:list, user:add, role:update, article:add, role:list, article:update, user:update, role:delete, role:add]
2020-05-27 08:46:53.312 INFO  --- [UserRealm.java:38][http-nio-9090-exec-2] - permission的值为:{"menuList":["role","user","article"],"roleId":1,"nickname":"艾斯","roleName":"管理员","permissionList":["article:list","user:list","user:add","role:update","article:add","role:list","article:update","user:update","role:delete","role:add"],"userId":10001}
2020-05-27 08:46:53.313 INFO  --- [UserRealm.java:39][http-nio-9090-exec-2] - 本用户权限为:[article:list, user:list, user:add, role:update, article:add, role:list, article:update, user:update, role:delete, role:add]
2020-05-27 08:48:04.134 INFO  --- [UserRealm.java:38][http-nio-9090-exec-3] - permission的值为:{"menuList":["role","user","article"],"roleId":1,"nickname":"艾斯","roleName":"管理员","permissionList":["article:list","user:list","user:add","role:update","article:add","role:list","article:update","user:update","role:delete","role:add"],"userId":10001}
2020-05-27 08:48:04.135 INFO  --- [UserRealm.java:39][http-nio-9090-exec-3] - 本用户权限为:[article:list, user:list, user:add, role:update, article:add, role:list, article:update, user:update, role:delete, role:add]
2020-05-27 08:48:04.138 INFO  --- [UserRealm.java:38][http-nio-9090-exec-5] - permission的值为:{"menuList":["role","user","article"],"roleId":1,"nickname":"艾斯","roleName":"管理员","permissionList":["article:list","user:list","user:add","role:update","article:add","role:list","article:update","user:update","role:delete","role:add"],"userId":10001}
2020-05-27 08:48:04.138 INFO  --- [UserRealm.java:39][http-nio-9090-exec-5] - 本用户权限为:[article:list, user:list, user:add, role:update, article:add, role:list, article:update, user:update, role:delete, role:add]
2020-05-27 08:53:03.665 INFO  --- [UserRealm.java:38][http-nio-9090-exec-6] - permission的值为:{"menuList":["role","user","article"],"roleId":1,"nickname":"艾斯","roleName":"管理员","permissionList":["article:list","user:list","user:add","role:update","article:add","role:list","article:update","user:update","role:delete","role:add"],"userId":10001}
2020-05-27 08:53:03.665 INFO  --- [UserRealm.java:39][http-nio-9090-exec-6] - 本用户权限为:[article:list, user:list, user:add, role:update, article:add, role:list, article:update, user:update, role:delete, role:add]
2020-05-27 08:53:03.680 INFO  --- [UserRealm.java:38][http-nio-9090-exec-8] - permission的值为:{"menuList":["role","user","article"],"roleId":1,"nickname":"艾斯","roleName":"管理员","permissionList":["article:list","user:list","user:add","role:update","article:add","role:list","article:update","user:update","role:delete","role:add"],"userId":10001}
2020-05-27 08:53:03.680 INFO  --- [UserRealm.java:39][http-nio-9090-exec-8] - 本用户权限为:[article:list, user:list, user:add, role:update, article:add, role:list, article:update, user:update, role:delete, role:add]
2020-05-27 08:53:03.680 INFO  --- [UserRealm.java:38][http-nio-9090-exec-8] - permission的值为:{"menuList":["role","user","article"],"roleId":1,"nickname":"艾斯","roleName":"管理员","permissionList":["article:list","user:list","user:add","role:update","article:add","role:list","article:update","user:update","role:delete","role:add"],"userId":10001}
2020-05-27 08:53:03.680 INFO  --- [UserRealm.java:39][http-nio-9090-exec-8] - 本用户权限为:[article:list, user:list, user:add, role:update, article:add, role:list, article:update, user:update, role:delete, role:add]
2020-05-27 08:53:07.939 INFO  --- [UserRealm.java:38][http-nio-9090-exec-9] - permission的值为:{"menuList":["role","user","article"],"roleId":1,"nickname":"艾斯","roleName":"管理员","permissionList":["article:list","user:list","user:add","role:update","article:add","role:list","article:update","user:update","role:delete","role:add"],"userId":10001}
2020-05-27 08:53:07.939 INFO  --- [UserRealm.java:39][http-nio-9090-exec-9] - 本用户权限为:[article:list, user:list, user:add, role:update, article:add, role:list, article:update, user:update, role:delete, role:add]
2020-05-27 08:53:07.939 INFO  --- [UserRealm.java:38][http-nio-9090-exec-10] - permission的值为:{"menuList":["role","user","article"],"roleId":1,"nickname":"艾斯","roleName":"管理员","permissionList":["article:list","user:list","user:add","role:update","article:add","role:list","article:update","user:update","role:delete","role:add"],"userId":10001}
2020-05-27 08:53:07.955 INFO  --- [UserRealm.java:39][http-nio-9090-exec-10] - 本用户权限为:[article:list, user:list, user:add, role:update, article:add, role:list, article:update, user:update, role:delete, role:add]
2020-05-27 08:53:10.856 INFO  --- [UserRealm.java:38][http-nio-9090-exec-5] - permission的值为:{"menuList":["role","user","article"],"roleId":1,"nickname":"艾斯","roleName":"管理员","permissionList":["article:list","user:list","user:add","role:update","article:add","role:list","article:update","user:update","role:delete","role:add"],"userId":10001}
2020-05-27 08:53:10.856 INFO  --- [UserRealm.java:39][http-nio-9090-exec-5] - 本用户权限为:[article:list, user:list, user:add, role:update, article:add, role:list, article:update, user:update, role:delete, role:add]
2020-05-27 08:53:10.856 INFO  --- [UserRealm.java:38][http-nio-9090-exec-5] - permission的值为:{"menuList":["role","user","article"],"roleId":1,"nickname":"艾斯","roleName":"管理员","permissionList":["article:list","user:list","user:add","role:update","article:add","role:list","article:update","user:update","role:delete","role:add"],"userId":10001}
2020-05-27 08:53:10.856 INFO  --- [UserRealm.java:39][http-nio-9090-exec-5] - 本用户权限为:[article:list, user:list, user:add, role:update, article:add, role:list, article:update, user:update, role:delete, role:add]
2020-05-27 08:53:24.165 INFO  --- [UserRealm.java:38][http-nio-9090-exec-3] - permission的值为:{"menuList":["role","user","article"],"roleId":1,"nickname":"艾斯","roleName":"管理员","permissionList":["article:list","user:list","user:add","role:update","article:add","role:list","article:update","user:update","role:delete","role:add"],"userId":10001}
2020-05-27 08:53:24.165 INFO  --- [UserRealm.java:39][http-nio-9090-exec-3] - 本用户权限为:[article:list, user:list, user:add, role:update, article:add, role:list, article:update, user:update, role:delete, role:add]
2020-05-27 08:55:34.269 INFO  --- [UserRealm.java:38][http-nio-9090-exec-6] - permission的值为:{"menuList":["role","user","article"],"roleId":1,"nickname":"艾斯","roleName":"管理员","permissionList":["article:list","user:list","user:add","role:update","article:add","role:list","article:update","user:update","role:delete","role:add"],"userId":10001}
2020-05-27 08:55:34.269 INFO  --- [UserRealm.java:39][http-nio-9090-exec-6] - 本用户权限为:[article:list, user:list, user:add, role:update, article:add, role:list, article:update, user:update, role:delete, role:add]
2020-05-27 08:55:34.316 INFO  --- [UserRealm.java:38][http-nio-9090-exec-10] - permission的值为:{"menuList":["role","user","article"],"roleId":1,"nickname":"艾斯","roleName":"管理员","permissionList":["article:list","user:list","user:add","role:update","article:add","role:list","article:update","user:update","role:delete","role:add"],"userId":10001}
2020-05-27 08:55:34.316 INFO  --- [UserRealm.java:39][http-nio-9090-exec-10] - 本用户权限为:[article:list, user:list, user:add, role:update, article:add, role:list, article:update, user:update, role:delete, role:add]
2020-05-27 08:55:34.316 INFO  --- [UserRealm.java:38][http-nio-9090-exec-10] - permission的值为:{"menuList":["role","user","article"],"roleId":1,"nickname":"艾斯","roleName":"管理员","permissionList":["article:list","user:list","user:add","role:update","article:add","role:list","article:update","user:update","role:delete","role:add"],"userId":10001}
2020-05-27 08:55:34.316 INFO  --- [UserRealm.java:39][http-nio-9090-exec-10] - 本用户权限为:[article:list, user:list, user:add, role:update, article:add, role:list, article:update, user:update, role:delete, role:add]
2020-05-27 09:03:03.162 INFO  --- [UserRealm.java:38][http-nio-9090-exec-5] - permission的值为:{"menuList":["role","user","article"],"roleId":1,"nickname":"艾斯","roleName":"管理员","permissionList":["article:list","user:list","user:add","role:update","article:add","role:list","article:update","user:update","role:delete","role:add"],"userId":10001}
2020-05-27 09:03:03.162 INFO  --- [UserRealm.java:39][http-nio-9090-exec-5] - 本用户权限为:[article:list, user:list, user:add, role:update, article:add, role:list, article:update, user:update, role:delete, role:add]
2020-05-27 09:03:03.162 INFO  --- [UserRealm.java:38][http-nio-9090-exec-5] - permission的值为:{"menuList":["role","user","article"],"roleId":1,"nickname":"艾斯","roleName":"管理员","permissionList":["article:list","user:list","user:add","role:update","article:add","role:list","article:update","user:update","role:delete","role:add"],"userId":10001}
2020-05-27 09:03:03.162 INFO  --- [UserRealm.java:39][http-nio-9090-exec-5] - 本用户权限为:[article:list, user:list, user:add, role:update, article:add, role:list, article:update, user:update, role:delete, role:add]
2020-05-27 09:03:03.162 INFO  --- [UserRealm.java:38][http-nio-9090-exec-2] - permission的值为:{"menuList":["role","user","article"],"roleId":1,"nickname":"艾斯","roleName":"管理员","permissionList":["article:list","user:list","user:add","role:update","article:add","role:list","article:update","user:update","role:delete","role:add"],"userId":10001}
2020-05-27 09:03:03.162 INFO  --- [UserRealm.java:39][http-nio-9090-exec-2] - 本用户权限为:[article:list, user:list, user:add, role:update, article:add, role:list, article:update, user:update, role:delete, role:add]
2020-05-27 09:04:44.743 INFO  --- [UserRealm.java:38][http-nio-9090-exec-4] - permission的值为:{"menuList":["role","user","article"],"roleId":1,"nickname":"艾斯","roleName":"管理员","permissionList":["article:list","user:list","user:add","role:update","article:add","role:list","article:update","user:update","role:delete","role:add"],"userId":10001}
2020-05-27 09:04:44.743 INFO  --- [UserRealm.java:39][http-nio-9090-exec-4] - 本用户权限为:[article:list, user:list, user:add, role:update, article:add, role:list, article:update, user:update, role:delete, role:add]
2020-05-27 09:04:44.743 INFO  --- [UserRealm.java:38][http-nio-9090-exec-4] - permission的值为:{"menuList":["role","user","article"],"roleId":1,"nickname":"艾斯","roleName":"管理员","permissionList":["article:list","user:list","user:add","role:update","article:add","role:list","article:update","user:update","role:delete","role:add"],"userId":10001}
2020-05-27 09:04:44.759 INFO  --- [UserRealm.java:39][http-nio-9090-exec-4] - 本用户权限为:[article:list, user:list, user:add, role:update, article:add, role:list, article:update, user:update, role:delete, role:add]
2020-05-27 09:05:19.018 INFO  --- [UserRealm.java:38][http-nio-9090-exec-7] - permission的值为:{"menuList":["role","user","article"],"roleId":1,"nickname":"艾斯","roleName":"管理员","permissionList":["article:list","user:list","user:add","role:update","article:add","role:list","article:update","user:update","role:delete","role:add"],"userId":10001}
2020-05-27 09:05:19.021 INFO  --- [UserRealm.java:39][http-nio-9090-exec-7] - 本用户权限为:[article:list, user:list, user:add, role:update, article:add, role:list, article:update, user:update, role:delete, role:add]
2020-05-27 09:05:24.227 INFO  --- [UserRealm.java:38][http-nio-9090-exec-10] - permission的值为:{"menuList":["role","user","article"],"roleId":1,"nickname":"艾斯","roleName":"管理员","permissionList":["article:list","user:list","user:add","role:update","article:add","role:list","article:update","user:update","role:delete","role:add"],"userId":10001}
2020-05-27 09:05:24.227 INFO  --- [UserRealm.java:39][http-nio-9090-exec-10] - 本用户权限为:[article:list, user:list, user:add, role:update, article:add, role:list, article:update, user:update, role:delete, role:add]
2020-05-27 09:05:24.229 INFO  --- [UserRealm.java:38][http-nio-9090-exec-10] - permission的值为:{"menuList":["role","user","article"],"roleId":1,"nickname":"艾斯","roleName":"管理员","permissionList":["article:list","user:list","user:add","role:update","article:add","role:list","article:update","user:update","role:delete","role:add"],"userId":10001}
2020-05-27 09:05:24.230 INFO  --- [UserRealm.java:39][http-nio-9090-exec-10] - 本用户权限为:[article:list, user:list, user:add, role:update, article:add, role:list, article:update, user:update, role:delete, role:add]
2020-05-27 09:05:52.175 INFO  --- [UserRealm.java:38][http-nio-9090-exec-9] - permission的值为:{"menuList":["role","user","article"],"roleId":1,"nickname":"艾斯","roleName":"管理员","permissionList":["article:list","user:list","user:add","role:update","article:add","role:list","article:update","user:update","role:delete","role:add"],"userId":10001}
2020-05-27 09:05:52.175 INFO  --- [UserRealm.java:39][http-nio-9090-exec-9] - 本用户权限为:[article:list, user:list, user:add, role:update, article:add, role:list, article:update, user:update, role:delete, role:add]
2020-05-27 09:06:36.002 INFO  --- [UserRealm.java:38][http-nio-9090-exec-5] - permission的值为:{"menuList":["role","user","article"],"roleId":1,"nickname":"艾斯","roleName":"管理员","permissionList":["article:list","user:list","user:add","role:update","article:add","role:list","article:update","user:update","role:delete","role:add"],"userId":10001}
2020-05-27 09:06:36.002 INFO  --- [UserRealm.java:38][http-nio-9090-exec-2] - permission的值为:{"menuList":["role","user","article"],"roleId":1,"nickname":"艾斯","roleName":"管理员","permissionList":["article:list","user:list","user:add","role:update","article:add","role:list","article:update","user:update","role:delete","role:add"],"userId":10001}
2020-05-27 09:06:36.002 INFO  --- [UserRealm.java:39][http-nio-9090-exec-5] - 本用户权限为:[article:list, user:list, user:add, role:update, article:add, role:list, article:update, user:update, role:delete, role:add]
2020-05-27 09:06:36.002 INFO  --- [UserRealm.java:39][http-nio-9090-exec-2] - 本用户权限为:[article:list, user:list, user:add, role:update, article:add, role:list, article:update, user:update, role:delete, role:add]
2020-05-27 09:10:32.323 INFO  --- [UserRealm.java:38][http-nio-9090-exec-4] - permission的值为:{"menuList":["role","user","article"],"roleId":1,"nickname":"艾斯","roleName":"管理员","permissionList":["article:list","user:list","user:add","role:update","article:add","role:list","article:update","user:update","role:delete","role:add"],"userId":10001}
2020-05-27 09:10:32.323 INFO  --- [UserRealm.java:39][http-nio-9090-exec-4] - 本用户权限为:[article:list, user:list, user:add, role:update, article:add, role:list, article:update, user:update, role:delete, role:add]
2020-05-27 09:10:32.339 INFO  --- [UserRealm.java:38][http-nio-9090-exec-4] - permission的值为:{"menuList":["role","user","article"],"roleId":1,"nickname":"艾斯","roleName":"管理员","permissionList":["article:list","user:list","user:add","role:update","article:add","role:list","article:update","user:update","role:delete","role:add"],"userId":10001}
2020-05-27 09:10:32.339 INFO  --- [UserRealm.java:39][http-nio-9090-exec-4] - 本用户权限为:[article:list, user:list, user:add, role:update, article:add, role:list, article:update, user:update, role:delete, role:add]
2020-05-27 09:10:51.510 INFO  --- [UserRealm.java:38][http-nio-9090-exec-7] - permission的值为:{"menuList":["role","user","article"],"roleId":1,"nickname":"艾斯","roleName":"管理员","permissionList":["article:list","user:list","user:add","role:update","article:add","role:list","article:update","user:update","role:delete","role:add"],"userId":10001}
2020-05-27 09:10:51.511 INFO  --- [UserRealm.java:39][http-nio-9090-exec-7] - 本用户权限为:[article:list, user:list, user:add, role:update, article:add, role:list, article:update, user:update, role:delete, role:add]
2020-05-27 09:10:58.519 INFO  --- [UserRealm.java:38][http-nio-9090-exec-6] - permission的值为:{"menuList":["role","user","article"],"roleId":1,"nickname":"艾斯","roleName":"管理员","permissionList":["article:list","user:list","user:add","role:update","article:add","role:list","article:update","user:update","role:delete","role:add"],"userId":10001}
2020-05-27 09:10:58.520 INFO  --- [UserRealm.java:39][http-nio-9090-exec-6] - 本用户权限为:[article:list, user:list, user:add, role:update, article:add, role:list, article:update, user:update, role:delete, role:add]
2020-05-27 09:10:58.520 INFO  --- [UserRealm.java:38][http-nio-9090-exec-6] - permission的值为:{"menuList":["role","user","article"],"roleId":1,"nickname":"艾斯","roleName":"管理员","permissionList":["article:list","user:list","user:add","role:update","article:add","role:list","article:update","user:update","role:delete","role:add"],"userId":10001}
2020-05-27 09:10:58.520 INFO  --- [UserRealm.java:39][http-nio-9090-exec-6] - 本用户权限为:[article:list, user:list, user:add, role:update, article:add, role:list, article:update, user:update, role:delete, role:add]
2020-05-27 09:35:36.448 INFO  --- [UserRealm.java:38][http-nio-9090-exec-3] - permission的值为:{"menuList":["role","user","article"],"roleId":2,"nickname":"比利","roleName":"主任","permissionList":["article:list","user:list","user:add","role:update","article:add","role:list","article:update","user:update","role:delete","role:add"],"userId":10002}
2020-05-27 09:35:36.449 INFO  --- [UserRealm.java:39][http-nio-9090-exec-3] - 本用户权限为:[article:list, user:list, user:add, role:update, article:add, role:list, article:update, user:update, role:delete, role:add]
2020-05-27 09:35:42.956 INFO  --- [UserRealm.java:38][http-nio-9090-exec-1] - permission的值为:{"menuList":["role","user","article"],"roleId":2,"nickname":"比利","roleName":"主任","permissionList":["article:list","user:list","user:add","role:update","article:add","role:list","article:update","user:update","role:delete","role:add"],"userId":10002}
2020-05-27 09:35:42.957 INFO  --- [UserRealm.java:39][http-nio-9090-exec-1] - 本用户权限为:[article:list, user:list, user:add, role:update, article:add, role:list, article:update, user:update, role:delete, role:add]
2020-05-27 09:35:42.959 INFO  --- [UserRealm.java:38][http-nio-9090-exec-4] - permission的值为:{"menuList":["role","user","article"],"roleId":2,"nickname":"比利","roleName":"主任","permissionList":["article:list","user:list","user:add","role:update","article:add","role:list","article:update","user:update","role:delete","role:add"],"userId":10002}
2020-05-27 09:35:42.959 INFO  --- [UserRealm.java:39][http-nio-9090-exec-4] - 本用户权限为:[article:list, user:list, user:add, role:update, article:add, role:list, article:update, user:update, role:delete, role:add]
2020-05-27 09:35:56.668 INFO  --- [UserRealm.java:38][http-nio-9090-exec-8] - permission的值为:{"menuList":["role","user","article"],"roleId":1,"nickname":"艾米","roleName":"管理员","permissionList":["article:list","user:list","user:add","role:update","article:add","role:list","article:update","user:update","role:delete","role:add"],"userId":10003}
2020-05-27 09:35:56.668 INFO  --- [UserRealm.java:38][http-nio-9090-exec-9] - permission的值为:{"menuList":["role","user","article"],"roleId":1,"nickname":"艾米","roleName":"管理员","permissionList":["article:list","user:list","user:add","role:update","article:add","role:list","article:update","user:update","role:delete","role:add"],"userId":10003}
2020-05-27 09:35:56.668 INFO  --- [UserRealm.java:39][http-nio-9090-exec-9] - 本用户权限为:[article:list, user:list, user:add, role:update, article:add, role:list, article:update, user:update, role:delete, role:add]
2020-05-27 09:35:56.669 INFO  --- [UserRealm.java:38][http-nio-9090-exec-9] - permission的值为:{"menuList":["role","user","article"],"roleId":1,"nickname":"艾米","roleName":"管理员","permissionList":["article:list","user:list","user:add","role:update","article:add","role:list","article:update","user:update","role:delete","role:add"],"userId":10003}
2020-05-27 09:35:56.669 INFO  --- [UserRealm.java:39][http-nio-9090-exec-9] - 本用户权限为:[article:list, user:list, user:add, role:update, article:add, role:list, article:update, user:update, role:delete, role:add]
2020-05-27 09:35:56.668 INFO  --- [UserRealm.java:39][http-nio-9090-exec-8] - 本用户权限为:[article:list, user:list, user:add, role:update, article:add, role:list, article:update, user:update, role:delete, role:add]
2020-05-27 09:36:00.037 INFO  --- [UserRealm.java:38][http-nio-9090-exec-3] - permission的值为:{"menuList":["role","user","article"],"roleId":1,"nickname":"艾米","roleName":"管理员","permissionList":["article:list","user:list","user:add","role:update","article:add","role:list","article:update","user:update","role:delete","role:add"],"userId":10003}
2020-05-27 09:36:00.037 INFO  --- [UserRealm.java:39][http-nio-9090-exec-3] - 本用户权限为:[article:list, user:list, user:add, role:update, article:add, role:list, article:update, user:update, role:delete, role:add]
2020-05-27 09:36:00.037 INFO  --- [UserRealm.java:38][http-nio-9090-exec-3] - permission的值为:{"menuList":["role","user","article"],"roleId":1,"nickname":"艾米","roleName":"管理员","permissionList":["article:list","user:list","user:add","role:update","article:add","role:list","article:update","user:update","role:delete","role:add"],"userId":10003}
2020-05-27 09:36:00.038 INFO  --- [UserRealm.java:39][http-nio-9090-exec-3] - 本用户权限为:[article:list, user:list, user:add, role:update, article:add, role:list, article:update, user:update, role:delete, role:add]
2020-05-27 09:36:24.488 INFO  --- [UserRealm.java:38][http-nio-9090-exec-8] - permission的值为:{"menuList":["role","user","article"],"roleId":1,"nickname":"艾米","roleName":"管理员","permissionList":["article:list","user:list","user:add","role:update","article:add","role:list","article:update","user:update","role:delete","role:add"],"userId":10003}
2020-05-27 09:36:24.489 INFO  --- [UserRealm.java:39][http-nio-9090-exec-8] - 本用户权限为:[article:list, user:list, user:add, role:update, article:add, role:list, article:update, user:update, role:delete, role:add]
2020-05-27 09:37:02.119 INFO  --- [UserRealm.java:38][http-nio-9090-exec-5] - permission的值为:{"menuList":["role","user","article"],"roleId":1,"nickname":"艾米","roleName":"管理员","permissionList":["article:list","user:list","user:add","role:update","article:add","role:list","article:update","user:update","role:delete","role:add"],"userId":10003}
2020-05-27 09:37:02.120 INFO  --- [UserRealm.java:39][http-nio-9090-exec-5] - 本用户权限为:[article:list, user:list, user:add, role:update, article:add, role:list, article:update, user:update, role:delete, role:add]
2020-05-27 09:37:02.124 INFO  --- [UserRealm.java:38][http-nio-9090-exec-2] - permission的值为:{"menuList":["role","user","article"],"roleId":1,"nickname":"艾米","roleName":"管理员","permissionList":["article:list","user:list","user:add","role:update","article:add","role:list","article:update","user:update","role:delete","role:add"],"userId":10003}
2020-05-27 09:37:02.124 INFO  --- [UserRealm.java:39][http-nio-9090-exec-2] - 本用户权限为:[article:list, user:list, user:add, role:update, article:add, role:list, article:update, user:update, role:delete, role:add]
2020-05-27 09:37:02.124 INFO  --- [UserRealm.java:38][http-nio-9090-exec-2] - permission的值为:{"menuList":["role","user","article"],"roleId":1,"nickname":"艾米","roleName":"管理员","permissionList":["article:list","user:list","user:add","role:update","article:add","role:list","article:update","user:update","role:delete","role:add"],"userId":10003}
2020-05-27 09:37:02.125 INFO  --- [UserRealm.java:39][http-nio-9090-exec-2] - 本用户权限为:[article:list, user:list, user:add, role:update, article:add, role:list, article:update, user:update, role:delete, role:add]
2020-05-27 09:37:32.960 INFO  --- [UserRealm.java:38][http-nio-9090-exec-3] - permission的值为:{"menuList":["role","user","article"],"roleId":1,"nickname":"艾米","roleName":"管理员","permissionList":["article:list","user:list","user:add","role:update","article:add","role:list","article:update","user:update","role:delete","role:add"],"userId":10003}
2020-05-27 09:37:32.960 INFO  --- [UserRealm.java:39][http-nio-9090-exec-3] - 本用户权限为:[article:list, user:list, user:add, role:update, article:add, role:list, article:update, user:update, role:delete, role:add]
2020-05-27 09:37:32.965 INFO  --- [UserRealm.java:38][http-nio-9090-exec-4] - permission的值为:{"menuList":["role","user","article"],"roleId":1,"nickname":"艾米","roleName":"管理员","permissionList":["article:list","user:list","user:add","role:update","article:add","role:list","article:update","user:update","role:delete","role:add"],"userId":10003}
2020-05-27 09:37:32.966 INFO  --- [UserRealm.java:39][http-nio-9090-exec-4] - 本用户权限为:[article:list, user:list, user:add, role:update, article:add, role:list, article:update, user:update, role:delete, role:add]
2020-05-27 09:46:26.976 INFO  --- [UserRealm.java:38][http-nio-9090-exec-1] - permission的值为:{"menuList":["role","user","article"],"roleId":1,"nickname":"艾米","roleName":"管理员","permissionList":["article:list","user:list","user:add","role:update","article:add","role:list","article:update","user:update","role:delete","role:add"],"userId":10003}
2020-05-27 09:46:26.976 INFO  --- [UserRealm.java:39][http-nio-9090-exec-1] - 本用户权限为:[article:list, user:list, user:add, role:update, article:add, role:list, article:update, user:update, role:delete, role:add]
2020-05-27 09:46:26.977 INFO  --- [UserRealm.java:38][http-nio-9090-exec-1] - permission的值为:{"menuList":["role","user","article"],"roleId":1,"nickname":"艾米","roleName":"管理员","permissionList":["article:list","user:list","user:add","role:update","article:add","role:list","article:update","user:update","role:delete","role:add"],"userId":10003}
2020-05-27 09:46:26.977 INFO  --- [UserRealm.java:39][http-nio-9090-exec-1] - 本用户权限为:[article:list, user:list, user:add, role:update, article:add, role:list, article:update, user:update, role:delete, role:add]
2020-05-27 09:49:18.405 INFO  --- [UserRealm.java:38][http-nio-9090-exec-2] - permission的值为:{"menuList":["role","user","article"],"roleId":1,"nickname":"艾米","roleName":"管理员","permissionList":["article:list","user:list","user:add","role:update","article:add","role:list","article:update","user:update","role:delete","role:add"],"userId":10003}
2020-05-27 09:49:18.406 INFO  --- [UserRealm.java:39][http-nio-9090-exec-2] - 本用户权限为:[article:list, user:list, user:add, role:update, article:add, role:list, article:update, user:update, role:delete, role:add]
2020-05-27 09:49:18.408 INFO  --- [UserRealm.java:38][http-nio-9090-exec-2] - permission的值为:{"menuList":["role","user","article"],"roleId":1,"nickname":"艾米","roleName":"管理员","permissionList":["article:list","user:list","user:add","role:update","article:add","role:list","article:update","user:update","role:delete","role:add"],"userId":10003}
2020-05-27 09:49:18.409 INFO  --- [UserRealm.java:39][http-nio-9090-exec-2] - 本用户权限为:[article:list, user:list, user:add, role:update, article:add, role:list, article:update, user:update, role:delete, role:add]
2020-05-27 10:01:23.691 INFO  --- [UserRealm.java:38][http-nio-9090-exec-10] - permission的值为:{"menuList":["role","user","article"],"roleId":1,"nickname":"艾米","roleName":"管理员","permissionList":["article:list","user:list","user:add","role:update","article:add","role:list","article:update","user:update","role:delete","role:add"],"userId":10003}
2020-05-27 10:01:23.692 INFO  --- [UserRealm.java:39][http-nio-9090-exec-10] - 本用户权限为:[article:list, user:list, user:add, role:update, article:add, role:list, article:update, user:update, role:delete, role:add]
2020-05-27 10:54:21.218 INFO  --- [UserRealm.java:38][http-nio-9090-exec-3] - permission的值为:{"menuList":["role","user","article"],"roleId":1,"nickname":"艾斯","roleName":"管理员","permissionList":["article:list","user:list","user:add","role:update","article:add","role:list","article:update","user:update","role:delete","role:add"],"userId":10001}
2020-05-27 10:54:21.219 INFO  --- [UserRealm.java:39][http-nio-9090-exec-3] - 本用户权限为:[article:list, user:list, user:add, role:update, article:add, role:list, article:update, user:update, role:delete, role:add]
2020-05-27 10:56:32.186 INFO  --- [StartupInfoLogger.java:55][restartedMain] - Starting OasystemApplication on Win-1811022255 with PID 7712 (D:\weixin\project\OASystem\target\classes started by Administrator in D:\weixin\project\OASystem)
2020-05-27 10:56:32.192 INFO  --- [SpringApplication.java:651][restartedMain] - No active profile set, falling back to default profiles: default
2020-05-27 10:56:35.625 INFO  --- [StartupInfoLogger.java:61][restartedMain] - Started OasystemApplication in 4.424 seconds (JVM running for 6.304)
2020-05-27 10:58:22.643 INFO  --- [HikariDataSource.java:110][http-nio-9090-exec-2] - HikariPool-1 - Starting...
2020-05-27 10:58:22.645 WARN  --- [DriverDataSource.java:70][http-nio-9090-exec-2] - Registered driver with driverClassName=oracle.jdbc.driver.OracleDriver was not found, trying direct instantiation.
2020-05-27 10:58:22.895 INFO  --- [HikariDataSource.java:123][http-nio-9090-exec-2] - HikariPool-1 - Start completed.
2020-05-27 10:58:30.488 INFO  --- [UserRealm.java:38][http-nio-9090-exec-5] - permission的值为:{"menuList":["role","user","article"],"roleId":1,"nickname":"艾斯","roleName":"管理员","permissionList":["article:list","user:list","user:add","role:update","article:add","role:list","article:update","user:update","role:delete","role:add"],"userId":10001}
2020-05-27 10:58:30.488 INFO  --- [UserRealm.java:39][http-nio-9090-exec-5] - 本用户权限为:[article:list, user:list, user:add, role:update, article:add, role:list, article:update, user:update, role:delete, role:add]
2020-05-27 10:58:30.490 INFO  --- [UserRealm.java:38][http-nio-9090-exec-6] - permission的值为:{"menuList":["role","user","article"],"roleId":1,"nickname":"艾斯","roleName":"管理员","permissionList":["article:list","user:list","user:add","role:update","article:add","role:list","article:update","user:update","role:delete","role:add"],"userId":10001}
2020-05-27 10:58:30.493 INFO  --- [UserRealm.java:39][http-nio-9090-exec-6] - 本用户权限为:[article:list, user:list, user:add, role:update, article:add, role:list, article:update, user:update, role:delete, role:add]
2020-05-27 10:59:30.288 INFO  --- [UserRealm.java:38][http-nio-9090-exec-4] - permission的值为:{"menuList":["role","user","article"],"roleId":1,"nickname":"艾斯","roleName":"管理员","permissionList":["article:list","user:list","user:add","role:update","article:add","role:list","article:update","user:update","role:delete","role:add"],"userId":10001}
2020-05-27 10:59:30.289 INFO  --- [UserRealm.java:39][http-nio-9090-exec-4] - 本用户权限为:[article:list, user:list, user:add, role:update, article:add, role:list, article:update, user:update, role:delete, role:add]
2020-05-27 10:59:30.290 INFO  --- [UserRealm.java:38][http-nio-9090-exec-7] - permission的值为:{"menuList":["role","user","article"],"roleId":1,"nickname":"艾斯","roleName":"管理员","permissionList":["article:list","user:list","user:add","role:update","article:add","role:list","article:update","user:update","role:delete","role:add"],"userId":10001}
2020-05-27 10:59:30.290 INFO  --- [UserRealm.java:39][http-nio-9090-exec-7] - 本用户权限为:[article:list, user:list, user:add, role:update, article:add, role:list, article:update, user:update, role:delete, role:add]
2020-05-27 10:59:38.633 INFO  --- [UserRealm.java:38][http-nio-9090-exec-8] - permission的值为:{"menuList":["role","user","article"],"roleId":1,"nickname":"艾斯","roleName":"管理员","permissionList":["article:list","user:list","user:add","role:update","article:add","role:list","article:update","user:update","role:delete","role:add"],"userId":10001}
2020-05-27 10:59:38.634 INFO  --- [UserRealm.java:39][http-nio-9090-exec-8] - 本用户权限为:[article:list, user:list, user:add, role:update, article:add, role:list, article:update, user:update, role:delete, role:add]
2020-05-27 10:59:38.647 INFO  --- [UserRealm.java:38][http-nio-9090-exec-10] - permission的值为:{"menuList":["role","user","article"],"roleId":1,"nickname":"艾斯","roleName":"管理员","permissionList":["article:list","user:list","user:add","role:update","article:add","role:list","article:update","user:update","role:delete","role:add"],"userId":10001}
2020-05-27 10:59:38.647 INFO  --- [UserRealm.java:39][http-nio-9090-exec-10] - 本用户权限为:[article:list, user:list, user:add, role:update, article:add, role:list, article:update, user:update, role:delete, role:add]
2020-05-27 11:50:06.070 INFO  --- [UserRealm.java:38][http-nio-9090-exec-6] - permission的值为:{"menuList":["role","user","article"],"roleId":1,"nickname":"艾斯","roleName":"管理员","permissionList":["article:list","user:list","user:add","role:update","article:add","role:list","article:update","user:update","role:delete","role:add"],"userId":10001}
2020-05-27 11:50:06.071 INFO  --- [UserRealm.java:39][http-nio-9090-exec-6] - 本用户权限为:[article:list, user:list, user:add, role:update, article:add, role:list, article:update, user:update, role:delete, role:add]
2020-05-27 11:50:06.075 INFO  --- [UserRealm.java:38][http-nio-9090-exec-7] - permission的值为:{"menuList":["role","user","article"],"roleId":1,"nickname":"艾斯","roleName":"管理员","permissionList":["article:list","user:list","user:add","role:update","article:add","role:list","article:update","user:update","role:delete","role:add"],"userId":10001}
2020-05-27 11:50:06.076 INFO  --- [UserRealm.java:39][http-nio-9090-exec-7] - 本用户权限为:[article:list, user:list, user:add, role:update, article:add, role:list, article:update, user:update, role:delete, role:add]
2020-05-27 11:52:48.200 INFO  --- [UserRealm.java:38][http-nio-9090-exec-9] - permission的值为:{"menuList":["role","user","article"],"roleId":1,"nickname":"艾斯","roleName":"管理员","permissionList":["article:list","user:list","user:add","role:update","article:add","role:list","article:update","user:update","role:delete","role:add"],"userId":10001}
2020-05-27 11:52:48.201 INFO  --- [UserRealm.java:39][http-nio-9090-exec-9] - 本用户权限为:[article:list, user:list, user:add, role:update, article:add, role:list, article:update, user:update, role:delete, role:add]
2020-05-27 11:52:48.202 INFO  --- [UserRealm.java:38][http-nio-9090-exec-4] - permission的值为:{"menuList":["role","user","article"],"roleId":1,"nickname":"艾斯","roleName":"管理员","permissionList":["article:list","user:list","user:add","role:update","article:add","role:list","article:update","user:update","role:delete","role:add"],"userId":10001}
2020-05-27 11:52:48.202 INFO  --- [UserRealm.java:39][http-nio-9090-exec-4] - 本用户权限为:[article:list, user:list, user:add, role:update, article:add, role:list, article:update, user:update, role:delete, role:add]
2020-05-27 11:52:56.724 INFO  --- [UserRealm.java:38][http-nio-9090-exec-1] - permission的值为:{"menuList":["role","user","article"],"roleId":1,"nickname":"艾斯","roleName":"管理员","permissionList":["article:list","user:list","user:add","role:update","article:add","role:list","article:update","user:update","role:delete","role:add"],"userId":10001}
2020-05-27 11:52:56.725 INFO  --- [UserRealm.java:39][http-nio-9090-exec-1] - 本用户权限为:[article:list, user:list, user:add, role:update, article:add, role:list, article:update, user:update, role:delete, role:add]
2020-05-27 11:52:56.725 INFO  --- [UserRealm.java:38][http-nio-9090-exec-10] - permission的值为:{"menuList":["role","user","article"],"roleId":1,"nickname":"艾斯","roleName":"管理员","permissionList":["article:list","user:list","user:add","role:update","article:add","role:list","article:update","user:update","role:delete","role:add"],"userId":10001}
2020-05-27 11:52:56.727 INFO  --- [UserRealm.java:39][http-nio-9090-exec-10] - 本用户权限为:[article:list, user:list, user:add, role:update, article:add, role:list, article:update, user:update, role:delete, role:add]
2020-05-27 11:57:04.493 INFO  --- [UserRealm.java:38][http-nio-9090-exec-2] - permission的值为:{"menuList":["role","user","article"],"roleId":1,"nickname":"艾斯","roleName":"管理员","permissionList":["article:list","user:list","user:add","role:update","article:add","role:list","article:update","user:update","role:delete","role:add"],"userId":10001}
2020-05-27 11:57:04.493 INFO  --- [UserRealm.java:39][http-nio-9090-exec-2] - 本用户权限为:[article:list, user:list, user:add, role:update, article:add, role:list, article:update, user:update, role:delete, role:add]
2020-05-27 11:57:04.502 INFO  --- [UserRealm.java:38][http-nio-9090-exec-3] - permission的值为:{"menuList":["role","user","article"],"roleId":1,"nickname":"艾斯","roleName":"管理员","permissionList":["article:list","user:list","user:add","role:update","article:add","role:list","article:update","user:update","role:delete","role:add"],"userId":10001}
2020-05-27 11:57:04.502 INFO  --- [UserRealm.java:39][http-nio-9090-exec-3] - 本用户权限为:[article:list, user:list, user:add, role:update, article:add, role:list, article:update, user:update, role:delete, role:add]
2020-05-27 11:57:10.695 INFO  --- [UserRealm.java:38][http-nio-9090-exec-7] - permission的值为:{"menuList":["role","user","article"],"roleId":1,"nickname":"艾斯","roleName":"管理员","permissionList":["article:list","user:list","user:add","role:update","article:add","role:list","article:update","user:update","role:delete","role:add"],"userId":10001}
2020-05-27 11:57:10.696 INFO  --- [UserRealm.java:39][http-nio-9090-exec-7] - 本用户权限为:[article:list, user:list, user:add, role:update, article:add, role:list, article:update, user:update, role:delete, role:add]
2020-05-27 11:57:10.703 INFO  --- [UserRealm.java:38][http-nio-9090-exec-6] - permission的值为:{"menuList":["role","user","article"],"roleId":1,"nickname":"艾斯","roleName":"管理员","permissionList":["article:list","user:list","user:add","role:update","article:add","role:list","article:update","user:update","role:delete","role:add"],"userId":10001}
2020-05-27 11:57:10.708 INFO  --- [UserRealm.java:39][http-nio-9090-exec-6] - 本用户权限为:[article:list, user:list, user:add, role:update, article:add, role:list, article:update, user:update, role:delete, role:add]
2020-05-27 11:57:29.798 INFO  --- [UserRealm.java:38][http-nio-9090-exec-9] - permission的值为:{"menuList":["role","user","article"],"roleId":1,"nickname":"艾斯","roleName":"管理员","permissionList":["article:list","user:list","user:add","role:update","article:add","role:list","article:update","user:update","role:delete","role:add"],"userId":10001}
2020-05-27 11:57:29.799 INFO  --- [UserRealm.java:39][http-nio-9090-exec-9] - 本用户权限为:[article:list, user:list, user:add, role:update, article:add, role:list, article:update, user:update, role:delete, role:add]
2020-05-27 11:57:29.800 INFO  --- [UserRealm.java:38][http-nio-9090-exec-4] - permission的值为:{"menuList":["role","user","article"],"roleId":1,"nickname":"艾斯","roleName":"管理员","permissionList":["article:list","user:list","user:add","role:update","article:add","role:list","article:update","user:update","role:delete","role:add"],"userId":10001}
2020-05-27 11:57:29.801 INFO  --- [UserRealm.java:39][http-nio-9090-exec-4] - 本用户权限为:[article:list, user:list, user:add, role:update, article:add, role:list, article:update, user:update, role:delete, role:add]
2020-05-27 11:57:37.071 INFO  --- [UserRealm.java:38][http-nio-9090-exec-1] - permission的值为:{"menuList":["role","user","article"],"roleId":1,"nickname":"艾斯","roleName":"管理员","permissionList":["article:list","user:list","user:add","role:update","article:add","role:list","article:update","user:update","role:delete","role:add"],"userId":10001}
2020-05-27 11:57:37.072 INFO  --- [UserRealm.java:39][http-nio-9090-exec-1] - 本用户权限为:[article:list, user:list, user:add, role:update, article:add, role:list, article:update, user:update, role:delete, role:add]
2020-05-27 11:57:37.083 INFO  --- [UserRealm.java:38][http-nio-9090-exec-10] - permission的值为:{"menuList":["role","user","article"],"roleId":1,"nickname":"艾斯","roleName":"管理员","permissionList":["article:list","user:list","user:add","role:update","article:add","role:list","article:update","user:update","role:delete","role:add"],"userId":10001}
2020-05-27 11:57:37.084 INFO  --- [UserRealm.java:39][http-nio-9090-exec-10] - 本用户权限为:[article:list, user:list, user:add, role:update, article:add, role:list, article:update, user:update, role:delete, role:add]
2020-05-27 11:58:21.903 INFO  --- [UserRealm.java:38][http-nio-9090-exec-2] - permission的值为:{"menuList":["role","user","article"],"roleId":1,"nickname":"艾斯","roleName":"管理员","permissionList":["article:list","user:list","user:add","role:update","article:add","role:list","article:update","user:update","role:delete","role:add"],"userId":10001}
2020-05-27 11:58:21.904 INFO  --- [UserRealm.java:39][http-nio-9090-exec-2] - 本用户权限为:[article:list, user:list, user:add, role:update, article:add, role:list, article:update, user:update, role:delete, role:add]
2020-05-27 11:58:21.912 WARN  --- [AbstractHandlerExceptionResolver.java:199][http-nio-9090-exec-2] - Resolved [com.julong.oasystem.config.exception.CommonJsonException]
2020-05-27 11:58:26.857 INFO  --- [UserRealm.java:38][http-nio-9090-exec-3] - permission的值为:{"menuList":["role","user","article"],"roleId":1,"nickname":"艾斯","roleName":"管理员","permissionList":["article:list","user:list","user:add","role:update","article:add","role:list","article:update","user:update","role:delete","role:add"],"userId":10001}
2020-05-27 11:58:26.858 INFO  --- [UserRealm.java:39][http-nio-9090-exec-3] - 本用户权限为:[article:list, user:list, user:add, role:update, article:add, role:list, article:update, user:update, role:delete, role:add]
2020-05-27 11:58:26.862 WARN  --- [AbstractHandlerExceptionResolver.java:199][http-nio-9090-exec-3] - Resolved [com.julong.oasystem.config.exception.CommonJsonException]
2020-05-27 11:58:31.927 INFO  --- [UserRealm.java:38][http-nio-9090-exec-5] - permission的值为:{"menuList":["role","user","article"],"roleId":1,"nickname":"艾斯","roleName":"管理员","permissionList":["article:list","user:list","user:add","role:update","article:add","role:list","article:update","user:update","role:delete","role:add"],"userId":10001}
2020-05-27 11:58:31.928 INFO  --- [UserRealm.java:39][http-nio-9090-exec-5] - 本用户权限为:[article:list, user:list, user:add, role:update, article:add, role:list, article:update, user:update, role:delete, role:add]
2020-05-27 11:58:32.030 INFO  --- [UserRealm.java:38][http-nio-9090-exec-7] - permission的值为:{"menuList":["role","user","article"],"roleId":1,"nickname":"艾斯","roleName":"管理员","permissionList":["article:list","user:list","user:add","role:update","article:add","role:list","article:update","user:update","role:delete","role:add"],"userId":10001}
2020-05-27 11:58:32.030 INFO  --- [UserRealm.java:39][http-nio-9090-exec-7] - 本用户权限为:[article:list, user:list, user:add, role:update, article:add, role:list, article:update, user:update, role:delete, role:add]
2020-05-27 11:59:09.750 INFO  --- [UserRealm.java:38][http-nio-9090-exec-9] - permission的值为:{"menuList":["role","user","article"],"roleId":1,"nickname":"艾斯","roleName":"管理员","permissionList":["article:list","user:list","user:add","role:update","article:add","role:list","article:update","user:update","role:delete","role:add"],"userId":10001}
2020-05-27 11:59:09.751 INFO  --- [UserRealm.java:39][http-nio-9090-exec-9] - 本用户权限为:[article:list, user:list, user:add, role:update, article:add, role:list, article:update, user:update, role:delete, role:add]
2020-05-27 11:59:09.756 INFO  --- [UserRealm.java:38][http-nio-9090-exec-4] - permission的值为:{"menuList":["role","user","article"],"roleId":1,"nickname":"艾斯","roleName":"管理员","permissionList":["article:list","user:list","user:add","role:update","article:add","role:list","article:update","user:update","role:delete","role:add"],"userId":10001}
2020-05-27 11:59:09.757 INFO  --- [UserRealm.java:39][http-nio-9090-exec-4] - 本用户权限为:[article:list, user:list, user:add, role:update, article:add, role:list, article:update, user:update, role:delete, role:add]
2020-05-27 14:00:25.899 INFO  --- [UserRealm.java:38][http-nio-9090-exec-5] - permission的值为:{"menuList":["role","user","article"],"roleId":1,"nickname":"艾斯","roleName":"管理员","permissionList":["article:list","user:list","user:add","role:update","article:add","role:list","article:update","user:update","role:delete","role:add"],"userId":10001}
2020-05-27 14:00:25.899 INFO  --- [UserRealm.java:39][http-nio-9090-exec-5] - 本用户权限为:[article:list, user:list, user:add, role:update, article:add, role:list, article:update, user:update, role:delete, role:add]
2020-05-27 14:00:25.901 INFO  --- [UserRealm.java:38][http-nio-9090-exec-3] - permission的值为:{"menuList":["role","user","article"],"roleId":1,"nickname":"艾斯","roleName":"管理员","permissionList":["article:list","user:list","user:add","role:update","article:add","role:list","article:update","user:update","role:delete","role:add"],"userId":10001}
2020-05-27 14:00:25.901 INFO  --- [UserRealm.java:39][http-nio-9090-exec-3] - 本用户权限为:[article:list, user:list, user:add, role:update, article:add, role:list, article:update, user:update, role:delete, role:add]
2020-05-27 14:01:00.121 INFO  --- [UserRealm.java:38][http-nio-9090-exec-7] - permission的值为:{"menuList":["role","user","article"],"roleId":1,"nickname":"艾斯","roleName":"管理员","permissionList":["article:list","user:list","user:add","role:update","article:add","role:list","article:update","user:update","role:delete","role:add"],"userId":10001}
2020-05-27 14:01:00.122 INFO  --- [UserRealm.java:39][http-nio-9090-exec-7] - 本用户权限为:[article:list, user:list, user:add, role:update, article:add, role:list, article:update, user:update, role:delete, role:add]
2020-05-27 14:01:00.126 WARN  --- [AbstractHandlerExceptionResolver.java:199][http-nio-9090-exec-7] - Resolved [com.julong.oasystem.config.exception.CommonJsonException]
2020-05-27 14:01:03.791 INFO  --- [UserRealm.java:38][http-nio-9090-exec-6] - permission的值为:{"menuList":["role","user","article"],"roleId":1,"nickname":"艾斯","roleName":"管理员","permissionList":["article:list","user:list","user:add","role:update","article:add","role:list","article:update","user:update","role:delete","role:add"],"userId":10001}
2020-05-27 14:01:03.792 INFO  --- [UserRealm.java:39][http-nio-9090-exec-6] - 本用户权限为:[article:list, user:list, user:add, role:update, article:add, role:list, article:update, user:update, role:delete, role:add]
2020-05-27 14:01:03.835 INFO  --- [UserRealm.java:38][http-nio-9090-exec-9] - permission的值为:{"menuList":["role","user","article"],"roleId":1,"nickname":"艾斯","roleName":"管理员","permissionList":["article:list","user:list","user:add","role:update","article:add","role:list","article:update","user:update","role:delete","role:add"],"userId":10001}
2020-05-27 14:01:03.836 INFO  --- [UserRealm.java:39][http-nio-9090-exec-9] - 本用户权限为:[article:list, user:list, user:add, role:update, article:add, role:list, article:update, user:update, role:delete, role:add]
2020-05-27 14:02:18.144 INFO  --- [UserRealm.java:38][http-nio-9090-exec-8] - permission的值为:{"menuList":["role","user","article"],"roleId":1,"nickname":"艾斯","roleName":"管理员","permissionList":["article:list","user:list","user:add","role:update","article:add","role:list","article:update","user:update","role:delete","role:add"],"userId":10001}
2020-05-27 14:02:18.144 INFO  --- [UserRealm.java:39][http-nio-9090-exec-8] - 本用户权限为:[article:list, user:list, user:add, role:update, article:add, role:list, article:update, user:update, role:delete, role:add]
2020-05-27 14:02:18.151 INFO  --- [UserRealm.java:38][http-nio-9090-exec-1] - permission的值为:{"menuList":["role","user","article"],"roleId":1,"nickname":"艾斯","roleName":"管理员","permissionList":["article:list","user:list","user:add","role:update","article:add","role:list","article:update","user:update","role:delete","role:add"],"userId":10001}
2020-05-27 14:02:18.152 INFO  --- [UserRealm.java:39][http-nio-9090-exec-1] - 本用户权限为:[article:list, user:list, user:add, role:update, article:add, role:list, article:update, user:update, role:delete, role:add]
2020-05-27 14:02:18.152 INFO  --- [UserRealm.java:38][http-nio-9090-exec-1] - permission的值为:{"menuList":["role","user","article"],"roleId":1,"nickname":"艾斯","roleName":"管理员","permissionList":["article:list","user:list","user:add","role:update","article:add","role:list","article:update","user:update","role:delete","role:add"],"userId":10001}
2020-05-27 14:02:18.152 INFO  --- [UserRealm.java:39][http-nio-9090-exec-1] - 本用户权限为:[article:list, user:list, user:add, role:update, article:add, role:list, article:update, user:update, role:delete, role:add]
2020-05-27 14:02:21.105 INFO  --- [UserRealm.java:38][http-nio-9090-exec-10] - permission的值为:{"menuList":["role","user","article"],"roleId":1,"nickname":"艾斯","roleName":"管理员","permissionList":["article:list","user:list","user:add","role:update","article:add","role:list","article:update","user:update","role:delete","role:add"],"userId":10001}
2020-05-27 14:02:21.107 INFO  --- [UserRealm.java:39][http-nio-9090-exec-10] - 本用户权限为:[article:list, user:list, user:add, role:update, article:add, role:list, article:update, user:update, role:delete, role:add]
2020-05-27 14:02:21.106 INFO  --- [UserRealm.java:38][http-nio-9090-exec-2] - permission的值为:{"menuList":["role","user","article"],"roleId":1,"nickname":"艾斯","roleName":"管理员","permissionList":["article:list","user:list","user:add","role:update","article:add","role:list","article:update","user:update","role:delete","role:add"],"userId":10001}
2020-05-27 14:02:21.107 INFO  --- [UserRealm.java:39][http-nio-9090-exec-2] - 本用户权限为:[article:list, user:list, user:add, role:update, article:add, role:list, article:update, user:update, role:delete, role:add]
2020-05-27 14:02:26.937 INFO  --- [UserRealm.java:38][http-nio-9090-exec-7] - permission的值为:{"menuList":["role","user","article"],"roleId":1,"nickname":"艾斯","roleName":"管理员","permissionList":["article:list","user:list","user:add","role:update","article:add","role:list","article:update","user:update","role:delete","role:add"],"userId":10001}
2020-05-27 14:02:26.938 INFO  --- [UserRealm.java:39][http-nio-9090-exec-7] - 本用户权限为:[article:list, user:list, user:add, role:update, article:add, role:list, article:update, user:update, role:delete, role:add]
2020-05-27 14:02:43.080 INFO  --- [UserRealm.java:38][http-nio-9090-exec-1] - permission的值为:{"menuList":["role","user","article"],"roleId":1,"nickname":"艾斯","roleName":"管理员","permissionList":["article:list","user:list","user:add","role:update","article:add","role:list","article:update","user:update","role:delete","role:add"],"userId":10001}
2020-05-27 14:02:43.080 INFO  --- [UserRealm.java:39][http-nio-9090-exec-1] - 本用户权限为:[article:list, user:list, user:add, role:update, article:add, role:list, article:update, user:update, role:delete, role:add]
2020-05-27 14:02:43.084 INFO  --- [UserRealm.java:38][http-nio-9090-exec-8] - permission的值为:{"menuList":["role","user","article"],"roleId":1,"nickname":"艾斯","roleName":"管理员","permissionList":["article:list","user:list","user:add","role:update","article:add","role:list","article:update","user:update","role:delete","role:add"],"userId":10001}
2020-05-27 14:02:43.085 INFO  --- [UserRealm.java:39][http-nio-9090-exec-8] - 本用户权限为:[article:list, user:list, user:add, role:update, article:add, role:list, article:update, user:update, role:delete, role:add]
2020-05-27 14:03:37.682 INFO  --- [UserRealm.java:38][http-nio-9090-exec-2] - permission的值为:{"menuList":["role","user","article"],"roleId":1,"nickname":"艾斯","roleName":"管理员","permissionList":["article:list","user:list","user:add","role:update","article:add","role:list","article:update","user:update","role:delete","role:add"],"userId":10001}
2020-05-27 14:03:37.683 INFO  --- [UserRealm.java:39][http-nio-9090-exec-2] - 本用户权限为:[article:list, user:list, user:add, role:update, article:add, role:list, article:update, user:update, role:delete, role:add]
2020-05-27 14:03:37.687 INFO  --- [UserRealm.java:38][http-nio-9090-exec-10] - permission的值为:{"menuList":["role","user","article"],"roleId":1,"nickname":"艾斯","roleName":"管理员","permissionList":["article:list","user:list","user:add","role:update","article:add","role:list","article:update","user:update","role:delete","role:add"],"userId":10001}
2020-05-27 14:03:37.687 INFO  --- [UserRealm.java:39][http-nio-9090-exec-10] - 本用户权限为:[article:list, user:list, user:add, role:update, article:add, role:list, article:update, user:update, role:delete, role:add]
2020-05-27 14:08:58.205 INFO  --- [UserRealm.java:38][http-nio-9090-exec-5] - permission的值为:{"menuList":["role","user","article"],"roleId":1,"nickname":"艾斯","roleName":"管理员","permissionList":["article:list","user:list","user:add","role:update","article:add","role:list","article:update","user:update","role:delete","role:add"],"userId":10001}
2020-05-27 14:08:58.205 INFO  --- [UserRealm.java:39][http-nio-9090-exec-5] - 本用户权限为:[article:list, user:list, user:add, role:update, article:add, role:list, article:update, user:update, role:delete, role:add]
2020-05-27 14:08:58.215 INFO  --- [UserRealm.java:38][http-nio-9090-exec-7] - permission的值为:{"menuList":["role","user","article"],"roleId":1,"nickname":"艾斯","roleName":"管理员","permissionList":["article:list","user:list","user:add","role:update","article:add","role:list","article:update","user:update","role:delete","role:add"],"userId":10001}
2020-05-27 14:08:58.216 INFO  --- [UserRealm.java:39][http-nio-9090-exec-7] - 本用户权限为:[article:list, user:list, user:add, role:update, article:add, role:list, article:update, user:update, role:delete, role:add]
2020-05-27 14:09:06.352 INFO  --- [UserRealm.java:38][http-nio-9090-exec-6] - permission的值为:{"menuList":["role","user","article"],"roleId":1,"nickname":"艾斯","roleName":"管理员","permissionList":["article:list","user:list","user:add","role:update","article:add","role:list","article:update","user:update","role:delete","role:add"],"userId":10001}
2020-05-27 14:09:06.352 INFO  --- [UserRealm.java:39][http-nio-9090-exec-6] - 本用户权限为:[article:list, user:list, user:add, role:update, article:add, role:list, article:update, user:update, role:delete, role:add]
2020-05-27 14:09:06.360 INFO  --- [UserRealm.java:38][http-nio-9090-exec-9] - permission的值为:{"menuList":["role","user","article"],"roleId":1,"nickname":"艾斯","roleName":"管理员","permissionList":["article:list","user:list","user:add","role:update","article:add","role:list","article:update","user:update","role:delete","role:add"],"userId":10001}
2020-05-27 14:09:06.360 INFO  --- [UserRealm.java:39][http-nio-9090-exec-9] - 本用户权限为:[article:list, user:list, user:add, role:update, article:add, role:list, article:update, user:update, role:delete, role:add]
2020-05-27 14:40:26.800 INFO  --- [StartupInfoLogger.java:55][restartedMain] - Starting OasystemApplication on Win-1811022255 with PID 8372 (D:\weixin\project\OASystem\target\classes started by Administrator in D:\weixin\project\OASystem)
2020-05-27 14:40:26.806 INFO  --- [SpringApplication.java:651][restartedMain] - No active profile set, falling back to default profiles: default
2020-05-27 14:40:30.429 INFO  --- [StartupInfoLogger.java:61][restartedMain] - Started OasystemApplication in 4.36 seconds (JVM running for 6.008)
2020-05-27 14:41:11.161 INFO  --- [HikariDataSource.java:110][http-nio-9090-exec-3] - HikariPool-1 - Starting...
2020-05-27 14:41:11.164 WARN  --- [DriverDataSource.java:70][http-nio-9090-exec-3] - Registered driver with driverClassName=oracle.jdbc.driver.OracleDriver was not found, trying direct instantiation.
2020-05-27 14:41:11.364 INFO  --- [HikariDataSource.java:123][http-nio-9090-exec-3] - HikariPool-1 - Start completed.
2020-05-27 14:41:14.733 INFO  --- [UserRealm.java:38][http-nio-9090-exec-5] - permission的值为:{"menuList":["role","user","article"],"roleId":1,"nickname":"艾斯","roleName":"管理员","permissionList":["article:list","user:list","user:add","role:update","article:add","role:list","article:update","user:update","role:delete","role:add"],"userId":10001}
2020-05-27 14:41:14.734 INFO  --- [UserRealm.java:39][http-nio-9090-exec-5] - 本用户权限为:[article:list, user:list, user:add, role:update, article:add, role:list, article:update, user:update, role:delete, role:add]
2020-05-27 14:41:14.745 INFO  --- [UserRealm.java:38][http-nio-9090-exec-6] - permission的值为:{"menuList":["role","user","article"],"roleId":1,"nickname":"艾斯","roleName":"管理员","permissionList":["article:list","user:list","user:add","role:update","article:add","role:list","article:update","user:update","role:delete","role:add"],"userId":10001}
2020-05-27 14:41:14.750 INFO  --- [UserRealm.java:39][http-nio-9090-exec-6] - 本用户权限为:[article:list, user:list, user:add, role:update, article:add, role:list, article:update, user:update, role:delete, role:add]
2020-05-27 14:43:05.121 INFO  --- [UserRealm.java:38][http-nio-9090-exec-9] - permission的值为:{"menuList":["role","user","article"],"roleId":1,"nickname":"艾斯","roleName":"管理员","permissionList":["article:list","user:list","user:add","role:update","article:add","role:list","article:update","user:update","role:delete","role:add"],"userId":10001}
2020-05-27 14:43:05.122 INFO  --- [UserRealm.java:38][http-nio-9090-exec-10] - permission的值为:{"menuList":["role","user","article"],"roleId":1,"nickname":"艾斯","roleName":"管理员","permissionList":["article:list","user:list","user:add","role:update","article:add","role:list","article:update","user:update","role:delete","role:add"],"userId":10001}
2020-05-27 14:43:05.122 INFO  --- [UserRealm.java:39][http-nio-9090-exec-10] - 本用户权限为:[article:list, user:list, user:add, role:update, article:add, role:list, article:update, user:update, role:delete, role:add]
2020-05-27 14:43:05.122 INFO  --- [UserRealm.java:39][http-nio-9090-exec-9] - 本用户权限为:[article:list, user:list, user:add, role:update, article:add, role:list, article:update, user:update, role:delete, role:add]
2020-05-27 14:43:17.193 INFO  --- [UserRealm.java:38][http-nio-9090-exec-1] - permission的值为:{"menuList":["role","user","article"],"roleId":1,"nickname":"艾斯","roleName":"管理员","permissionList":["article:list","user:list","user:add","role:update","article:add","role:list","article:update","user:update","role:delete","role:add"],"userId":10001}
2020-05-27 14:43:17.194 INFO  --- [UserRealm.java:39][http-nio-9090-exec-1] - 本用户权限为:[article:list, user:list, user:add, role:update, article:add, role:list, article:update, user:update, role:delete, role:add]
2020-05-27 14:43:17.208 INFO  --- [UserRealm.java:38][http-nio-9090-exec-3] - permission的值为:{"menuList":["role","user","article"],"roleId":1,"nickname":"艾斯","roleName":"管理员","permissionList":["article:list","user:list","user:add","role:update","article:add","role:list","article:update","user:update","role:delete","role:add"],"userId":10001}
2020-05-27 14:43:17.209 INFO  --- [UserRealm.java:39][http-nio-9090-exec-3] - 本用户权限为:[article:list, user:list, user:add, role:update, article:add, role:list, article:update, user:update, role:delete, role:add]
2020-05-27 14:44:13.748 INFO  --- [StartupInfoLogger.java:55][restartedMain] - Starting OasystemApplication on Win-1811022255 with PID 5332 (D:\weixin\project\OASystem\target\classes started by Administrator in D:\weixin\project\OASystem)
2020-05-27 14:44:13.754 INFO  --- [SpringApplication.java:651][restartedMain] - No active profile set, falling back to default profiles: default
2020-05-27 14:44:16.822 INFO  --- [StartupInfoLogger.java:61][restartedMain] - Started OasystemApplication in 4.554 seconds (JVM running for 6.264)
2020-05-27 14:54:36.739 INFO  --- [HikariDataSource.java:110][http-nio-9090-exec-3] - HikariPool-1 - Starting...
2020-05-27 14:54:36.742 WARN  --- [DriverDataSource.java:70][http-nio-9090-exec-3] - Registered driver with driverClassName=oracle.jdbc.driver.OracleDriver was not found, trying direct instantiation.
2020-05-27 14:54:36.949 INFO  --- [HikariDataSource.java:123][http-nio-9090-exec-3] - HikariPool-1 - Start completed.
2020-05-27 14:54:41.321 INFO  --- [UserRealm.java:38][http-nio-9090-exec-6] - permission的值为:{"menuList":["role","user","article"],"roleId":1,"nickname":"艾斯","roleName":"管理员","permissionList":["article:list","user:list","user:add","role:update","article:add","role:list","article:update","user:update","role:delete","role:add"],"userId":10001}
2020-05-27 14:54:41.321 INFO  --- [UserRealm.java:39][http-nio-9090-exec-6] - 本用户权限为:[article:list, user:list, user:add, role:update, article:add, role:list, article:update, user:update, role:delete, role:add]
2020-05-27 14:54:41.321 INFO  --- [UserRealm.java:38][http-nio-9090-exec-5] - permission的值为:{"menuList":["role","user","article"],"roleId":1,"nickname":"艾斯","roleName":"管理员","permissionList":["article:list","user:list","user:add","role:update","article:add","role:list","article:update","user:update","role:delete","role:add"],"userId":10001}
2020-05-27 14:54:41.325 INFO  --- [UserRealm.java:39][http-nio-9090-exec-5] - 本用户权限为:[article:list, user:list, user:add, role:update, article:add, role:list, article:update, user:update, role:delete, role:add]
2020-05-27 15:07:01.179 INFO  --- [UserRealm.java:38][http-nio-9090-exec-10] - permission的值为:{"menuList":["role","user","article"],"roleId":1,"nickname":"艾斯","roleName":"管理员","permissionList":["article:list","user:list","user:add","role:update","article:add","role:list","article:update","user:update","role:delete","role:add"],"userId":10001}
2020-05-27 15:07:01.179 INFO  --- [UserRealm.java:39][http-nio-9090-exec-10] - 本用户权限为:[article:list, user:list, user:add, role:update, article:add, role:list, article:update, user:update, role:delete, role:add]
2020-05-27 15:07:01.184 INFO  --- [UserRealm.java:38][http-nio-9090-exec-2] - permission的值为:{"menuList":["role","user","article"],"roleId":1,"nickname":"艾斯","roleName":"管理员","permissionList":["article:list","user:list","user:add","role:update","article:add","role:list","article:update","user:update","role:delete","role:add"],"userId":10001}
2020-05-27 15:07:01.184 INFO  --- [UserRealm.java:39][http-nio-9090-exec-2] - 本用户权限为:[article:list, user:list, user:add, role:update, article:add, role:list, article:update, user:update, role:delete, role:add]
2020-05-27 15:45:53.392 INFO  --- [StartupInfoLogger.java:55][restartedMain] - Starting OasystemApplication on Win-1811022255 with PID 9844 (D:\weixin\project\OASystem\target\classes started by Administrator in D:\weixin\project\OASystem)
2020-05-27 15:45:53.398 INFO  --- [SpringApplication.java:651][restartedMain] - No active profile set, falling back to default profiles: default
2020-05-27 15:45:56.772 INFO  --- [StartupInfoLogger.java:61][restartedMain] - Started OasystemApplication in 4.204 seconds (JVM running for 5.969)
2020-05-27 15:51:54.702 INFO  --- [HikariDataSource.java:110][http-nio-9090-exec-2] - HikariPool-1 - Starting...
2020-05-27 15:51:54.705 WARN  --- [DriverDataSource.java:70][http-nio-9090-exec-2] - Registered driver with driverClassName=oracle.jdbc.driver.OracleDriver was not found, trying direct instantiation.
2020-05-27 15:51:54.915 INFO  --- [HikariDataSource.java:123][http-nio-9090-exec-2] - HikariPool-1 - Start completed.
2020-05-27 15:51:59.632 INFO  --- [UserRealm.java:38][http-nio-9090-exec-4] - permission的值为:{"menuList":["role","user","article"],"roleId":1,"nickname":"艾斯","roleName":"管理员","permissionList":["article:list","user:list","user:add","role:update","article:add","role:list","article:update","user:update","role:delete","role:add"],"userId":10001}
2020-05-27 15:51:59.632 INFO  --- [UserRealm.java:39][http-nio-9090-exec-4] - 本用户权限为:[article:list, user:list, user:add, role:update, article:add, role:list, article:update, user:update, role:delete, role:add]
2020-05-27 15:51:59.633 INFO  --- [UserRealm.java:38][http-nio-9090-exec-5] - permission的值为:{"menuList":["role","user","article"],"roleId":1,"nickname":"艾斯","roleName":"管理员","permissionList":["article:list","user:list","user:add","role:update","article:add","role:list","article:update","user:update","role:delete","role:add"],"userId":10001}
2020-05-27 15:51:59.634 INFO  --- [UserRealm.java:39][http-nio-9090-exec-5] - 本用户权限为:[article:list, user:list, user:add, role:update, article:add, role:list, article:update, user:update, role:delete, role:add]
2020-05-27 16:20:25.783 INFO  --- [UserRealm.java:38][http-nio-9090-exec-9] - permission的值为:{"menuList":["role","user","article"],"roleId":1,"nickname":"艾斯","roleName":"管理员","permissionList":["article:list","user:list","user:add","role:update","article:add","role:list","article:update","user:update","role:delete","role:add"],"userId":10001}
2020-05-27 16:20:25.784 INFO  --- [UserRealm.java:38][http-nio-9090-exec-10] - permission的值为:{"menuList":["role","user","article"],"roleId":1,"nickname":"艾斯","roleName":"管理员","permissionList":["article:list","user:list","user:add","role:update","article:add","role:list","article:update","user:update","role:delete","role:add"],"userId":10001}
2020-05-27 16:20:25.784 INFO  --- [UserRealm.java:39][http-nio-9090-exec-10] - 本用户权限为:[article:list, user:list, user:add, role:update, article:add, role:list, article:update, user:update, role:delete, role:add]
2020-05-27 16:20:25.784 INFO  --- [UserRealm.java:39][http-nio-9090-exec-9] - 本用户权限为:[article:list, user:list, user:add, role:update, article:add, role:list, article:update, user:update, role:delete, role:add]
2020-05-27 16:44:01.174 INFO  --- [UserRealm.java:38][http-nio-9090-exec-2] - permission的值为:{"menuList":["role","user","article"],"roleId":1,"nickname":"艾斯","roleName":"管理员","permissionList":["article:list","user:list","user:add","role:update","article:add","role:list","article:update","user:update","role:delete","role:add"],"userId":10001}
2020-05-27 16:44:01.175 INFO  --- [UserRealm.java:39][http-nio-9090-exec-2] - 本用户权限为:[article:list, user:list, user:add, role:update, article:add, role:list, article:update, user:update, role:delete, role:add]
2020-05-27 16:44:01.182 INFO  --- [UserRealm.java:38][http-nio-9090-exec-3] - permission的值为:{"menuList":["role","user","article"],"roleId":1,"nickname":"艾斯","roleName":"管理员","permissionList":["article:list","user:list","user:add","role:update","article:add","role:list","article:update","user:update","role:delete","role:add"],"userId":10001}
2020-05-27 16:44:01.183 INFO  --- [UserRealm.java:39][http-nio-9090-exec-3] - 本用户权限为:[article:list, user:list, user:add, role:update, article:add, role:list, article:update, user:update, role:delete, role:add]
2020-05-27 17:09:12.259 INFO  --- [StartupInfoLogger.java:55][restartedMain] - Starting OasystemApplication on Win-1811022255 with PID 5908 (D:\weixin\project\OASystem\target\classes started by Administrator in D:\weixin\project\OASystem)
2020-05-27 17:09:12.265 INFO  --- [SpringApplication.java:651][restartedMain] - No active profile set, falling back to default profiles: default
2020-05-27 17:09:16.126 INFO  --- [StartupInfoLogger.java:61][restartedMain] - Started OasystemApplication in 5.185 seconds (JVM running for 6.877)
2020-05-27 17:10:47.556 INFO  --- [HikariDataSource.java:110][http-nio-9090-exec-2] - HikariPool-1 - Starting...
2020-05-27 17:10:47.560 WARN  --- [DriverDataSource.java:70][http-nio-9090-exec-2] - Registered driver with driverClassName=oracle.jdbc.driver.OracleDriver was not found, trying direct instantiation.
2020-05-27 17:10:47.814 INFO  --- [HikariDataSource.java:123][http-nio-9090-exec-2] - HikariPool-1 - Start completed.
2020-05-27 17:29:56.694 INFO  --- [UserRealm.java:38][http-nio-9090-exec-10] - permission的值为:{"menuList":["role","user","article"],"roleId":1,"nickname":"艾斯","roleName":"管理员","permissionList":["article:list","user:list","user:add","role:update","article:add","role:list","article:update","user:update","role:delete","role:add"],"userId":10001}
2020-05-27 17:29:56.695 INFO  --- [UserRealm.java:39][http-nio-9090-exec-10] - 本用户权限为:[article:list, user:list, user:add, role:update, article:add, role:list, article:update, user:update, role:delete, role:add]
2020-05-27 17:29:56.709 INFO  --- [UserRealm.java:38][http-nio-9090-exec-9] - permission的值为:{"menuList":["role","user","article"],"roleId":1,"nickname":"艾斯","roleName":"管理员","permissionList":["article:list","user:list","user:add","role:update","article:add","role:list","article:update","user:update","role:delete","role:add"],"userId":10001}
2020-05-27 17:29:56.709 INFO  --- [UserRealm.java:39][http-nio-9090-exec-9] - 本用户权限为:[article:list, user:list, user:add, role:update, article:add, role:list, article:update, user:update, role:delete, role:add]
