2020-06-03 08:49:11.565 INFO  --- [StartupInfoLogger.java:55][restartedMain] - Starting OasystemApplication on Win-1811022255 with PID 8120 (D:\weixin\project\OASystem\target\classes started by Administrator in D:\weixin\project\OASystem)
2020-06-03 08:49:11.565 INFO  --- [SpringApplication.java:651][restartedMain] - No active profile set, falling back to default profiles: default
2020-06-03 08:49:15.168 INFO  --- [StartupInfoLogger.java:61][restartedMain] - Started OasystemApplication in 4.199 seconds (JVM running for 10.1)
2020-06-03 08:59:37.867 INFO  --- [HikariDataSource.java:110][http-nio-9090-exec-1] - HikariPool-1 - Starting...
2020-06-03 08:59:37.871 WARN  --- [DriverDataSource.java:70][http-nio-9090-exec-1] - Registered driver with driverClassName=oracle.jdbc.driver.OracleDriver was not found, trying direct instantiation.
2020-06-03 08:59:38.140 INFO  --- [HikariDataSource.java:123][http-nio-9090-exec-1] - HikariPool-1 - Start completed.
2020-06-03 13:34:06.526 WARN  --- [HikariPool.java:787][HikariPool-1 housekeeper] - HikariPool-1 - Thread starvation or clock leap detected (housekeeper delta=22m24s926ms898µs192ns).
2020-06-03 15:59:34.851 INFO  --- [UserRealm.java:38][http-nio-9090-exec-10] - permission的值为:{"menuList":["role","user","article"],"roleId":1,"nickname":"艾斯","roleName":"管理员","permissionList":["article:list","user:list","user:add","role:update","article:add","role:list","article:update","user:update","role:delete","role:add"],"userId":10001}
2020-06-03 15:59:34.852 INFO  --- [UserRealm.java:39][http-nio-9090-exec-10] - 本用户权限为:[article:list, user:list, user:add, role:update, article:add, role:list, article:update, user:update, role:delete, role:add]
2020-06-03 15:59:34.859 INFO  --- [UserRealm.java:38][http-nio-9090-exec-9] - permission的值为:{"menuList":["role","user","article"],"roleId":1,"nickname":"艾斯","roleName":"管理员","permissionList":["article:list","user:list","user:add","role:update","article:add","role:list","article:update","user:update","role:delete","role:add"],"userId":10001}
2020-06-03 15:59:34.861 INFO  --- [UserRealm.java:39][http-nio-9090-exec-9] - 本用户权限为:[article:list, user:list, user:add, role:update, article:add, role:list, article:update, user:update, role:delete, role:add]
2020-06-03 15:59:42.254 INFO  --- [UserRealm.java:38][http-nio-9090-exec-1] - permission的值为:{"menuList":["role","user","article"],"roleId":1,"nickname":"艾斯","roleName":"管理员","permissionList":["article:list","user:list","user:add","role:update","article:add","role:list","article:update","user:update","role:delete","role:add"],"userId":10001}
2020-06-03 15:59:42.254 INFO  --- [UserRealm.java:39][http-nio-9090-exec-1] - 本用户权限为:[article:list, user:list, user:add, role:update, article:add, role:list, article:update, user:update, role:delete, role:add]
2020-06-03 15:59:42.554 INFO  --- [UserRealm.java:38][http-nio-9090-exec-2] - permission的值为:{"menuList":["role","user","article"],"roleId":1,"nickname":"艾斯","roleName":"管理员","permissionList":["article:list","user:list","user:add","role:update","article:add","role:list","article:update","user:update","role:delete","role:add"],"userId":10001}
2020-06-03 15:59:42.554 INFO  --- [UserRealm.java:39][http-nio-9090-exec-2] - 本用户权限为:[article:list, user:list, user:add, role:update, article:add, role:list, article:update, user:update, role:delete, role:add]
2020-06-03 15:59:42.555 INFO  --- [UserRealm.java:38][http-nio-9090-exec-2] - permission的值为:{"menuList":["role","user","article"],"roleId":1,"nickname":"艾斯","roleName":"管理员","permissionList":["article:list","user:list","user:add","role:update","article:add","role:list","article:update","user:update","role:delete","role:add"],"userId":10001}
2020-06-03 15:59:42.555 INFO  --- [UserRealm.java:39][http-nio-9090-exec-2] - 本用户权限为:[article:list, user:list, user:add, role:update, article:add, role:list, article:update, user:update, role:delete, role:add]
2020-06-03 16:05:35.956 INFO  --- [UserRealm.java:38][http-nio-9090-exec-3] - permission的值为:{"menuList":["role","user","article"],"roleId":1,"nickname":"艾斯","roleName":"管理员","permissionList":["article:list","user:list","user:add","role:update","article:add","role:list","article:update","user:update","role:delete","role:add"],"userId":10001}
2020-06-03 16:05:35.957 INFO  --- [UserRealm.java:39][http-nio-9090-exec-3] - 本用户权限为:[article:list, user:list, user:add, role:update, article:add, role:list, article:update, user:update, role:delete, role:add]
2020-06-03 16:05:57.654 INFO  --- [UserRealm.java:38][http-nio-9090-exec-7] - permission的值为:{"menuList":["role","user","article"],"roleId":1,"nickname":"艾斯","roleName":"管理员","permissionList":["article:list","user:list","user:add","role:update","article:add","role:list","article:update","user:update","role:delete","role:add"],"userId":10001}
2020-06-03 16:05:57.654 INFO  --- [UserRealm.java:39][http-nio-9090-exec-7] - 本用户权限为:[article:list, user:list, user:add, role:update, article:add, role:list, article:update, user:update, role:delete, role:add]
2020-06-03 17:18:04.052 INFO  --- [HikariDataSource.java:350][Thread-16] - HikariPool-1 - Shutdown initiated...
2020-06-03 17:18:04.177 INFO  --- [HikariDataSource.java:352][Thread-16] - HikariPool-1 - Shutdown completed.
2020-06-03 17:18:05.084 INFO  --- [StartupInfoLogger.java:55][restartedMain] - Starting OasystemApplication on Win-1811022255 with PID 8120 (D:\weixin\project\OASystem\target\classes started by Administrator in D:\weixin\project\OASystem)
2020-06-03 17:18:05.085 INFO  --- [SpringApplication.java:651][restartedMain] - No active profile set, falling back to default profiles: default
2020-06-03 17:18:07.396 INFO  --- [StartupInfoLogger.java:61][restartedMain] - Started OasystemApplication in 2.378 seconds (JVM running for 30541.682)
2020-06-03 17:28:10.534 INFO  --- [StartupInfoLogger.java:55][restartedMain] - Starting OasystemApplication on Win-1811022255 with PID 8120 (D:\weixin\project\OASystem\target\classes started by Administrator in D:\weixin\project\OASystem)
2020-06-03 17:28:10.534 INFO  --- [SpringApplication.java:651][restartedMain] - No active profile set, falling back to default profiles: default
2020-06-03 17:28:12.299 INFO  --- [StartupInfoLogger.java:61][restartedMain] - Started OasystemApplication in 1.939 seconds (JVM running for 31146.576)
2020-06-03 17:30:29.135 INFO  --- [StartupInfoLogger.java:55][restartedMain] - Starting OasystemApplication on Win-1811022255 with PID 8120 (D:\weixin\project\OASystem\target\classes started by Administrator in D:\weixin\project\OASystem)
2020-06-03 17:30:29.135 INFO  --- [SpringApplication.java:651][restartedMain] - No active profile set, falling back to default profiles: default
2020-06-03 17:30:30.999 INFO  --- [StartupInfoLogger.java:61][restartedMain] - Started OasystemApplication in 1.917 seconds (JVM running for 31285.274)
