2020-06-04 14:11:02.176 INFO  --- [StartupInfoLogger.java:55][restartedMain] - Starting OasystemApplication on Win-1811022255 with PID 2720 (D:\weixin\project\OASystem\target\classes started by Administrator in D:\weixin\project\OASystem)
2020-06-04 14:11:02.184 INFO  --- [SpringApplication.java:651][restartedMain] - No active profile set, falling back to default profiles: default
2020-06-04 14:11:10.556 INFO  --- [StartupInfoLogger.java:61][restartedMain] - Started OasystemApplication in 9.346 seconds (JVM running for 11.69)
2020-06-04 14:11:56.289 INFO  --- [HikariDataSource.java:110][http-nio-9090-exec-1] - HikariPool-1 - Starting...
2020-06-04 14:11:56.293 WARN  --- [DriverDataSource.java:70][http-nio-9090-exec-1] - Registered driver with driverClassName=oracle.jdbc.driver.OracleDriver was not found, trying direct instantiation.
2020-06-04 14:11:56.555 INFO  --- [HikariDataSource.java:123][http-nio-9090-exec-1] - HikariPool-1 - Start completed.
2020-06-04 14:12:00.944 INFO  --- [UserRealm.java:38][http-nio-9090-exec-5] - permission的值为:{"menuList":["role","user","article"],"roleId":1,"nickname":"艾斯","roleName":"管理员","permissionList":["article:list","user:list","user:add","role:update","article:add","role:list","article:update","user:update","role:delete","role:add"],"userId":10001}
2020-06-04 14:12:00.945 INFO  --- [UserRealm.java:39][http-nio-9090-exec-5] - 本用户权限为:[article:list, user:list, user:add, role:update, article:add, role:list, article:update, user:update, role:delete, role:add]
2020-06-04 14:13:59.583 INFO  --- [StartupInfoLogger.java:55][restartedMain] - Starting OasystemApplication on Win-1811022255 with PID 8960 (D:\weixin\project\OASystem\target\classes started by Administrator in D:\weixin\project\OASystem)
2020-06-04 14:13:59.591 INFO  --- [SpringApplication.java:651][restartedMain] - No active profile set, falling back to default profiles: default
2020-06-04 14:14:02.922 INFO  --- [StartupInfoLogger.java:61][restartedMain] - Started OasystemApplication in 4.588 seconds (JVM running for 6.328)
2020-06-04 14:14:16.153 INFO  --- [HikariDataSource.java:110][http-nio-9090-exec-2] - HikariPool-1 - Starting...
2020-06-04 14:14:16.156 WARN  --- [DriverDataSource.java:70][http-nio-9090-exec-2] - Registered driver with driverClassName=oracle.jdbc.driver.OracleDriver was not found, trying direct instantiation.
2020-06-04 14:14:16.368 INFO  --- [HikariDataSource.java:123][http-nio-9090-exec-2] - HikariPool-1 - Start completed.
2020-06-04 14:14:20.887 INFO  --- [UserRealm.java:38][http-nio-9090-exec-5] - permission的值为:{"menuList":["role","user","article"],"roleId":1,"nickname":"艾斯","roleName":"管理员","permissionList":["article:list","user:list","user:add","role:update","article:add","role:list","article:update","user:update","role:delete","role:add"],"userId":10001}
2020-06-04 14:14:20.888 INFO  --- [UserRealm.java:39][http-nio-9090-exec-5] - 本用户权限为:[article:list, user:list, user:add, role:update, article:add, role:list, article:update, user:update, role:delete, role:add]
2020-06-04 14:15:06.807 INFO  --- [UserRealm.java:38][http-nio-9090-exec-7] - permission的值为:{"menuList":["role","user","article"],"roleId":1,"nickname":"艾斯","roleName":"管理员","permissionList":["article:list","user:list","user:add","role:update","article:add","role:list","article:update","user:update","role:delete","role:add"],"userId":10001}
2020-06-04 14:15:06.808 INFO  --- [UserRealm.java:39][http-nio-9090-exec-7] - 本用户权限为:[article:list, user:list, user:add, role:update, article:add, role:list, article:update, user:update, role:delete, role:add]
2020-06-04 14:16:50.698 INFO  --- [StartupInfoLogger.java:55][restartedMain] - Starting OasystemApplication on Win-1811022255 with PID 7224 (D:\weixin\project\OASystem\target\classes started by Administrator in D:\weixin\project\OASystem)
2020-06-04 14:16:50.703 INFO  --- [SpringApplication.java:651][restartedMain] - No active profile set, falling back to default profiles: default
2020-06-04 14:16:53.915 INFO  --- [StartupInfoLogger.java:61][restartedMain] - Started OasystemApplication in 4.034 seconds (JVM running for 5.586)
2020-06-04 14:17:00.732 INFO  --- [HikariDataSource.java:110][http-nio-9090-exec-2] - HikariPool-1 - Starting...
2020-06-04 14:17:00.735 WARN  --- [DriverDataSource.java:70][http-nio-9090-exec-2] - Registered driver with driverClassName=oracle.jdbc.driver.OracleDriver was not found, trying direct instantiation.
2020-06-04 14:17:00.926 INFO  --- [HikariDataSource.java:123][http-nio-9090-exec-2] - HikariPool-1 - Start completed.
2020-06-04 14:17:06.182 INFO  --- [UserRealm.java:38][http-nio-9090-exec-6] - permission的值为:{"menuList":["role","user","article"],"roleId":1,"nickname":"艾斯","roleName":"管理员","permissionList":["article:list","user:list","user:add","role:update","article:add","role:list","article:update","user:update","role:delete","role:add"],"userId":10001}
2020-06-04 14:17:06.196 INFO  --- [UserRealm.java:39][http-nio-9090-exec-6] - 本用户权限为:[article:list, user:list, user:add, role:update, article:add, role:list, article:update, user:update, role:delete, role:add]
2020-06-04 14:19:17.278 INFO  --- [UserRealm.java:38][http-nio-9090-exec-10] - permission的值为:{"menuList":["role","user","article"],"roleId":1,"nickname":"艾斯","roleName":"管理员","permissionList":["article:list","user:list","user:add","role:update","article:add","role:list","article:update","user:update","role:delete","role:add"],"userId":10001}
2020-06-04 14:19:17.279 INFO  --- [UserRealm.java:39][http-nio-9090-exec-10] - 本用户权限为:[article:list, user:list, user:add, role:update, article:add, role:list, article:update, user:update, role:delete, role:add]
2020-06-04 14:19:55.965 INFO  --- [StartupInfoLogger.java:55][restartedMain] - Starting OasystemApplication on Win-1811022255 with PID 5556 (D:\weixin\project\OASystem\target\classes started by Administrator in D:\weixin\project\OASystem)
2020-06-04 14:19:55.970 INFO  --- [SpringApplication.java:651][restartedMain] - No active profile set, falling back to default profiles: default
2020-06-04 14:19:59.308 INFO  --- [StartupInfoLogger.java:61][restartedMain] - Started OasystemApplication in 4.518 seconds (JVM running for 6.186)
2020-06-04 14:20:06.431 INFO  --- [HikariDataSource.java:110][http-nio-9090-exec-2] - HikariPool-1 - Starting...
2020-06-04 14:20:06.433 WARN  --- [DriverDataSource.java:70][http-nio-9090-exec-2] - Registered driver with driverClassName=oracle.jdbc.driver.OracleDriver was not found, trying direct instantiation.
2020-06-04 14:20:06.639 INFO  --- [HikariDataSource.java:123][http-nio-9090-exec-2] - HikariPool-1 - Start completed.
2020-06-04 14:20:09.841 INFO  --- [UserRealm.java:38][http-nio-9090-exec-6] - permission的值为:{"menuList":["role","user","article"],"roleId":1,"nickname":"艾斯","roleName":"管理员","permissionList":["article:list","user:list","user:add","role:update","article:add","role:list","article:update","user:update","role:delete","role:add"],"userId":10001}
2020-06-04 14:20:09.841 INFO  --- [UserRealm.java:39][http-nio-9090-exec-6] - 本用户权限为:[article:list, user:list, user:add, role:update, article:add, role:list, article:update, user:update, role:delete, role:add]
2020-06-04 14:21:00.980 INFO  --- [UserRealm.java:38][http-nio-9090-exec-10] - permission的值为:{"menuList":["role","user","article"],"roleId":1,"nickname":"艾斯","roleName":"管理员","permissionList":["article:list","user:list","user:add","role:update","article:add","role:list","article:update","user:update","role:delete","role:add"],"userId":10001}
2020-06-04 14:21:00.980 INFO  --- [UserRealm.java:39][http-nio-9090-exec-10] - 本用户权限为:[article:list, user:list, user:add, role:update, article:add, role:list, article:update, user:update, role:delete, role:add]
2020-06-04 14:32:38.256 INFO  --- [UserRealm.java:38][http-nio-9090-exec-7] - permission的值为:{"menuList":["role","user","article"],"roleId":1,"nickname":"艾斯","roleName":"管理员","permissionList":["article:list","user:list","user:add","role:update","article:add","role:list","article:update","user:update","role:delete","role:add"],"userId":10001}
2020-06-04 14:32:38.258 INFO  --- [UserRealm.java:39][http-nio-9090-exec-7] - 本用户权限为:[article:list, user:list, user:add, role:update, article:add, role:list, article:update, user:update, role:delete, role:add]
2020-06-04 14:34:03.171 INFO  --- [UserRealm.java:38][http-nio-9090-exec-10] - permission的值为:{"menuList":["role","user","article"],"roleId":1,"nickname":"艾斯","roleName":"管理员","permissionList":["article:list","user:list","user:add","role:update","article:add","role:list","article:update","user:update","role:delete","role:add"],"userId":10001}
2020-06-04 14:34:03.172 INFO  --- [UserRealm.java:39][http-nio-9090-exec-10] - 本用户权限为:[article:list, user:list, user:add, role:update, article:add, role:list, article:update, user:update, role:delete, role:add]
2020-06-04 14:35:37.919 INFO  --- [StartupInfoLogger.java:55][restartedMain] - Starting OasystemApplication on Win-1811022255 with PID 7880 (D:\weixin\project\OASystem\target\classes started by Administrator in D:\weixin\project\OASystem)
2020-06-04 14:35:37.923 INFO  --- [SpringApplication.java:651][restartedMain] - No active profile set, falling back to default profiles: default
2020-06-04 14:35:41.297 INFO  --- [StartupInfoLogger.java:61][restartedMain] - Started OasystemApplication in 4.755 seconds (JVM running for 6.392)
2020-06-04 14:52:07.886 INFO  --- [HikariDataSource.java:110][http-nio-9090-exec-3] - HikariPool-1 - Starting...
2020-06-04 14:52:07.889 WARN  --- [DriverDataSource.java:70][http-nio-9090-exec-3] - Registered driver with driverClassName=oracle.jdbc.driver.OracleDriver was not found, trying direct instantiation.
2020-06-04 14:52:08.163 INFO  --- [HikariDataSource.java:123][http-nio-9090-exec-3] - HikariPool-1 - Start completed.
2020-06-04 14:52:11.554 INFO  --- [UserRealm.java:38][http-nio-9090-exec-5] - permission的值为:{"menuList":["role","user","article"],"roleId":1,"nickname":"艾斯","roleName":"管理员","permissionList":["article:list","user:list","user:add","role:update","article:add","role:list","article:update","user:update","role:delete","role:add"],"userId":10001}
2020-06-04 14:52:11.556 INFO  --- [UserRealm.java:39][http-nio-9090-exec-5] - 本用户权限为:[article:list, user:list, user:add, role:update, article:add, role:list, article:update, user:update, role:delete, role:add]
2020-06-04 14:52:11.855 INFO  --- [UserRealm.java:38][http-nio-9090-exec-6] - permission的值为:{"menuList":["role","user","article"],"roleId":1,"nickname":"艾斯","roleName":"管理员","permissionList":["article:list","user:list","user:add","role:update","article:add","role:list","article:update","user:update","role:delete","role:add"],"userId":10001}
2020-06-04 14:52:11.856 INFO  --- [UserRealm.java:39][http-nio-9090-exec-6] - 本用户权限为:[article:list, user:list, user:add, role:update, article:add, role:list, article:update, user:update, role:delete, role:add]
2020-06-04 14:52:11.857 INFO  --- [UserRealm.java:38][http-nio-9090-exec-6] - permission的值为:{"menuList":["role","user","article"],"roleId":1,"nickname":"艾斯","roleName":"管理员","permissionList":["article:list","user:list","user:add","role:update","article:add","role:list","article:update","user:update","role:delete","role:add"],"userId":10001}
2020-06-04 14:52:11.857 INFO  --- [UserRealm.java:39][http-nio-9090-exec-6] - 本用户权限为:[article:list, user:list, user:add, role:update, article:add, role:list, article:update, user:update, role:delete, role:add]
2020-06-04 14:52:16.047 INFO  --- [UserRealm.java:38][http-nio-9090-exec-8] - permission的值为:{"menuList":["role","user","article"],"roleId":1,"nickname":"艾斯","roleName":"管理员","permissionList":["article:list","user:list","user:add","role:update","article:add","role:list","article:update","user:update","role:delete","role:add"],"userId":10001}
2020-06-04 14:52:16.048 INFO  --- [UserRealm.java:39][http-nio-9090-exec-8] - 本用户权限为:[article:list, user:list, user:add, role:update, article:add, role:list, article:update, user:update, role:delete, role:add]
2020-06-04 14:52:16.056 INFO  --- [UserRealm.java:38][http-nio-9090-exec-7] - permission的值为:{"menuList":["role","user","article"],"roleId":1,"nickname":"艾斯","roleName":"管理员","permissionList":["article:list","user:list","user:add","role:update","article:add","role:list","article:update","user:update","role:delete","role:add"],"userId":10001}
2020-06-04 14:52:16.056 INFO  --- [UserRealm.java:39][http-nio-9090-exec-7] - 本用户权限为:[article:list, user:list, user:add, role:update, article:add, role:list, article:update, user:update, role:delete, role:add]
2020-06-04 14:52:20.655 INFO  --- [UserRealm.java:38][http-nio-9090-exec-1] - permission的值为:{"menuList":["role","user","article"],"roleId":1,"nickname":"艾斯","roleName":"管理员","permissionList":["article:list","user:list","user:add","role:update","article:add","role:list","article:update","user:update","role:delete","role:add"],"userId":10001}
2020-06-04 14:52:20.661 INFO  --- [UserRealm.java:39][http-nio-9090-exec-1] - 本用户权限为:[article:list, user:list, user:add, role:update, article:add, role:list, article:update, user:update, role:delete, role:add]
2020-06-04 14:52:52.108 INFO  --- [UserRealm.java:38][http-nio-9090-exec-2] - permission的值为:{"menuList":["role","user","article"],"roleId":1,"nickname":"艾斯","roleName":"管理员","permissionList":["article:list","user:list","user:add","role:update","article:add","role:list","article:update","user:update","role:delete","role:add"],"userId":10001}
2020-06-04 14:52:52.109 INFO  --- [UserRealm.java:39][http-nio-9090-exec-2] - 本用户权限为:[article:list, user:list, user:add, role:update, article:add, role:list, article:update, user:update, role:delete, role:add]
2020-06-04 14:52:52.122 INFO  --- [UserRealm.java:38][http-nio-9090-exec-3] - permission的值为:{"menuList":["role","user","article"],"roleId":1,"nickname":"艾斯","roleName":"管理员","permissionList":["article:list","user:list","user:add","role:update","article:add","role:list","article:update","user:update","role:delete","role:add"],"userId":10001}
2020-06-04 14:52:52.123 INFO  --- [UserRealm.java:39][http-nio-9090-exec-3] - 本用户权限为:[article:list, user:list, user:add, role:update, article:add, role:list, article:update, user:update, role:delete, role:add]
2020-06-04 14:53:01.909 INFO  --- [UserRealm.java:38][http-nio-9090-exec-6] - permission的值为:{"menuList":["role","user","article"],"roleId":1,"nickname":"艾斯","roleName":"管理员","permissionList":["article:list","user:list","user:add","role:update","article:add","role:list","article:update","user:update","role:delete","role:add"],"userId":10001}
2020-06-04 14:53:01.909 INFO  --- [UserRealm.java:39][http-nio-9090-exec-6] - 本用户权限为:[article:list, user:list, user:add, role:update, article:add, role:list, article:update, user:update, role:delete, role:add]
2020-06-04 14:54:14.218 INFO  --- [UserRealm.java:38][http-nio-9090-exec-2] - permission的值为:{"menuList":["role","user","article"],"roleId":1,"nickname":"艾斯","roleName":"管理员","permissionList":["article:list","user:list","user:add","role:update","article:add","role:list","article:update","user:update","role:delete","role:add"],"userId":10001}
2020-06-04 14:54:14.218 INFO  --- [UserRealm.java:39][http-nio-9090-exec-2] - 本用户权限为:[article:list, user:list, user:add, role:update, article:add, role:list, article:update, user:update, role:delete, role:add]
2020-06-04 14:54:21.117 INFO  --- [UserRealm.java:38][http-nio-9090-exec-5] - permission的值为:{"menuList":["role","user","article"],"roleId":1,"nickname":"艾斯","roleName":"管理员","permissionList":["article:list","user:list","user:add","role:update","article:add","role:list","article:update","user:update","role:delete","role:add"],"userId":10001}
2020-06-04 14:54:21.117 INFO  --- [UserRealm.java:39][http-nio-9090-exec-5] - 本用户权限为:[article:list, user:list, user:add, role:update, article:add, role:list, article:update, user:update, role:delete, role:add]
2020-06-04 14:58:18.380 INFO  --- [UserRealm.java:38][http-nio-9090-exec-2] - permission的值为:{"menuList":["role","user","article"],"roleId":1,"nickname":"艾斯","roleName":"管理员","permissionList":["article:list","user:list","user:add","role:update","article:add","role:list","article:update","user:update","role:delete","role:add"],"userId":10001}
2020-06-04 14:58:18.380 INFO  --- [UserRealm.java:39][http-nio-9090-exec-2] - 本用户权限为:[article:list, user:list, user:add, role:update, article:add, role:list, article:update, user:update, role:delete, role:add]
2020-06-04 14:58:21.389 INFO  --- [UserRealm.java:38][http-nio-9090-exec-5] - permission的值为:{"menuList":["role","user","article"],"roleId":1,"nickname":"艾斯","roleName":"管理员","permissionList":["article:list","user:list","user:add","role:update","article:add","role:list","article:update","user:update","role:delete","role:add"],"userId":10001}
2020-06-04 14:58:21.389 INFO  --- [UserRealm.java:39][http-nio-9090-exec-5] - 本用户权限为:[article:list, user:list, user:add, role:update, article:add, role:list, article:update, user:update, role:delete, role:add]
2020-06-04 14:58:21.689 INFO  --- [UserRealm.java:38][http-nio-9090-exec-4] - permission的值为:{"menuList":["role","user","article"],"roleId":1,"nickname":"艾斯","roleName":"管理员","permissionList":["article:list","user:list","user:add","role:update","article:add","role:list","article:update","user:update","role:delete","role:add"],"userId":10001}
2020-06-04 14:58:21.689 INFO  --- [UserRealm.java:39][http-nio-9090-exec-4] - 本用户权限为:[article:list, user:list, user:add, role:update, article:add, role:list, article:update, user:update, role:delete, role:add]
2020-06-04 14:58:21.690 INFO  --- [UserRealm.java:38][http-nio-9090-exec-4] - permission的值为:{"menuList":["role","user","article"],"roleId":1,"nickname":"艾斯","roleName":"管理员","permissionList":["article:list","user:list","user:add","role:update","article:add","role:list","article:update","user:update","role:delete","role:add"],"userId":10001}
2020-06-04 14:58:21.691 INFO  --- [UserRealm.java:39][http-nio-9090-exec-4] - 本用户权限为:[article:list, user:list, user:add, role:update, article:add, role:list, article:update, user:update, role:delete, role:add]
2020-06-04 15:02:23.776 INFO  --- [UserRealm.java:38][http-nio-9090-exec-8] - permission的值为:{"menuList":["role","user","article"],"roleId":1,"nickname":"艾斯","roleName":"管理员","permissionList":["article:list","user:list","user:add","role:update","article:add","role:list","article:update","user:update","role:delete","role:add"],"userId":10001}
2020-06-04 15:02:23.778 INFO  --- [UserRealm.java:39][http-nio-9090-exec-8] - 本用户权限为:[article:list, user:list, user:add, role:update, article:add, role:list, article:update, user:update, role:delete, role:add]
2020-06-04 15:02:23.778 INFO  --- [UserRealm.java:38][http-nio-9090-exec-8] - permission的值为:{"menuList":["role","user","article"],"roleId":1,"nickname":"艾斯","roleName":"管理员","permissionList":["article:list","user:list","user:add","role:update","article:add","role:list","article:update","user:update","role:delete","role:add"],"userId":10001}
2020-06-04 15:02:23.779 INFO  --- [UserRealm.java:39][http-nio-9090-exec-8] - 本用户权限为:[article:list, user:list, user:add, role:update, article:add, role:list, article:update, user:update, role:delete, role:add]
2020-06-04 15:02:23.783 INFO  --- [UserRealm.java:38][http-nio-9090-exec-7] - permission的值为:{"menuList":["role","user","article"],"roleId":1,"nickname":"艾斯","roleName":"管理员","permissionList":["article:list","user:list","user:add","role:update","article:add","role:list","article:update","user:update","role:delete","role:add"],"userId":10001}
2020-06-04 15:02:23.784 INFO  --- [UserRealm.java:39][http-nio-9090-exec-7] - 本用户权限为:[article:list, user:list, user:add, role:update, article:add, role:list, article:update, user:update, role:delete, role:add]
2020-06-04 15:05:01.900 INFO  --- [UserRealm.java:38][http-nio-9090-exec-10] - permission的值为:{"menuList":["role","user","article"],"roleId":1,"nickname":"艾斯","roleName":"管理员","permissionList":["article:list","user:list","user:add","role:update","article:add","role:list","article:update","user:update","role:delete","role:add"],"userId":10001}
2020-06-04 15:05:01.901 INFO  --- [UserRealm.java:39][http-nio-9090-exec-10] - 本用户权限为:[article:list, user:list, user:add, role:update, article:add, role:list, article:update, user:update, role:delete, role:add]
2020-06-04 15:05:01.905 INFO  --- [UserRealm.java:38][http-nio-9090-exec-1] - permission的值为:{"menuList":["role","user","article"],"roleId":1,"nickname":"艾斯","roleName":"管理员","permissionList":["article:list","user:list","user:add","role:update","article:add","role:list","article:update","user:update","role:delete","role:add"],"userId":10001}
2020-06-04 15:05:01.905 INFO  --- [UserRealm.java:39][http-nio-9090-exec-1] - 本用户权限为:[article:list, user:list, user:add, role:update, article:add, role:list, article:update, user:update, role:delete, role:add]
2020-06-04 15:05:01.905 INFO  --- [UserRealm.java:38][http-nio-9090-exec-1] - permission的值为:{"menuList":["role","user","article"],"roleId":1,"nickname":"艾斯","roleName":"管理员","permissionList":["article:list","user:list","user:add","role:update","article:add","role:list","article:update","user:update","role:delete","role:add"],"userId":10001}
2020-06-04 15:05:01.906 INFO  --- [UserRealm.java:39][http-nio-9090-exec-1] - 本用户权限为:[article:list, user:list, user:add, role:update, article:add, role:list, article:update, user:update, role:delete, role:add]
2020-06-04 15:05:03.545 INFO  --- [UserRealm.java:38][http-nio-9090-exec-9] - permission的值为:{"menuList":["role","user","article"],"roleId":1,"nickname":"艾斯","roleName":"管理员","permissionList":["article:list","user:list","user:add","role:update","article:add","role:list","article:update","user:update","role:delete","role:add"],"userId":10001}
2020-06-04 15:05:03.546 INFO  --- [UserRealm.java:39][http-nio-9090-exec-9] - 本用户权限为:[article:list, user:list, user:add, role:update, article:add, role:list, article:update, user:update, role:delete, role:add]
2020-06-04 15:05:03.849 INFO  --- [UserRealm.java:38][http-nio-9090-exec-3] - permission的值为:{"menuList":["role","user","article"],"roleId":1,"nickname":"艾斯","roleName":"管理员","permissionList":["article:list","user:list","user:add","role:update","article:add","role:list","article:update","user:update","role:delete","role:add"],"userId":10001}
2020-06-04 15:05:03.849 INFO  --- [UserRealm.java:39][http-nio-9090-exec-3] - 本用户权限为:[article:list, user:list, user:add, role:update, article:add, role:list, article:update, user:update, role:delete, role:add]
2020-06-04 15:05:08.144 INFO  --- [UserRealm.java:38][http-nio-9090-exec-5] - permission的值为:{"menuList":["role","user","article"],"roleId":1,"nickname":"艾斯","roleName":"管理员","permissionList":["article:list","user:list","user:add","role:update","article:add","role:list","article:update","user:update","role:delete","role:add"],"userId":10001}
2020-06-04 15:05:08.144 INFO  --- [UserRealm.java:39][http-nio-9090-exec-5] - 本用户权限为:[article:list, user:list, user:add, role:update, article:add, role:list, article:update, user:update, role:delete, role:add]
2020-06-04 15:05:08.152 INFO  --- [UserRealm.java:38][http-nio-9090-exec-2] - permission的值为:{"menuList":["role","user","article"],"roleId":1,"nickname":"艾斯","roleName":"管理员","permissionList":["article:list","user:list","user:add","role:update","article:add","role:list","article:update","user:update","role:delete","role:add"],"userId":10001}
2020-06-04 15:05:08.155 INFO  --- [UserRealm.java:39][http-nio-9090-exec-2] - 本用户权限为:[article:list, user:list, user:add, role:update, article:add, role:list, article:update, user:update, role:delete, role:add]
2020-06-04 15:05:08.155 INFO  --- [UserRealm.java:38][http-nio-9090-exec-2] - permission的值为:{"menuList":["role","user","article"],"roleId":1,"nickname":"艾斯","roleName":"管理员","permissionList":["article:list","user:list","user:add","role:update","article:add","role:list","article:update","user:update","role:delete","role:add"],"userId":10001}
2020-06-04 15:05:08.156 INFO  --- [UserRealm.java:39][http-nio-9090-exec-2] - 本用户权限为:[article:list, user:list, user:add, role:update, article:add, role:list, article:update, user:update, role:delete, role:add]
2020-06-04 15:05:10.658 INFO  --- [UserRealm.java:38][http-nio-9090-exec-6] - permission的值为:{"menuList":["role","user","article"],"roleId":1,"nickname":"艾斯","roleName":"管理员","permissionList":["article:list","user:list","user:add","role:update","article:add","role:list","article:update","user:update","role:delete","role:add"],"userId":10001}
2020-06-04 15:05:10.658 INFO  --- [UserRealm.java:39][http-nio-9090-exec-6] - 本用户权限为:[article:list, user:list, user:add, role:update, article:add, role:list, article:update, user:update, role:delete, role:add]
2020-06-04 15:06:37.483 INFO  --- [UserRealm.java:38][http-nio-9090-exec-1] - permission的值为:{"menuList":["role","user","article"],"roleId":1,"nickname":"艾斯","roleName":"管理员","permissionList":["article:list","user:list","user:add","role:update","article:add","role:list","article:update","user:update","role:delete","role:add"],"userId":10001}
2020-06-04 15:06:37.484 INFO  --- [UserRealm.java:39][http-nio-9090-exec-1] - 本用户权限为:[article:list, user:list, user:add, role:update, article:add, role:list, article:update, user:update, role:delete, role:add]
2020-06-04 15:06:41.263 INFO  --- [UserRealm.java:38][http-nio-9090-exec-3] - permission的值为:{"menuList":["role","user","article"],"roleId":1,"nickname":"艾斯","roleName":"管理员","permissionList":["article:list","user:list","user:add","role:update","article:add","role:list","article:update","user:update","role:delete","role:add"],"userId":10001}
2020-06-04 15:06:41.264 INFO  --- [UserRealm.java:39][http-nio-9090-exec-3] - 本用户权限为:[article:list, user:list, user:add, role:update, article:add, role:list, article:update, user:update, role:delete, role:add]
2020-06-04 15:06:41.267 INFO  --- [UserRealm.java:38][http-nio-9090-exec-5] - permission的值为:{"menuList":["role","user","article"],"roleId":1,"nickname":"艾斯","roleName":"管理员","permissionList":["article:list","user:list","user:add","role:update","article:add","role:list","article:update","user:update","role:delete","role:add"],"userId":10001}
2020-06-04 15:06:41.268 INFO  --- [UserRealm.java:39][http-nio-9090-exec-5] - 本用户权限为:[article:list, user:list, user:add, role:update, article:add, role:list, article:update, user:update, role:delete, role:add]
2020-06-04 15:06:41.268 INFO  --- [UserRealm.java:38][http-nio-9090-exec-5] - permission的值为:{"menuList":["role","user","article"],"roleId":1,"nickname":"艾斯","roleName":"管理员","permissionList":["article:list","user:list","user:add","role:update","article:add","role:list","article:update","user:update","role:delete","role:add"],"userId":10001}
2020-06-04 15:06:41.268 INFO  --- [UserRealm.java:39][http-nio-9090-exec-5] - 本用户权限为:[article:list, user:list, user:add, role:update, article:add, role:list, article:update, user:update, role:delete, role:add]
2020-06-04 15:06:47.478 INFO  --- [UserRealm.java:38][http-nio-9090-exec-2] - permission的值为:{"menuList":["role","user","article"],"roleId":1,"nickname":"艾斯","roleName":"管理员","permissionList":["article:list","user:list","user:add","role:update","article:add","role:list","article:update","user:update","role:delete","role:add"],"userId":10001}
2020-06-04 15:06:47.478 INFO  --- [UserRealm.java:39][http-nio-9090-exec-2] - 本用户权限为:[article:list, user:list, user:add, role:update, article:add, role:list, article:update, user:update, role:delete, role:add]
2020-06-04 15:06:47.780 INFO  --- [UserRealm.java:38][http-nio-9090-exec-4] - permission的值为:{"menuList":["role","user","article"],"roleId":1,"nickname":"艾斯","roleName":"管理员","permissionList":["article:list","user:list","user:add","role:update","article:add","role:list","article:update","user:update","role:delete","role:add"],"userId":10001}
2020-06-04 15:06:47.780 INFO  --- [UserRealm.java:39][http-nio-9090-exec-4] - 本用户权限为:[article:list, user:list, user:add, role:update, article:add, role:list, article:update, user:update, role:delete, role:add]
2020-06-04 15:06:47.781 INFO  --- [UserRealm.java:38][http-nio-9090-exec-4] - permission的值为:{"menuList":["role","user","article"],"roleId":1,"nickname":"艾斯","roleName":"管理员","permissionList":["article:list","user:list","user:add","role:update","article:add","role:list","article:update","user:update","role:delete","role:add"],"userId":10001}
2020-06-04 15:06:47.781 INFO  --- [UserRealm.java:39][http-nio-9090-exec-4] - 本用户权限为:[article:list, user:list, user:add, role:update, article:add, role:list, article:update, user:update, role:delete, role:add]
2020-06-04 15:06:50.036 INFO  --- [UserRealm.java:38][http-nio-9090-exec-6] - permission的值为:{"menuList":["role","user","article"],"roleId":1,"nickname":"艾斯","roleName":"管理员","permissionList":["article:list","user:list","user:add","role:update","article:add","role:list","article:update","user:update","role:delete","role:add"],"userId":10001}
2020-06-04 15:06:50.037 INFO  --- [UserRealm.java:39][http-nio-9090-exec-6] - 本用户权限为:[article:list, user:list, user:add, role:update, article:add, role:list, article:update, user:update, role:delete, role:add]
2020-06-04 15:06:50.043 INFO  --- [UserRealm.java:38][http-nio-9090-exec-8] - permission的值为:{"menuList":["role","user","article"],"roleId":1,"nickname":"艾斯","roleName":"管理员","permissionList":["article:list","user:list","user:add","role:update","article:add","role:list","article:update","user:update","role:delete","role:add"],"userId":10001}
2020-06-04 15:06:50.044 INFO  --- [UserRealm.java:39][http-nio-9090-exec-8] - 本用户权限为:[article:list, user:list, user:add, role:update, article:add, role:list, article:update, user:update, role:delete, role:add]
2020-06-04 15:09:38.119 INFO  --- [UserRealm.java:38][http-nio-9090-exec-7] - permission的值为:{"menuList":["role","user","article"],"roleId":1,"nickname":"艾斯","roleName":"管理员","permissionList":["article:list","user:list","user:add","role:update","article:add","role:list","article:update","user:update","role:delete","role:add"],"userId":10001}
2020-06-04 15:09:38.119 INFO  --- [UserRealm.java:39][http-nio-9090-exec-7] - 本用户权限为:[article:list, user:list, user:add, role:update, article:add, role:list, article:update, user:update, role:delete, role:add]
2020-06-04 15:09:38.119 INFO  --- [UserRealm.java:38][http-nio-9090-exec-10] - permission的值为:{"menuList":["role","user","article"],"roleId":1,"nickname":"艾斯","roleName":"管理员","permissionList":["article:list","user:list","user:add","role:update","article:add","role:list","article:update","user:update","role:delete","role:add"],"userId":10001}
2020-06-04 15:09:38.119 INFO  --- [UserRealm.java:38][http-nio-9090-exec-7] - permission的值为:{"menuList":["role","user","article"],"roleId":1,"nickname":"艾斯","roleName":"管理员","permissionList":["article:list","user:list","user:add","role:update","article:add","role:list","article:update","user:update","role:delete","role:add"],"userId":10001}
2020-06-04 15:09:38.119 INFO  --- [UserRealm.java:39][http-nio-9090-exec-10] - 本用户权限为:[article:list, user:list, user:add, role:update, article:add, role:list, article:update, user:update, role:delete, role:add]
2020-06-04 15:09:38.119 INFO  --- [UserRealm.java:39][http-nio-9090-exec-7] - 本用户权限为:[article:list, user:list, user:add, role:update, article:add, role:list, article:update, user:update, role:delete, role:add]
2020-06-04 15:47:40.904 INFO  --- [StartupInfoLogger.java:55][restartedMain] - Starting OasystemApplication on Win-1811022255 with PID 5808 (D:\weixin\project\OASystem\target\classes started by Administrator in D:\weixin\project\OASystem)
2020-06-04 15:47:40.908 INFO  --- [SpringApplication.java:651][restartedMain] - No active profile set, falling back to default profiles: default
2020-06-04 15:47:43.603 WARN  --- [AbstractApplicationContext.java:558][restartedMain] - Exception encountered during context initialization - cancelling refresh attempt: org.springframework.beans.factory.UnsatisfiedDependencyException: Error creating bean with name 'deptController': Unsatisfied dependency expressed through field 'deptDao'; nested exception is org.springframework.beans.factory.NoSuchBeanDefinitionException: No qualifying bean of type 'com.julong.oasystem.service.DeptService' available: expected at least 1 bean which qualifies as autowire candidate. Dependency annotations: {@org.springframework.beans.factory.annotation.Autowired(required=true)}
2020-06-04 15:47:43.730 ERROR --- [LoggingFailureAnalysisReporter.java:40][restartedMain] - 

***************************
APPLICATION FAILED TO START
***************************

Description:

Field deptDao in com.julong.oasystem.controller.DeptController required a bean of type 'com.julong.oasystem.service.DeptService' that could not be found.

The injection point has the following annotations:
	- @org.springframework.beans.factory.annotation.Autowired(required=true)


Action:

Consider defining a bean of type 'com.julong.oasystem.service.DeptService' in your configuration.

2020-06-04 15:49:33.894 INFO  --- [StartupInfoLogger.java:55][restartedMain] - Starting OasystemApplication on Win-1811022255 with PID 7604 (D:\weixin\project\OASystem\target\classes started by Administrator in D:\weixin\project\OASystem)
2020-06-04 15:49:33.900 INFO  --- [SpringApplication.java:651][restartedMain] - No active profile set, falling back to default profiles: default
2020-06-04 15:49:36.893 INFO  --- [StartupInfoLogger.java:61][restartedMain] - Started OasystemApplication in 4.242 seconds (JVM running for 5.76)
2020-06-04 16:15:07.248 INFO  --- [StartupInfoLogger.java:55][restartedMain] - Starting OasystemApplication on Win-1811022255 with PID 8328 (D:\weixin\project\OASystem\target\classes started by Administrator in D:\weixin\project\OASystem)
2020-06-04 16:15:07.254 INFO  --- [SpringApplication.java:651][restartedMain] - No active profile set, falling back to default profiles: default
2020-06-04 16:15:10.322 INFO  --- [StartupInfoLogger.java:61][restartedMain] - Started OasystemApplication in 4.31 seconds (JVM running for 6.073)
2020-06-04 16:15:13.780 INFO  --- [HikariDataSource.java:110][http-nio-9090-exec-1] - HikariPool-1 - Starting...
2020-06-04 16:15:13.782 WARN  --- [DriverDataSource.java:70][http-nio-9090-exec-1] - Registered driver with driverClassName=oracle.jdbc.driver.OracleDriver was not found, trying direct instantiation.
2020-06-04 16:15:14.003 INFO  --- [HikariDataSource.java:123][http-nio-9090-exec-1] - HikariPool-1 - Start completed.
2020-06-04 16:15:50.365 INFO  --- [StartupInfoLogger.java:55][restartedMain] - Starting OasystemApplication on Win-1811022255 with PID 8540 (D:\weixin\project\OASystem\target\classes started by Administrator in D:\weixin\project\OASystem)
2020-06-04 16:15:50.370 INFO  --- [SpringApplication.java:651][restartedMain] - No active profile set, falling back to default profiles: default
2020-06-04 16:15:53.981 INFO  --- [StartupInfoLogger.java:61][restartedMain] - Started OasystemApplication in 4.468 seconds (JVM running for 6.172)
2020-06-04 16:16:22.920 INFO  --- [HikariDataSource.java:110][http-nio-9090-exec-2] - HikariPool-1 - Starting...
2020-06-04 16:16:22.923 WARN  --- [DriverDataSource.java:70][http-nio-9090-exec-2] - Registered driver with driverClassName=oracle.jdbc.driver.OracleDriver was not found, trying direct instantiation.
2020-06-04 16:16:23.137 INFO  --- [HikariDataSource.java:123][http-nio-9090-exec-2] - HikariPool-1 - Start completed.
2020-06-04 16:21:43.309 INFO  --- [StartupInfoLogger.java:55][restartedMain] - Starting OasystemApplication on Win-1811022255 with PID 740 (D:\weixin\project\OASystem\target\classes started by Administrator in D:\weixin\project\OASystem)
2020-06-04 16:21:43.319 INFO  --- [SpringApplication.java:651][restartedMain] - No active profile set, falling back to default profiles: default
2020-06-04 16:21:47.418 INFO  --- [StartupInfoLogger.java:61][restartedMain] - Started OasystemApplication in 5.598 seconds (JVM running for 8.076)
2020-06-04 16:21:50.279 INFO  --- [HikariDataSource.java:110][http-nio-9090-exec-2] - HikariPool-1 - Starting...
2020-06-04 16:21:50.282 WARN  --- [DriverDataSource.java:70][http-nio-9090-exec-2] - Registered driver with driverClassName=oracle.jdbc.driver.OracleDriver was not found, trying direct instantiation.
2020-06-04 16:21:50.478 INFO  --- [HikariDataSource.java:123][http-nio-9090-exec-2] - HikariPool-1 - Start completed.
2020-06-04 16:36:44.395 INFO  --- [StartupInfoLogger.java:55][restartedMain] - Starting OasystemApplication on Win-1811022255 with PID 3900 (D:\weixin\project\OASystem\target\classes started by Administrator in D:\weixin\project\OASystem)
2020-06-04 16:36:44.402 INFO  --- [SpringApplication.java:651][restartedMain] - No active profile set, falling back to default profiles: default
2020-06-04 16:36:48.229 INFO  --- [StartupInfoLogger.java:61][restartedMain] - Started OasystemApplication in 4.668 seconds (JVM running for 6.318)
2020-06-04 16:37:22.105 INFO  --- [HikariDataSource.java:110][http-nio-9090-exec-2] - HikariPool-1 - Starting...
2020-06-04 16:37:22.108 WARN  --- [DriverDataSource.java:70][http-nio-9090-exec-2] - Registered driver with driverClassName=oracle.jdbc.driver.OracleDriver was not found, trying direct instantiation.
2020-06-04 16:37:22.317 INFO  --- [HikariDataSource.java:123][http-nio-9090-exec-2] - HikariPool-1 - Start completed.
2020-06-04 16:40:17.382 INFO  --- [StartupInfoLogger.java:55][restartedMain] - Starting OasystemApplication on Win-1811022255 with PID 2960 (D:\weixin\project\OASystem\target\classes started by Administrator in D:\weixin\project\OASystem)
2020-06-04 16:40:17.388 INFO  --- [SpringApplication.java:651][restartedMain] - No active profile set, falling back to default profiles: default
2020-06-04 16:40:20.934 INFO  --- [StartupInfoLogger.java:61][restartedMain] - Started OasystemApplication in 4.274 seconds (JVM running for 6.01)
2020-06-04 16:41:08.847 INFO  --- [HikariDataSource.java:110][http-nio-9090-exec-1] - HikariPool-1 - Starting...
2020-06-04 16:41:08.850 WARN  --- [DriverDataSource.java:70][http-nio-9090-exec-1] - Registered driver with driverClassName=oracle.jdbc.driver.OracleDriver was not found, trying direct instantiation.
2020-06-04 16:41:09.072 INFO  --- [HikariDataSource.java:123][http-nio-9090-exec-1] - HikariPool-1 - Start completed.
