2020-06-16 10:45:15.824 INFO  --- [StartupInfoLogger.java:55][restartedMain] - Starting OasystemApplication on Win-1811022255 with PID 4212 (D:\weixin\project\OASystem\target\classes started by Administrator in D:\weixin\project\OASystem)
2020-06-16 10:45:15.824 INFO  --- [SpringApplication.java:651][restartedMain] - No active profile set, falling back to default profiles: default
2020-06-16 10:45:20.033 INFO  --- [StartupInfoLogger.java:61][restartedMain] - Started OasystemApplication in 5.156 seconds (JVM running for 8.865)
2020-06-16 10:52:36.826 INFO  --- [HikariDataSource.java:110][http-nio-9090-exec-1] - HikariPool-1 - Starting...
2020-06-16 10:52:36.829 WARN  --- [DriverDataSource.java:70][http-nio-9090-exec-1] - Registered driver with driverClassName=oracle.jdbc.driver.OracleDriver was not found, trying direct instantiation.
2020-06-16 10:52:37.111 INFO  --- [HikariDataSource.java:123][http-nio-9090-exec-1] - HikariPool-1 - Start completed.
2020-06-16 11:10:08.799 INFO  --- [StartupInfoLogger.java:55][restartedMain] - Starting OasystemApplication on Win-1811022255 with PID 8176 (D:\weixin\project\OASystem\target\classes started by Administrator in D:\weixin\project\OASystem)
2020-06-16 11:10:08.804 INFO  --- [SpringApplication.java:651][restartedMain] - No active profile set, falling back to default profiles: default
2020-06-16 11:10:12.114 INFO  --- [StartupInfoLogger.java:61][restartedMain] - Started OasystemApplication in 4.944 seconds (JVM running for 6.6)
2020-06-16 11:14:35.768 INFO  --- [HikariDataSource.java:110][http-nio-9090-exec-2] - HikariPool-1 - Starting...
2020-06-16 11:14:35.772 WARN  --- [DriverDataSource.java:70][http-nio-9090-exec-2] - Registered driver with driverClassName=oracle.jdbc.driver.OracleDriver was not found, trying direct instantiation.
2020-06-16 11:14:35.994 INFO  --- [HikariDataSource.java:123][http-nio-9090-exec-2] - HikariPool-1 - Start completed.
2020-06-16 11:14:39.342 ERROR --- [GlobalExceptionHandler.java:44][http-nio-9090-exec-4] - 异常
java.lang.NullPointerException: null
	at com.julong.oasystem.controller.PaperController.paperLists(PaperController.java:55)
	at sun.reflect.NativeMethodAccessorImpl.invoke0(Native Method)
	at sun.reflect.NativeMethodAccessorImpl.invoke(NativeMethodAccessorImpl.java:62)
	at sun.reflect.DelegatingMethodAccessorImpl.invoke(DelegatingMethodAccessorImpl.java:43)
	at java.lang.reflect.Method.invoke(Method.java:498)
	at org.springframework.web.method.support.InvocableHandlerMethod.doInvoke(InvocableHandlerMethod.java:190)
	at org.springframework.web.method.support.InvocableHandlerMethod.invokeForRequest(InvocableHandlerMethod.java:138)
	at org.springframework.web.servlet.mvc.method.annotation.ServletInvocableHandlerMethod.invokeAndHandle(ServletInvocableHandlerMethod.java:105)
	at org.springframework.web.servlet.mvc.method.annotation.RequestMappingHandlerAdapter.invokeHandlerMethod(RequestMappingHandlerAdapter.java:879)
	at org.springframework.web.servlet.mvc.method.annotation.RequestMappingHandlerAdapter.handleInternal(RequestMappingHandlerAdapter.java:793)
	at org.springframework.web.servlet.mvc.method.AbstractHandlerMethodAdapter.handle(AbstractHandlerMethodAdapter.java:87)
	at org.springframework.web.servlet.DispatcherServlet.doDispatch(DispatcherServlet.java:1040)
	at org.springframework.web.servlet.DispatcherServlet.doService(DispatcherServlet.java:943)
	at org.springframework.web.servlet.FrameworkServlet.processRequest(FrameworkServlet.java:1006)
	at org.springframework.web.servlet.FrameworkServlet.doGet(FrameworkServlet.java:898)
	at javax.servlet.http.HttpServlet.service(HttpServlet.java:634)
	at org.springframework.web.servlet.FrameworkServlet.service(FrameworkServlet.java:883)
	at javax.servlet.http.HttpServlet.service(HttpServlet.java:741)
	at org.apache.catalina.core.ApplicationFilterChain.internalDoFilter(ApplicationFilterChain.java:231)
	at org.apache.catalina.core.ApplicationFilterChain.doFilter(ApplicationFilterChain.java:166)
	at org.apache.tomcat.websocket.server.WsFilter.doFilter(WsFilter.java:53)
	at org.apache.catalina.core.ApplicationFilterChain.internalDoFilter(ApplicationFilterChain.java:193)
	at org.apache.catalina.core.ApplicationFilterChain.doFilter(ApplicationFilterChain.java:166)
	at org.apache.shiro.web.servlet.ProxiedFilterChain.doFilter(ProxiedFilterChain.java:61)
	at org.apache.shiro.web.servlet.AdviceFilter.executeChain(AdviceFilter.java:108)
	at org.apache.shiro.web.servlet.AdviceFilter.doFilterInternal(AdviceFilter.java:137)
	at org.apache.shiro.web.servlet.OncePerRequestFilter.doFilter(OncePerRequestFilter.java:125)
	at org.apache.shiro.web.servlet.ProxiedFilterChain.doFilter(ProxiedFilterChain.java:66)
	at org.apache.shiro.web.servlet.AbstractShiroFilter.executeChain(AbstractShiroFilter.java:449)
	at org.apache.shiro.web.servlet.AbstractShiroFilter$1.call(AbstractShiroFilter.java:365)
	at org.apache.shiro.subject.support.SubjectCallable.doCall(SubjectCallable.java:90)
	at org.apache.shiro.subject.support.SubjectCallable.call(SubjectCallable.java:83)
	at org.apache.shiro.subject.support.DelegatingSubject.execute(DelegatingSubject.java:387)
	at org.apache.shiro.web.servlet.AbstractShiroFilter.doFilterInternal(AbstractShiroFilter.java:362)
	at org.apache.shiro.web.servlet.OncePerRequestFilter.doFilter(OncePerRequestFilter.java:125)
	at org.apache.catalina.core.ApplicationFilterChain.internalDoFilter(ApplicationFilterChain.java:193)
	at org.apache.catalina.core.ApplicationFilterChain.doFilter(ApplicationFilterChain.java:166)
	at org.springframework.web.filter.RequestContextFilter.doFilterInternal(RequestContextFilter.java:100)
	at org.springframework.web.filter.OncePerRequestFilter.doFilter(OncePerRequestFilter.java:119)
	at org.apache.catalina.core.ApplicationFilterChain.internalDoFilter(ApplicationFilterChain.java:193)
	at org.apache.catalina.core.ApplicationFilterChain.doFilter(ApplicationFilterChain.java:166)
	at org.springframework.web.filter.FormContentFilter.doFilterInternal(FormContentFilter.java:93)
	at org.springframework.web.filter.OncePerRequestFilter.doFilter(OncePerRequestFilter.java:119)
	at org.apache.catalina.core.ApplicationFilterChain.internalDoFilter(ApplicationFilterChain.java:193)
	at org.apache.catalina.core.ApplicationFilterChain.doFilter(ApplicationFilterChain.java:166)
	at org.springframework.web.filter.CharacterEncodingFilter.doFilterInternal(CharacterEncodingFilter.java:201)
	at org.springframework.web.filter.OncePerRequestFilter.doFilter(OncePerRequestFilter.java:119)
	at org.apache.catalina.core.ApplicationFilterChain.internalDoFilter(ApplicationFilterChain.java:193)
	at org.apache.catalina.core.ApplicationFilterChain.doFilter(ApplicationFilterChain.java:166)
	at org.apache.catalina.core.StandardWrapperValve.invoke(StandardWrapperValve.java:202)
	at org.apache.catalina.core.StandardContextValve.invoke(StandardContextValve.java:96)
	at org.apache.catalina.authenticator.AuthenticatorBase.invoke(AuthenticatorBase.java:541)
	at org.apache.catalina.core.StandardHostValve.invoke(StandardHostValve.java:139)
	at org.apache.catalina.valves.ErrorReportValve.invoke(ErrorReportValve.java:92)
	at org.apache.catalina.core.StandardEngineValve.invoke(StandardEngineValve.java:74)
	at org.apache.catalina.connector.CoyoteAdapter.service(CoyoteAdapter.java:343)
	at org.apache.coyote.http11.Http11Processor.service(Http11Processor.java:373)
	at org.apache.coyote.AbstractProcessorLight.process(AbstractProcessorLight.java:65)
	at org.apache.coyote.AbstractProtocol$ConnectionHandler.process(AbstractProtocol.java:868)
	at org.apache.tomcat.util.net.NioEndpoint$SocketProcessor.doRun(NioEndpoint.java:1590)
	at org.apache.tomcat.util.net.SocketProcessorBase.run(SocketProcessorBase.java:49)
	at java.util.concurrent.ThreadPoolExecutor.runWorker(ThreadPoolExecutor.java:1149)
	at java.util.concurrent.ThreadPoolExecutor$Worker.run(ThreadPoolExecutor.java:624)
	at org.apache.tomcat.util.threads.TaskThread$WrappingRunnable.run(TaskThread.java:61)
	at java.lang.Thread.run(Thread.java:748)
2020-06-16 11:14:39.344 WARN  --- [AbstractHandlerExceptionResolver.java:199][http-nio-9090-exec-4] - Resolved [java.lang.NullPointerException]
2020-06-16 11:25:29.040 INFO  --- [StartupInfoLogger.java:55][restartedMain] - Starting OasystemApplication on Win-1811022255 with PID 7968 (D:\weixin\project\OASystem\target\classes started by Administrator in D:\weixin\project\OASystem)
2020-06-16 11:25:29.040 INFO  --- [SpringApplication.java:651][restartedMain] - No active profile set, falling back to default profiles: default
2020-06-16 11:25:32.515 INFO  --- [StartupInfoLogger.java:61][restartedMain] - Started OasystemApplication in 4.406 seconds (JVM running for 6.5)
2020-06-16 11:25:57.624 INFO  --- [HikariDataSource.java:110][http-nio-9090-exec-2] - HikariPool-1 - Starting...
2020-06-16 11:25:57.626 WARN  --- [DriverDataSource.java:70][http-nio-9090-exec-2] - Registered driver with driverClassName=oracle.jdbc.driver.OracleDriver was not found, trying direct instantiation.
2020-06-16 11:25:57.837 INFO  --- [HikariDataSource.java:123][http-nio-9090-exec-2] - HikariPool-1 - Start completed.
2020-06-16 11:26:01.684 ERROR --- [GlobalExceptionHandler.java:44][http-nio-9090-exec-4] - 异常
org.springframework.jdbc.BadSqlGrammarException: 
### Error querying database.  Cause: java.sql.SQLSyntaxErrorException: ORA-00942: 表或视图不存在

### The error may exist in file [D:\weixin\project\OASystem\target\classes\mapper\PaperMapper.xml]
### The error may involve defaultParameterMap
### The error occurred while setting parameters
### SQL: SELECT             id,             user_id,             title,             create_time,             status,             start_time,             end_time         FROM paperVO         WHERE         user_id=? AND status in (0,1,2)
### Cause: java.sql.SQLSyntaxErrorException: ORA-00942: 表或视图不存在

; bad SQL grammar []; nested exception is java.sql.SQLSyntaxErrorException: ORA-00942: 表或视图不存在

	at org.springframework.jdbc.support.SQLErrorCodeSQLExceptionTranslator.doTranslate(SQLErrorCodeSQLExceptionTranslator.java:235)
	at org.springframework.jdbc.support.AbstractFallbackSQLExceptionTranslator.translate(AbstractFallbackSQLExceptionTranslator.java:72)
	at org.mybatis.spring.MyBatisExceptionTranslator.translateExceptionIfPossible(MyBatisExceptionTranslator.java:88)
	at org.mybatis.spring.SqlSessionTemplate$SqlSessionInterceptor.invoke(SqlSessionTemplate.java:440)
	at com.sun.proxy.$Proxy64.selectList(Unknown Source)
	at org.mybatis.spring.SqlSessionTemplate.selectList(SqlSessionTemplate.java:223)
	at org.apache.ibatis.binding.MapperMethod.executeForMany(MapperMethod.java:147)
	at org.apache.ibatis.binding.MapperMethod.execute(MapperMethod.java:80)
	at org.apache.ibatis.binding.MapperProxy$PlainMethodInvoker.invoke(MapperProxy.java:144)
	at org.apache.ibatis.binding.MapperProxy.invoke(MapperProxy.java:85)
	at com.sun.proxy.$Proxy91.queryPaperByUserID(Unknown Source)
	at com.julong.oasystem.service.impl.PaperServiceImpl.queryPaperByUserID(PaperServiceImpl.java:54)
	at com.julong.oasystem.service.impl.PaperServiceImpl$$FastClassBySpringCGLIB$$a4116e2b.invoke(<generated>)
	at org.springframework.cglib.proxy.MethodProxy.invoke(MethodProxy.java:218)
	at org.springframework.aop.framework.CglibAopProxy$DynamicAdvisedInterceptor.intercept(CglibAopProxy.java:687)
	at com.julong.oasystem.service.impl.PaperServiceImpl$$EnhancerBySpringCGLIB$$dd404da5.queryPaperByUserID(<generated>)
	at com.julong.oasystem.service.impl.PaperServiceImpl$$FastClassBySpringCGLIB$$a4116e2b.invoke(<generated>)
	at org.springframework.cglib.proxy.MethodProxy.invoke(MethodProxy.java:218)
	at org.springframework.aop.framework.CglibAopProxy$DynamicAdvisedInterceptor.intercept(CglibAopProxy.java:687)
	at com.julong.oasystem.service.impl.PaperServiceImpl$$EnhancerBySpringCGLIB$$6f471615.queryPaperByUserID(<generated>)
	at sun.reflect.NativeMethodAccessorImpl.invoke0(Native Method)
	at sun.reflect.NativeMethodAccessorImpl.invoke(NativeMethodAccessorImpl.java:62)
	at sun.reflect.DelegatingMethodAccessorImpl.invoke(DelegatingMethodAccessorImpl.java:43)
	at java.lang.reflect.Method.invoke(Method.java:498)
	at org.springframework.aop.support.AopUtils.invokeJoinpointUsingReflection(AopUtils.java:344)
	at org.springframework.aop.framework.JdkDynamicAopProxy.invoke(JdkDynamicAopProxy.java:205)
	at com.sun.proxy.$Proxy87.queryPaperByUserID(Unknown Source)
	at com.julong.oasystem.controller.PaperController.paperLists(PaperController.java:68)
	at sun.reflect.NativeMethodAccessorImpl.invoke0(Native Method)
	at sun.reflect.NativeMethodAccessorImpl.invoke(NativeMethodAccessorImpl.java:62)
	at sun.reflect.DelegatingMethodAccessorImpl.invoke(DelegatingMethodAccessorImpl.java:43)
	at java.lang.reflect.Method.invoke(Method.java:498)
	at org.springframework.web.method.support.InvocableHandlerMethod.doInvoke(InvocableHandlerMethod.java:190)
	at org.springframework.web.method.support.InvocableHandlerMethod.invokeForRequest(InvocableHandlerMethod.java:138)
	at org.springframework.web.servlet.mvc.method.annotation.ServletInvocableHandlerMethod.invokeAndHandle(ServletInvocableHandlerMethod.java:105)
	at org.springframework.web.servlet.mvc.method.annotation.RequestMappingHandlerAdapter.invokeHandlerMethod(RequestMappingHandlerAdapter.java:879)
	at org.springframework.web.servlet.mvc.method.annotation.RequestMappingHandlerAdapter.handleInternal(RequestMappingHandlerAdapter.java:793)
	at org.springframework.web.servlet.mvc.method.AbstractHandlerMethodAdapter.handle(AbstractHandlerMethodAdapter.java:87)
	at org.springframework.web.servlet.DispatcherServlet.doDispatch(DispatcherServlet.java:1040)
	at org.springframework.web.servlet.DispatcherServlet.doService(DispatcherServlet.java:943)
	at org.springframework.web.servlet.FrameworkServlet.processRequest(FrameworkServlet.java:1006)
	at org.springframework.web.servlet.FrameworkServlet.doGet(FrameworkServlet.java:898)
	at javax.servlet.http.HttpServlet.service(HttpServlet.java:634)
	at org.springframework.web.servlet.FrameworkServlet.service(FrameworkServlet.java:883)
	at javax.servlet.http.HttpServlet.service(HttpServlet.java:741)
	at org.apache.catalina.core.ApplicationFilterChain.internalDoFilter(ApplicationFilterChain.java:231)
	at org.apache.catalina.core.ApplicationFilterChain.doFilter(ApplicationFilterChain.java:166)
	at org.apache.tomcat.websocket.server.WsFilter.doFilter(WsFilter.java:53)
	at org.apache.catalina.core.ApplicationFilterChain.internalDoFilter(ApplicationFilterChain.java:193)
	at org.apache.catalina.core.ApplicationFilterChain.doFilter(ApplicationFilterChain.java:166)
	at org.apache.shiro.web.servlet.ProxiedFilterChain.doFilter(ProxiedFilterChain.java:61)
	at org.apache.shiro.web.servlet.AdviceFilter.executeChain(AdviceFilter.java:108)
	at org.apache.shiro.web.servlet.AdviceFilter.doFilterInternal(AdviceFilter.java:137)
	at org.apache.shiro.web.servlet.OncePerRequestFilter.doFilter(OncePerRequestFilter.java:125)
	at org.apache.shiro.web.servlet.ProxiedFilterChain.doFilter(ProxiedFilterChain.java:66)
	at org.apache.shiro.web.servlet.AbstractShiroFilter.executeChain(AbstractShiroFilter.java:449)
	at org.apache.shiro.web.servlet.AbstractShiroFilter$1.call(AbstractShiroFilter.java:365)
	at org.apache.shiro.subject.support.SubjectCallable.doCall(SubjectCallable.java:90)
	at org.apache.shiro.subject.support.SubjectCallable.call(SubjectCallable.java:83)
	at org.apache.shiro.subject.support.DelegatingSubject.execute(DelegatingSubject.java:387)
	at org.apache.shiro.web.servlet.AbstractShiroFilter.doFilterInternal(AbstractShiroFilter.java:362)
	at org.apache.shiro.web.servlet.OncePerRequestFilter.doFilter(OncePerRequestFilter.java:125)
	at org.apache.catalina.core.ApplicationFilterChain.internalDoFilter(ApplicationFilterChain.java:193)
	at org.apache.catalina.core.ApplicationFilterChain.doFilter(ApplicationFilterChain.java:166)
	at org.springframework.web.filter.RequestContextFilter.doFilterInternal(RequestContextFilter.java:100)
	at org.springframework.web.filter.OncePerRequestFilter.doFilter(OncePerRequestFilter.java:119)
	at org.apache.catalina.core.ApplicationFilterChain.internalDoFilter(ApplicationFilterChain.java:193)
	at org.apache.catalina.core.ApplicationFilterChain.doFilter(ApplicationFilterChain.java:166)
	at org.springframework.web.filter.FormContentFilter.doFilterInternal(FormContentFilter.java:93)
	at org.springframework.web.filter.OncePerRequestFilter.doFilter(OncePerRequestFilter.java:119)
	at org.apache.catalina.core.ApplicationFilterChain.internalDoFilter(ApplicationFilterChain.java:193)
	at org.apache.catalina.core.ApplicationFilterChain.doFilter(ApplicationFilterChain.java:166)
	at org.springframework.web.filter.CharacterEncodingFilter.doFilterInternal(CharacterEncodingFilter.java:201)
	at org.springframework.web.filter.OncePerRequestFilter.doFilter(OncePerRequestFilter.java:119)
	at org.apache.catalina.core.ApplicationFilterChain.internalDoFilter(ApplicationFilterChain.java:193)
	at org.apache.catalina.core.ApplicationFilterChain.doFilter(ApplicationFilterChain.java:166)
	at org.apache.catalina.core.StandardWrapperValve.invoke(StandardWrapperValve.java:202)
	at org.apache.catalina.core.StandardContextValve.invoke(StandardContextValve.java:96)
	at org.apache.catalina.authenticator.AuthenticatorBase.invoke(AuthenticatorBase.java:541)
	at org.apache.catalina.core.StandardHostValve.invoke(StandardHostValve.java:139)
	at org.apache.catalina.valves.ErrorReportValve.invoke(ErrorReportValve.java:92)
	at org.apache.catalina.core.StandardEngineValve.invoke(StandardEngineValve.java:74)
	at org.apache.catalina.connector.CoyoteAdapter.service(CoyoteAdapter.java:343)
	at org.apache.coyote.http11.Http11Processor.service(Http11Processor.java:373)
	at org.apache.coyote.AbstractProcessorLight.process(AbstractProcessorLight.java:65)
	at org.apache.coyote.AbstractProtocol$ConnectionHandler.process(AbstractProtocol.java:868)
	at org.apache.tomcat.util.net.NioEndpoint$SocketProcessor.doRun(NioEndpoint.java:1590)
	at org.apache.tomcat.util.net.SocketProcessorBase.run(SocketProcessorBase.java:49)
	at java.util.concurrent.ThreadPoolExecutor.runWorker(ThreadPoolExecutor.java:1149)
	at java.util.concurrent.ThreadPoolExecutor$Worker.run(ThreadPoolExecutor.java:624)
	at org.apache.tomcat.util.threads.TaskThread$WrappingRunnable.run(TaskThread.java:61)
	at java.lang.Thread.run(Thread.java:748)
Caused by: java.sql.SQLSyntaxErrorException: ORA-00942: 表或视图不存在

	at oracle.jdbc.driver.T4CTTIoer11.processError(T4CTTIoer11.java:509)
	at oracle.jdbc.driver.T4CTTIoer11.processError(T4CTTIoer11.java:461)
	at oracle.jdbc.driver.T4C8Oall.processError(T4C8Oall.java:1104)
	at oracle.jdbc.driver.T4CTTIfun.receive(T4CTTIfun.java:550)
	at oracle.jdbc.driver.T4CTTIfun.doRPC(T4CTTIfun.java:268)
	at oracle.jdbc.driver.T4C8Oall.doOALL(T4C8Oall.java:655)
	at oracle.jdbc.driver.T4CPreparedStatement.doOall8(T4CPreparedStatement.java:270)
	at oracle.jdbc.driver.T4CPreparedStatement.doOall8(T4CPreparedStatement.java:91)
	at oracle.jdbc.driver.T4CPreparedStatement.executeForDescribe(T4CPreparedStatement.java:807)
	at oracle.jdbc.driver.OracleStatement.executeMaybeDescribe(OracleStatement.java:983)
	at oracle.jdbc.driver.OracleStatement.doExecuteWithTimeout(OracleStatement.java:1168)
	at oracle.jdbc.driver.OraclePreparedStatement.executeInternal(OraclePreparedStatement.java:3666)
	at oracle.jdbc.driver.T4CPreparedStatement.executeInternal(T4CPreparedStatement.java:1426)
	at oracle.jdbc.driver.OraclePreparedStatement.execute(OraclePreparedStatement.java:3778)
	at oracle.jdbc.driver.OraclePreparedStatementWrapper.execute(OraclePreparedStatementWrapper.java:1081)
	at com.zaxxer.hikari.pool.ProxyPreparedStatement.execute(ProxyPreparedStatement.java:44)
	at com.zaxxer.hikari.pool.HikariProxyPreparedStatement.execute(HikariProxyPreparedStatement.java)
	at sun.reflect.NativeMethodAccessorImpl.invoke0(Native Method)
	at sun.reflect.NativeMethodAccessorImpl.invoke(NativeMethodAccessorImpl.java:62)
	at sun.reflect.DelegatingMethodAccessorImpl.invoke(DelegatingMethodAccessorImpl.java:43)
	at java.lang.reflect.Method.invoke(Method.java:498)
	at org.apache.ibatis.logging.jdbc.PreparedStatementLogger.invoke(PreparedStatementLogger.java:59)
	at com.sun.proxy.$Proxy101.execute(Unknown Source)
	at org.apache.ibatis.executor.statement.PreparedStatementHandler.query(PreparedStatementHandler.java:64)
	at org.apache.ibatis.executor.statement.RoutingStatementHandler.query(RoutingStatementHandler.java:79)
	at org.apache.ibatis.executor.SimpleExecutor.doQuery(SimpleExecutor.java:63)
	at org.apache.ibatis.executor.BaseExecutor.queryFromDatabase(BaseExecutor.java:324)
	at org.apache.ibatis.executor.BaseExecutor.query(BaseExecutor.java:156)
	at org.apache.ibatis.executor.CachingExecutor.query(CachingExecutor.java:109)
	at org.apache.ibatis.executor.CachingExecutor.query(CachingExecutor.java:83)
	at org.apache.ibatis.session.defaults.DefaultSqlSession.selectList(DefaultSqlSession.java:147)
	at org.apache.ibatis.session.defaults.DefaultSqlSession.selectList(DefaultSqlSession.java:140)
	at sun.reflect.NativeMethodAccessorImpl.invoke0(Native Method)
	at sun.reflect.NativeMethodAccessorImpl.invoke(NativeMethodAccessorImpl.java:62)
	at sun.reflect.DelegatingMethodAccessorImpl.invoke(DelegatingMethodAccessorImpl.java:43)
	at java.lang.reflect.Method.invoke(Method.java:498)
	at org.mybatis.spring.SqlSessionTemplate$SqlSessionInterceptor.invoke(SqlSessionTemplate.java:426)
	... 88 common frames omitted
Caused by: oracle.jdbc.OracleDatabaseException: ORA-00942: 表或视图不存在

	at oracle.jdbc.driver.T4CTTIoer11.processError(T4CTTIoer11.java:513)
	... 124 common frames omitted
2020-06-16 11:26:01.690 WARN  --- [AbstractHandlerExceptionResolver.java:199][http-nio-9090-exec-4] - Resolved [org.springframework.jdbc.BadSqlGrammarException: 
### Error querying database.  Cause: java.sql.SQLSyntaxErrorException: ORA-00942: 表或视图不存在

### The error may exist in file [D:\weixin\project\OASystem\target\classes\mapper\PaperMapper.xml]
### The error may involve defaultParameterMap
### The error occurred while setting parameters
### SQL: SELECT             id,             user_id,             title,             create_time,             status,             start_time,             end_time         FROM paperVO         WHERE         user_id=? AND status in (0,1,2)
### Cause: java.sql.SQLSyntaxErrorException: ORA-00942: 表或视图不存在

; bad SQL grammar []; nested exception is java.sql.SQLSyntaxErrorException: ORA-00942: 表或视图不存在
]
2020-06-16 11:28:38.080 INFO  --- [StartupInfoLogger.java:55][restartedMain] - Starting OasystemApplication on Win-1811022255 with PID 6296 (D:\weixin\project\OASystem\target\classes started by Administrator in D:\weixin\project\OASystem)
2020-06-16 11:28:38.085 INFO  --- [SpringApplication.java:651][restartedMain] - No active profile set, falling back to default profiles: default
2020-06-16 11:28:41.800 INFO  --- [StartupInfoLogger.java:61][restartedMain] - Started OasystemApplication in 4.838 seconds (JVM running for 6.489)
2020-06-16 11:30:26.240 INFO  --- [HikariDataSource.java:110][http-nio-9090-exec-2] - HikariPool-1 - Starting...
2020-06-16 11:30:26.242 WARN  --- [DriverDataSource.java:70][http-nio-9090-exec-2] - Registered driver with driverClassName=oracle.jdbc.driver.OracleDriver was not found, trying direct instantiation.
2020-06-16 11:30:26.442 INFO  --- [HikariDataSource.java:123][http-nio-9090-exec-2] - HikariPool-1 - Start completed.
2020-06-16 11:35:26.294 INFO  --- [StartupInfoLogger.java:55][restartedMain] - Starting OasystemApplication on Win-1811022255 with PID 7420 (D:\weixin\project\OASystem\target\classes started by Administrator in D:\weixin\project\OASystem)
2020-06-16 11:35:26.300 INFO  --- [SpringApplication.java:651][restartedMain] - No active profile set, falling back to default profiles: default
2020-06-16 11:35:29.689 INFO  --- [StartupInfoLogger.java:61][restartedMain] - Started OasystemApplication in 4.432 seconds (JVM running for 6.267)
2020-06-16 14:56:21.440 INFO  --- [StartupInfoLogger.java:55][restartedMain] - Starting OasystemApplication on Win-1811022255 with PID 10432 (D:\weixin\project\OASystem\target\classes started by Administrator in D:\weixin\project\OASystem)
2020-06-16 14:56:21.446 INFO  --- [SpringApplication.java:651][restartedMain] - No active profile set, falling back to default profiles: default
2020-06-16 14:56:25.783 INFO  --- [StartupInfoLogger.java:61][restartedMain] - Started OasystemApplication in 5.302 seconds (JVM running for 12.54)
2020-06-16 14:56:36.234 INFO  --- [HikariDataSource.java:110][http-nio-9090-exec-2] - HikariPool-1 - Starting...
2020-06-16 14:56:36.236 WARN  --- [DriverDataSource.java:70][http-nio-9090-exec-2] - Registered driver with driverClassName=oracle.jdbc.driver.OracleDriver was not found, trying direct instantiation.
2020-06-16 14:56:36.538 INFO  --- [HikariDataSource.java:123][http-nio-9090-exec-2] - HikariPool-1 - Start completed.
