2020-06-02 10:13:50.126 INFO  --- [StartupInfoLogger.java:55][restartedMain] - Starting OasystemApplication on Win-1811022255 with PID 6664 (D:\weixin\project\OASystem\target\classes started by Administrator in D:\weixin\project\OASystem)
2020-06-02 10:13:50.133 INFO  --- [SpringApplication.java:651][restartedMain] - No active profile set, falling back to default profiles: default
2020-06-02 10:13:53.928 INFO  --- [StartupInfoLogger.java:61][restartedMain] - Started OasystemApplication in 4.645 seconds (JVM running for 7.625)
2020-06-02 10:14:26.368 INFO  --- [HikariDataSource.java:110][http-nio-9090-exec-1] - HikariPool-1 - Starting...
2020-06-02 10:14:26.371 WARN  --- [DriverDataSource.java:70][http-nio-9090-exec-1] - Registered driver with driverClassName=oracle.jdbc.driver.OracleDriver was not found, trying direct instantiation.
2020-06-02 10:14:26.616 INFO  --- [HikariDataSource.java:123][http-nio-9090-exec-1] - HikariPool-1 - Start completed.
2020-06-02 10:14:30.268 INFO  --- [UserRealm.java:38][http-nio-9090-exec-4] - permission的值为:{"menuList":["role","user","article"],"roleId":1,"nickname":"艾斯","roleName":"管理员","permissionList":["article:list","user:list","user:add","role:update","article:add","role:list","article:update","user:update","role:delete","role:add"],"userId":10001}
2020-06-02 10:14:30.269 INFO  --- [UserRealm.java:39][http-nio-9090-exec-4] - 本用户权限为:[article:list, user:list, user:add, role:update, article:add, role:list, article:update, user:update, role:delete, role:add]
2020-06-02 10:14:55.470 INFO  --- [UserRealm.java:38][http-nio-9090-exec-6] - permission的值为:{"menuList":["role","user","article"],"roleId":1,"nickname":"艾斯","roleName":"管理员","permissionList":["article:list","user:list","user:add","role:update","article:add","role:list","article:update","user:update","role:delete","role:add"],"userId":10001}
2020-06-02 10:14:55.471 INFO  --- [UserRealm.java:39][http-nio-9090-exec-6] - 本用户权限为:[article:list, user:list, user:add, role:update, article:add, role:list, article:update, user:update, role:delete, role:add]
2020-06-02 10:15:08.226 INFO  --- [UserRealm.java:38][http-nio-9090-exec-8] - permission的值为:{"menuList":["role","user","article"],"roleId":1,"nickname":"艾斯","roleName":"管理员","permissionList":["article:list","user:list","user:add","role:update","article:add","role:list","article:update","user:update","role:delete","role:add"],"userId":10001}
2020-06-02 10:15:08.226 INFO  --- [UserRealm.java:39][http-nio-9090-exec-8] - 本用户权限为:[article:list, user:list, user:add, role:update, article:add, role:list, article:update, user:update, role:delete, role:add]
2020-06-02 10:15:10.416 INFO  --- [UserRealm.java:38][http-nio-9090-exec-10] - permission的值为:{"menuList":["role","user","article"],"roleId":1,"nickname":"艾斯","roleName":"管理员","permissionList":["article:list","user:list","user:add","role:update","article:add","role:list","article:update","user:update","role:delete","role:add"],"userId":10001}
2020-06-02 10:15:10.416 INFO  --- [UserRealm.java:39][http-nio-9090-exec-10] - 本用户权限为:[article:list, user:list, user:add, role:update, article:add, role:list, article:update, user:update, role:delete, role:add]
2020-06-02 10:15:13.351 INFO  --- [UserRealm.java:38][http-nio-9090-exec-2] - permission的值为:{"menuList":["role","user","article"],"roleId":1,"nickname":"艾斯","roleName":"管理员","permissionList":["article:list","user:list","user:add","role:update","article:add","role:list","article:update","user:update","role:delete","role:add"],"userId":10001}
2020-06-02 10:15:13.352 INFO  --- [UserRealm.java:39][http-nio-9090-exec-2] - 本用户权限为:[article:list, user:list, user:add, role:update, article:add, role:list, article:update, user:update, role:delete, role:add]
2020-06-02 10:15:25.379 INFO  --- [UserRealm.java:38][http-nio-9090-exec-4] - permission的值为:{"menuList":["role","user","article"],"roleId":1,"nickname":"艾斯","roleName":"管理员","permissionList":["article:list","user:list","user:add","role:update","article:add","role:list","article:update","user:update","role:delete","role:add"],"userId":10001}
2020-06-02 10:15:25.379 INFO  --- [UserRealm.java:39][http-nio-9090-exec-4] - 本用户权限为:[article:list, user:list, user:add, role:update, article:add, role:list, article:update, user:update, role:delete, role:add]
2020-06-02 10:15:42.646 INFO  --- [UserRealm.java:38][http-nio-9090-exec-5] - permission的值为:{"menuList":["role","user","article"],"roleId":1,"nickname":"艾斯","roleName":"管理员","permissionList":["article:list","user:list","user:add","role:update","article:add","role:list","article:update","user:update","role:delete","role:add"],"userId":10001}
2020-06-02 10:15:42.646 INFO  --- [UserRealm.java:39][http-nio-9090-exec-5] - 本用户权限为:[article:list, user:list, user:add, role:update, article:add, role:list, article:update, user:update, role:delete, role:add]
2020-06-02 10:16:10.720 INFO  --- [UserRealm.java:38][http-nio-9090-exec-3] - permission的值为:{"menuList":["role","user","article"],"roleId":1,"nickname":"艾斯","roleName":"管理员","permissionList":["article:list","user:list","user:add","role:update","article:add","role:list","article:update","user:update","role:delete","role:add"],"userId":10001}
2020-06-02 10:16:10.721 INFO  --- [UserRealm.java:39][http-nio-9090-exec-3] - 本用户权限为:[article:list, user:list, user:add, role:update, article:add, role:list, article:update, user:update, role:delete, role:add]
2020-06-02 10:16:24.549 INFO  --- [UserRealm.java:38][http-nio-9090-exec-3] - permission的值为:{"menuList":["role","user","article"],"roleId":1,"nickname":"艾斯","roleName":"管理员","permissionList":["article:list","user:list","user:add","role:update","article:add","role:list","article:update","user:update","role:delete","role:add"],"userId":10001}
2020-06-02 10:16:24.551 INFO  --- [UserRealm.java:39][http-nio-9090-exec-3] - 本用户权限为:[article:list, user:list, user:add, role:update, article:add, role:list, article:update, user:update, role:delete, role:add]
2020-06-02 10:16:26.064 INFO  --- [UserRealm.java:38][http-nio-9090-exec-6] - permission的值为:{"menuList":["role","user","article"],"roleId":1,"nickname":"艾斯","roleName":"管理员","permissionList":["article:list","user:list","user:add","role:update","article:add","role:list","article:update","user:update","role:delete","role:add"],"userId":10001}
2020-06-02 10:16:26.065 INFO  --- [UserRealm.java:39][http-nio-9090-exec-6] - 本用户权限为:[article:list, user:list, user:add, role:update, article:add, role:list, article:update, user:update, role:delete, role:add]
2020-06-02 14:05:10.261 INFO  --- [StartupInfoLogger.java:55][restartedMain] - Starting OasystemApplication on Win-1811022255 with PID 5416 (D:\weixin\project\OASystem\target\classes started by Administrator in D:\weixin\project\OASystem)
2020-06-02 14:05:10.265 INFO  --- [SpringApplication.java:651][restartedMain] - No active profile set, falling back to default profiles: default
2020-06-02 14:05:13.034 WARN  --- [AbstractApplicationContext.java:558][restartedMain] - Exception encountered during context initialization - cancelling refresh attempt: org.springframework.beans.factory.UnsatisfiedDependencyException: Error creating bean with name 'meetController': Unsatisfied dependency expressed through field 'meeService'; nested exception is org.springframework.beans.factory.NoSuchBeanDefinitionException: No qualifying bean of type 'com.julong.oasystem.service.MeetService' available: expected at least 1 bean which qualifies as autowire candidate. Dependency annotations: {@org.springframework.beans.factory.annotation.Autowired(required=true)}
2020-06-02 14:05:13.172 ERROR --- [LoggingFailureAnalysisReporter.java:40][restartedMain] - 

***************************
APPLICATION FAILED TO START
***************************

Description:

Field meeService in com.julong.oasystem.controller.MeetController required a bean of type 'com.julong.oasystem.service.MeetService' that could not be found.

The injection point has the following annotations:
	- @org.springframework.beans.factory.annotation.Autowired(required=true)


Action:

Consider defining a bean of type 'com.julong.oasystem.service.MeetService' in your configuration.

2020-06-02 14:34:11.157 INFO  --- [StartupInfoLogger.java:55][restartedMain] - Starting OasystemApplication on Win-1811022255 with PID 8140 (D:\weixin\project\OASystem\target\classes started by Administrator in D:\weixin\project\OASystem)
2020-06-02 14:34:11.166 INFO  --- [SpringApplication.java:651][restartedMain] - No active profile set, falling back to default profiles: default
2020-06-02 14:34:14.684 INFO  --- [StartupInfoLogger.java:61][restartedMain] - Started OasystemApplication in 4.41 seconds (JVM running for 6.23)
2020-06-02 14:37:02.936 INFO  --- [HikariDataSource.java:110][http-nio-9090-exec-1] - HikariPool-1 - Starting...
2020-06-02 14:37:02.939 WARN  --- [DriverDataSource.java:70][http-nio-9090-exec-1] - Registered driver with driverClassName=oracle.jdbc.driver.OracleDriver was not found, trying direct instantiation.
2020-06-02 14:37:03.166 INFO  --- [HikariDataSource.java:123][http-nio-9090-exec-1] - HikariPool-1 - Start completed.
2020-06-02 14:37:08.302 INFO  --- [UserRealm.java:38][http-nio-9090-exec-7] - permission的值为:{"menuList":["role","user","article"],"roleId":1,"nickname":"艾斯","roleName":"管理员","permissionList":["article:list","user:list","user:add","role:update","article:add","role:list","article:update","user:update","role:delete","role:add"],"userId":10001}
2020-06-02 14:37:08.302 INFO  --- [UserRealm.java:39][http-nio-9090-exec-7] - 本用户权限为:[article:list, user:list, user:add, role:update, article:add, role:list, article:update, user:update, role:delete, role:add]
2020-06-02 15:37:54.776 ERROR --- [GlobalExceptionHandler.java:44][http-nio-9090-exec-9] - 异常
org.springframework.jdbc.BadSqlGrammarException: 
### Error querying database.  Cause: java.sql.SQLSyntaxErrorException: ORA-00923: 未找到要求的 FROM 关键字

### The error may exist in file [D:\weixin\project\OASystem\target\classes\mapper\MeetMapper.xml]
### The error may involve defaultParameterMap
### The error occurred while setting parameters
### SQL: SELECT         obj.id as "id",         obj.create_By as "create_By",         user.nickname as "nickname"         obj.title as "title",         obj.descr as "descr",         obj.meet_RoomId   as "meet_RoomId",         obj.status as "status",         TO_CHAR(obj.start_Time,'yyyy-mm-dd hh24:mi:ss')  as "start_Time",         TO_CHAR( obj.create_Time,'yyyy-mm-dd hh24:mi:ss')  as "create_Time"         FROM OA_MEET obj,OA_USER users         WHERE users.id = obj.create_By         AND status != 3         ORDER BY obj.id
### Cause: java.sql.SQLSyntaxErrorException: ORA-00923: 未找到要求的 FROM 关键字

; bad SQL grammar []; nested exception is java.sql.SQLSyntaxErrorException: ORA-00923: 未找到要求的 FROM 关键字

	at org.springframework.jdbc.support.SQLExceptionSubclassTranslator.doTranslate(SQLExceptionSubclassTranslator.java:93)
	at org.springframework.jdbc.support.AbstractFallbackSQLExceptionTranslator.translate(AbstractFallbackSQLExceptionTranslator.java:72)
	at org.springframework.jdbc.support.AbstractFallbackSQLExceptionTranslator.translate(AbstractFallbackSQLExceptionTranslator.java:81)
	at org.mybatis.spring.MyBatisExceptionTranslator.translateExceptionIfPossible(MyBatisExceptionTranslator.java:88)
	at org.mybatis.spring.SqlSessionTemplate$SqlSessionInterceptor.invoke(SqlSessionTemplate.java:440)
	at com.sun.proxy.$Proxy64.selectList(Unknown Source)
	at org.mybatis.spring.SqlSessionTemplate.selectList(SqlSessionTemplate.java:223)
	at org.apache.ibatis.binding.MapperMethod.executeForMany(MapperMethod.java:147)
	at org.apache.ibatis.binding.MapperMethod.execute(MapperMethod.java:80)
	at org.apache.ibatis.binding.MapperProxy$PlainMethodInvoker.invoke(MapperProxy.java:144)
	at org.apache.ibatis.binding.MapperProxy.invoke(MapperProxy.java:85)
	at com.sun.proxy.$Proxy83.listByPage(Unknown Source)
	at com.julong.oasystem.service.impl.MeetServiceImpl.list(MeetServiceImpl.java:35)
	at com.julong.oasystem.controller.MeetController.list(MeetController.java:60)
	at sun.reflect.NativeMethodAccessorImpl.invoke0(Native Method)
	at sun.reflect.NativeMethodAccessorImpl.invoke(NativeMethodAccessorImpl.java:62)
	at sun.reflect.DelegatingMethodAccessorImpl.invoke(DelegatingMethodAccessorImpl.java:43)
	at java.lang.reflect.Method.invoke(Method.java:498)
	at org.springframework.web.method.support.InvocableHandlerMethod.doInvoke(InvocableHandlerMethod.java:190)
	at org.springframework.web.method.support.InvocableHandlerMethod.invokeForRequest(InvocableHandlerMethod.java:138)
	at org.springframework.web.servlet.mvc.method.annotation.ServletInvocableHandlerMethod.invokeAndHandle(ServletInvocableHandlerMethod.java:105)
	at org.springframework.web.servlet.mvc.method.annotation.RequestMappingHandlerAdapter.invokeHandlerMethod(RequestMappingHandlerAdapter.java:879)
	at org.springframework.web.servlet.mvc.method.annotation.RequestMappingHandlerAdapter.handleInternal(RequestMappingHandlerAdapter.java:793)
	at org.springframework.web.servlet.mvc.method.AbstractHandlerMethodAdapter.handle(AbstractHandlerMethodAdapter.java:87)
	at org.springframework.web.servlet.DispatcherServlet.doDispatch(DispatcherServlet.java:1040)
	at org.springframework.web.servlet.DispatcherServlet.doService(DispatcherServlet.java:943)
	at org.springframework.web.servlet.FrameworkServlet.processRequest(FrameworkServlet.java:1006)
	at org.springframework.web.servlet.FrameworkServlet.doGet(FrameworkServlet.java:898)
	at javax.servlet.http.HttpServlet.service(HttpServlet.java:634)
	at org.springframework.web.servlet.FrameworkServlet.service(FrameworkServlet.java:883)
	at javax.servlet.http.HttpServlet.service(HttpServlet.java:741)
	at org.apache.catalina.core.ApplicationFilterChain.internalDoFilter(ApplicationFilterChain.java:231)
	at org.apache.catalina.core.ApplicationFilterChain.doFilter(ApplicationFilterChain.java:166)
	at org.apache.tomcat.websocket.server.WsFilter.doFilter(WsFilter.java:53)
	at org.apache.catalina.core.ApplicationFilterChain.internalDoFilter(ApplicationFilterChain.java:193)
	at org.apache.catalina.core.ApplicationFilterChain.doFilter(ApplicationFilterChain.java:166)
	at org.apache.shiro.web.servlet.ProxiedFilterChain.doFilter(ProxiedFilterChain.java:61)
	at org.apache.shiro.web.servlet.AdviceFilter.executeChain(AdviceFilter.java:108)
	at org.apache.shiro.web.servlet.AdviceFilter.doFilterInternal(AdviceFilter.java:137)
	at org.apache.shiro.web.servlet.OncePerRequestFilter.doFilter(OncePerRequestFilter.java:125)
	at org.apache.shiro.web.servlet.ProxiedFilterChain.doFilter(ProxiedFilterChain.java:66)
	at org.apache.shiro.web.servlet.AbstractShiroFilter.executeChain(AbstractShiroFilter.java:449)
	at org.apache.shiro.web.servlet.AbstractShiroFilter$1.call(AbstractShiroFilter.java:365)
	at org.apache.shiro.subject.support.SubjectCallable.doCall(SubjectCallable.java:90)
	at org.apache.shiro.subject.support.SubjectCallable.call(SubjectCallable.java:83)
	at org.apache.shiro.subject.support.DelegatingSubject.execute(DelegatingSubject.java:387)
	at org.apache.shiro.web.servlet.AbstractShiroFilter.doFilterInternal(AbstractShiroFilter.java:362)
	at org.apache.shiro.web.servlet.OncePerRequestFilter.doFilter(OncePerRequestFilter.java:125)
	at org.apache.catalina.core.ApplicationFilterChain.internalDoFilter(ApplicationFilterChain.java:193)
	at org.apache.catalina.core.ApplicationFilterChain.doFilter(ApplicationFilterChain.java:166)
	at org.springframework.web.filter.RequestContextFilter.doFilterInternal(RequestContextFilter.java:100)
	at org.springframework.web.filter.OncePerRequestFilter.doFilter(OncePerRequestFilter.java:119)
	at org.apache.catalina.core.ApplicationFilterChain.internalDoFilter(ApplicationFilterChain.java:193)
	at org.apache.catalina.core.ApplicationFilterChain.doFilter(ApplicationFilterChain.java:166)
	at org.springframework.web.filter.FormContentFilter.doFilterInternal(FormContentFilter.java:93)
	at org.springframework.web.filter.OncePerRequestFilter.doFilter(OncePerRequestFilter.java:119)
	at org.apache.catalina.core.ApplicationFilterChain.internalDoFilter(ApplicationFilterChain.java:193)
	at org.apache.catalina.core.ApplicationFilterChain.doFilter(ApplicationFilterChain.java:166)
	at org.springframework.web.filter.CharacterEncodingFilter.doFilterInternal(CharacterEncodingFilter.java:201)
	at org.springframework.web.filter.OncePerRequestFilter.doFilter(OncePerRequestFilter.java:119)
	at org.apache.catalina.core.ApplicationFilterChain.internalDoFilter(ApplicationFilterChain.java:193)
	at org.apache.catalina.core.ApplicationFilterChain.doFilter(ApplicationFilterChain.java:166)
	at org.apache.catalina.core.StandardWrapperValve.invoke(StandardWrapperValve.java:202)
	at org.apache.catalina.core.StandardContextValve.invoke(StandardContextValve.java:96)
	at org.apache.catalina.authenticator.AuthenticatorBase.invoke(AuthenticatorBase.java:541)
	at org.apache.catalina.core.StandardHostValve.invoke(StandardHostValve.java:139)
	at org.apache.catalina.valves.ErrorReportValve.invoke(ErrorReportValve.java:92)
	at org.apache.catalina.core.StandardEngineValve.invoke(StandardEngineValve.java:74)
	at org.apache.catalina.connector.CoyoteAdapter.service(CoyoteAdapter.java:343)
	at org.apache.coyote.http11.Http11Processor.service(Http11Processor.java:373)
	at org.apache.coyote.AbstractProcessorLight.process(AbstractProcessorLight.java:65)
	at org.apache.coyote.AbstractProtocol$ConnectionHandler.process(AbstractProtocol.java:868)
	at org.apache.tomcat.util.net.NioEndpoint$SocketProcessor.doRun(NioEndpoint.java:1590)
	at org.apache.tomcat.util.net.SocketProcessorBase.run(SocketProcessorBase.java:49)
	at java.util.concurrent.ThreadPoolExecutor.runWorker(ThreadPoolExecutor.java:1149)
	at java.util.concurrent.ThreadPoolExecutor$Worker.run(ThreadPoolExecutor.java:624)
	at org.apache.tomcat.util.threads.TaskThread$WrappingRunnable.run(TaskThread.java:61)
	at java.lang.Thread.run(Thread.java:748)
Caused by: java.sql.SQLSyntaxErrorException: ORA-00923: 未找到要求的 FROM 关键字

	at oracle.jdbc.driver.T4CTTIoer11.processError(T4CTTIoer11.java:509)
	at oracle.jdbc.driver.T4CTTIoer11.processError(T4CTTIoer11.java:461)
	at oracle.jdbc.driver.T4C8Oall.processError(T4C8Oall.java:1104)
	at oracle.jdbc.driver.T4CTTIfun.receive(T4CTTIfun.java:550)
	at oracle.jdbc.driver.T4CTTIfun.doRPC(T4CTTIfun.java:268)
	at oracle.jdbc.driver.T4C8Oall.doOALL(T4C8Oall.java:655)
	at oracle.jdbc.driver.T4CPreparedStatement.doOall8(T4CPreparedStatement.java:270)
	at oracle.jdbc.driver.T4CPreparedStatement.doOall8(T4CPreparedStatement.java:91)
	at oracle.jdbc.driver.T4CPreparedStatement.executeForDescribe(T4CPreparedStatement.java:807)
	at oracle.jdbc.driver.OracleStatement.executeMaybeDescribe(OracleStatement.java:983)
	at oracle.jdbc.driver.OracleStatement.doExecuteWithTimeout(OracleStatement.java:1168)
	at oracle.jdbc.driver.OraclePreparedStatement.executeInternal(OraclePreparedStatement.java:3666)
	at oracle.jdbc.driver.T4CPreparedStatement.executeInternal(T4CPreparedStatement.java:1426)
	at oracle.jdbc.driver.OraclePreparedStatement.execute(OraclePreparedStatement.java:3778)
	at oracle.jdbc.driver.OraclePreparedStatementWrapper.execute(OraclePreparedStatementWrapper.java:1081)
	at com.zaxxer.hikari.pool.ProxyPreparedStatement.execute(ProxyPreparedStatement.java:44)
	at com.zaxxer.hikari.pool.HikariProxyPreparedStatement.execute(HikariProxyPreparedStatement.java)
	at sun.reflect.NativeMethodAccessorImpl.invoke0(Native Method)
	at sun.reflect.NativeMethodAccessorImpl.invoke(NativeMethodAccessorImpl.java:62)
	at sun.reflect.DelegatingMethodAccessorImpl.invoke(DelegatingMethodAccessorImpl.java:43)
	at java.lang.reflect.Method.invoke(Method.java:498)
	at org.apache.ibatis.logging.jdbc.PreparedStatementLogger.invoke(PreparedStatementLogger.java:59)
	at com.sun.proxy.$Proxy93.execute(Unknown Source)
	at org.apache.ibatis.executor.statement.PreparedStatementHandler.query(PreparedStatementHandler.java:64)
	at org.apache.ibatis.executor.statement.RoutingStatementHandler.query(RoutingStatementHandler.java:79)
	at org.apache.ibatis.executor.SimpleExecutor.doQuery(SimpleExecutor.java:63)
	at org.apache.ibatis.executor.BaseExecutor.queryFromDatabase(BaseExecutor.java:324)
	at org.apache.ibatis.executor.BaseExecutor.query(BaseExecutor.java:156)
	at org.apache.ibatis.executor.CachingExecutor.query(CachingExecutor.java:109)
	at org.apache.ibatis.executor.CachingExecutor.query(CachingExecutor.java:83)
	at org.apache.ibatis.session.defaults.DefaultSqlSession.selectList(DefaultSqlSession.java:147)
	at org.apache.ibatis.session.defaults.DefaultSqlSession.selectList(DefaultSqlSession.java:140)
	at sun.reflect.NativeMethodAccessorImpl.invoke0(Native Method)
	at sun.reflect.NativeMethodAccessorImpl.invoke(NativeMethodAccessorImpl.java:62)
	at sun.reflect.DelegatingMethodAccessorImpl.invoke(DelegatingMethodAccessorImpl.java:43)
	at java.lang.reflect.Method.invoke(Method.java:498)
	at org.mybatis.spring.SqlSessionTemplate$SqlSessionInterceptor.invoke(SqlSessionTemplate.java:426)
	... 73 common frames omitted
Caused by: oracle.jdbc.OracleDatabaseException: ORA-00923: 未找到要求的 FROM 关键字

	at oracle.jdbc.driver.T4CTTIoer11.processError(T4CTTIoer11.java:513)
	... 109 common frames omitted
2020-06-02 15:37:54.779 WARN  --- [AbstractHandlerExceptionResolver.java:199][http-nio-9090-exec-9] - Resolved [org.springframework.jdbc.BadSqlGrammarException: 
### Error querying database.  Cause: java.sql.SQLSyntaxErrorException: ORA-00923: 未找到要求的 FROM 关键字

### The error may exist in file [D:\weixin\project\OASystem\target\classes\mapper\MeetMapper.xml]
### The error may involve defaultParameterMap
### The error occurred while setting parameters
### SQL: SELECT         obj.id as "id",         obj.create_By as "create_By",         user.nickname as "nickname"         obj.title as "title",         obj.descr as "descr",         obj.meet_RoomId   as "meet_RoomId",         obj.status as "status",         TO_CHAR(obj.start_Time,'yyyy-mm-dd hh24:mi:ss')  as "start_Time",         TO_CHAR( obj.create_Time,'yyyy-mm-dd hh24:mi:ss')  as "create_Time"         FROM OA_MEET obj,OA_USER users         WHERE users.id = obj.create_By         AND status != 3         ORDER BY obj.id
### Cause: java.sql.SQLSyntaxErrorException: ORA-00923: 未找到要求的 FROM 关键字

; bad SQL grammar []; nested exception is java.sql.SQLSyntaxErrorException: ORA-00923: 未找到要求的 FROM 关键字
]
2020-06-02 15:46:37.029 INFO  --- [UserRealm.java:38][http-nio-9090-exec-1] - permission的值为:{"menuList":["role","user","article"],"roleId":1,"nickname":"艾斯","roleName":"管理员","permissionList":["article:list","user:list","user:add","role:update","article:add","role:list","article:update","user:update","role:delete","role:add"],"userId":10001}
2020-06-02 15:46:37.030 INFO  --- [UserRealm.java:39][http-nio-9090-exec-1] - 本用户权限为:[article:list, user:list, user:add, role:update, article:add, role:list, article:update, user:update, role:delete, role:add]
2020-06-02 15:46:37.031 INFO  --- [UserRealm.java:38][http-nio-9090-exec-3] - permission的值为:{"menuList":["role","user","article"],"roleId":1,"nickname":"艾斯","roleName":"管理员","permissionList":["article:list","user:list","user:add","role:update","article:add","role:list","article:update","user:update","role:delete","role:add"],"userId":10001}
2020-06-02 15:46:37.032 INFO  --- [UserRealm.java:39][http-nio-9090-exec-3] - 本用户权限为:[article:list, user:list, user:add, role:update, article:add, role:list, article:update, user:update, role:delete, role:add]
2020-06-02 15:46:37.033 INFO  --- [UserRealm.java:38][http-nio-9090-exec-3] - permission的值为:{"menuList":["role","user","article"],"roleId":1,"nickname":"艾斯","roleName":"管理员","permissionList":["article:list","user:list","user:add","role:update","article:add","role:list","article:update","user:update","role:delete","role:add"],"userId":10001}
2020-06-02 15:46:37.034 INFO  --- [UserRealm.java:39][http-nio-9090-exec-3] - 本用户权限为:[article:list, user:list, user:add, role:update, article:add, role:list, article:update, user:update, role:delete, role:add]
2020-06-02 15:46:39.947 INFO  --- [UserRealm.java:38][http-nio-9090-exec-6] - permission的值为:{"menuList":["role","user","article"],"roleId":1,"nickname":"艾斯","roleName":"管理员","permissionList":["article:list","user:list","user:add","role:update","article:add","role:list","article:update","user:update","role:delete","role:add"],"userId":10001}
2020-06-02 15:46:39.948 INFO  --- [UserRealm.java:39][http-nio-9090-exec-6] - 本用户权限为:[article:list, user:list, user:add, role:update, article:add, role:list, article:update, user:update, role:delete, role:add]
2020-06-02 15:46:39.952 INFO  --- [UserRealm.java:38][http-nio-9090-exec-7] - permission的值为:{"menuList":["role","user","article"],"roleId":1,"nickname":"艾斯","roleName":"管理员","permissionList":["article:list","user:list","user:add","role:update","article:add","role:list","article:update","user:update","role:delete","role:add"],"userId":10001}
2020-06-02 15:46:39.953 INFO  --- [UserRealm.java:39][http-nio-9090-exec-7] - 本用户权限为:[article:list, user:list, user:add, role:update, article:add, role:list, article:update, user:update, role:delete, role:add]
2020-06-02 15:46:45.656 INFO  --- [UserRealm.java:38][http-nio-9090-exec-10] - permission的值为:{"menuList":["role","user","article"],"roleId":1,"nickname":"艾斯","roleName":"管理员","permissionList":["article:list","user:list","user:add","role:update","article:add","role:list","article:update","user:update","role:delete","role:add"],"userId":10001}
2020-06-02 15:46:45.657 INFO  --- [UserRealm.java:39][http-nio-9090-exec-10] - 本用户权限为:[article:list, user:list, user:add, role:update, article:add, role:list, article:update, user:update, role:delete, role:add]
2020-06-02 15:51:00.341 INFO  --- [StartupInfoLogger.java:55][restartedMain] - Starting OasystemApplication on Win-1811022255 with PID 9144 (D:\weixin\project\OASystem\target\classes started by Administrator in D:\weixin\project\OASystem)
2020-06-02 15:51:00.347 INFO  --- [SpringApplication.java:651][restartedMain] - No active profile set, falling back to default profiles: default
2020-06-02 15:51:04.167 INFO  --- [StartupInfoLogger.java:61][restartedMain] - Started OasystemApplication in 4.479 seconds (JVM running for 5.979)
2020-06-02 15:51:17.661 INFO  --- [HikariDataSource.java:110][http-nio-9090-exec-2] - HikariPool-1 - Starting...
2020-06-02 15:51:17.664 WARN  --- [DriverDataSource.java:70][http-nio-9090-exec-2] - Registered driver with driverClassName=oracle.jdbc.driver.OracleDriver was not found, trying direct instantiation.
2020-06-02 15:51:17.859 INFO  --- [HikariDataSource.java:123][http-nio-9090-exec-2] - HikariPool-1 - Start completed.
2020-06-02 15:51:21.042 ERROR --- [GlobalExceptionHandler.java:44][http-nio-9090-exec-3] - 异常
org.springframework.jdbc.BadSqlGrammarException: 
### Error querying database.  Cause: java.sql.SQLSyntaxErrorException: ORA-00923: 未找到要求的 FROM 关键字

### The error may exist in file [D:\weixin\project\OASystem\target\classes\mapper\MeetMapper.xml]
### The error may involve defaultParameterMap
### The error occurred while setting parameters
### SQL: SELECT         obj.id as "id",         obj.create_By as "create_By",         user.nickname as "nickname",         obj.title as "title",         obj.descr as "descr",         obj.meet_RoomId   as "meet_RoomId",         obj.status as "status",         TO_CHAR(obj.start_Time,'yyyy-mm-dd hh24:mi:ss')  as "start_Time",         TO_CHAR( obj.create_Time,'yyyy-mm-dd hh24:mi:ss')  as "create_Time"          FROM OA_MEET obj,OA_USER users         WHERE users.id = obj.create_By         AND status != 3         ORDER BY obj.id
### Cause: java.sql.SQLSyntaxErrorException: ORA-00923: 未找到要求的 FROM 关键字

; bad SQL grammar []; nested exception is java.sql.SQLSyntaxErrorException: ORA-00923: 未找到要求的 FROM 关键字

	at org.springframework.jdbc.support.SQLExceptionSubclassTranslator.doTranslate(SQLExceptionSubclassTranslator.java:93)
	at org.springframework.jdbc.support.AbstractFallbackSQLExceptionTranslator.translate(AbstractFallbackSQLExceptionTranslator.java:72)
	at org.springframework.jdbc.support.AbstractFallbackSQLExceptionTranslator.translate(AbstractFallbackSQLExceptionTranslator.java:81)
	at org.mybatis.spring.MyBatisExceptionTranslator.translateExceptionIfPossible(MyBatisExceptionTranslator.java:88)
	at org.mybatis.spring.SqlSessionTemplate$SqlSessionInterceptor.invoke(SqlSessionTemplate.java:440)
	at com.sun.proxy.$Proxy64.selectList(Unknown Source)
	at org.mybatis.spring.SqlSessionTemplate.selectList(SqlSessionTemplate.java:223)
	at org.apache.ibatis.binding.MapperMethod.executeForMany(MapperMethod.java:147)
	at org.apache.ibatis.binding.MapperMethod.execute(MapperMethod.java:80)
	at org.apache.ibatis.binding.MapperProxy$PlainMethodInvoker.invoke(MapperProxy.java:144)
	at org.apache.ibatis.binding.MapperProxy.invoke(MapperProxy.java:85)
	at com.sun.proxy.$Proxy83.listByPage(Unknown Source)
	at com.julong.oasystem.service.impl.MeetServiceImpl.list(MeetServiceImpl.java:35)
	at com.julong.oasystem.controller.MeetController.list(MeetController.java:60)
	at sun.reflect.NativeMethodAccessorImpl.invoke0(Native Method)
	at sun.reflect.NativeMethodAccessorImpl.invoke(NativeMethodAccessorImpl.java:62)
	at sun.reflect.DelegatingMethodAccessorImpl.invoke(DelegatingMethodAccessorImpl.java:43)
	at java.lang.reflect.Method.invoke(Method.java:498)
	at org.springframework.web.method.support.InvocableHandlerMethod.doInvoke(InvocableHandlerMethod.java:190)
	at org.springframework.web.method.support.InvocableHandlerMethod.invokeForRequest(InvocableHandlerMethod.java:138)
	at org.springframework.web.servlet.mvc.method.annotation.ServletInvocableHandlerMethod.invokeAndHandle(ServletInvocableHandlerMethod.java:105)
	at org.springframework.web.servlet.mvc.method.annotation.RequestMappingHandlerAdapter.invokeHandlerMethod(RequestMappingHandlerAdapter.java:879)
	at org.springframework.web.servlet.mvc.method.annotation.RequestMappingHandlerAdapter.handleInternal(RequestMappingHandlerAdapter.java:793)
	at org.springframework.web.servlet.mvc.method.AbstractHandlerMethodAdapter.handle(AbstractHandlerMethodAdapter.java:87)
	at org.springframework.web.servlet.DispatcherServlet.doDispatch(DispatcherServlet.java:1040)
	at org.springframework.web.servlet.DispatcherServlet.doService(DispatcherServlet.java:943)
	at org.springframework.web.servlet.FrameworkServlet.processRequest(FrameworkServlet.java:1006)
	at org.springframework.web.servlet.FrameworkServlet.doGet(FrameworkServlet.java:898)
	at javax.servlet.http.HttpServlet.service(HttpServlet.java:634)
	at org.springframework.web.servlet.FrameworkServlet.service(FrameworkServlet.java:883)
	at javax.servlet.http.HttpServlet.service(HttpServlet.java:741)
	at org.apache.catalina.core.ApplicationFilterChain.internalDoFilter(ApplicationFilterChain.java:231)
	at org.apache.catalina.core.ApplicationFilterChain.doFilter(ApplicationFilterChain.java:166)
	at org.apache.tomcat.websocket.server.WsFilter.doFilter(WsFilter.java:53)
	at org.apache.catalina.core.ApplicationFilterChain.internalDoFilter(ApplicationFilterChain.java:193)
	at org.apache.catalina.core.ApplicationFilterChain.doFilter(ApplicationFilterChain.java:166)
	at org.apache.shiro.web.servlet.ProxiedFilterChain.doFilter(ProxiedFilterChain.java:61)
	at org.apache.shiro.web.servlet.AdviceFilter.executeChain(AdviceFilter.java:108)
	at org.apache.shiro.web.servlet.AdviceFilter.doFilterInternal(AdviceFilter.java:137)
	at org.apache.shiro.web.servlet.OncePerRequestFilter.doFilter(OncePerRequestFilter.java:125)
	at org.apache.shiro.web.servlet.ProxiedFilterChain.doFilter(ProxiedFilterChain.java:66)
	at org.apache.shiro.web.servlet.AbstractShiroFilter.executeChain(AbstractShiroFilter.java:449)
	at org.apache.shiro.web.servlet.AbstractShiroFilter$1.call(AbstractShiroFilter.java:365)
	at org.apache.shiro.subject.support.SubjectCallable.doCall(SubjectCallable.java:90)
	at org.apache.shiro.subject.support.SubjectCallable.call(SubjectCallable.java:83)
	at org.apache.shiro.subject.support.DelegatingSubject.execute(DelegatingSubject.java:387)
	at org.apache.shiro.web.servlet.AbstractShiroFilter.doFilterInternal(AbstractShiroFilter.java:362)
	at org.apache.shiro.web.servlet.OncePerRequestFilter.doFilter(OncePerRequestFilter.java:125)
	at org.apache.catalina.core.ApplicationFilterChain.internalDoFilter(ApplicationFilterChain.java:193)
	at org.apache.catalina.core.ApplicationFilterChain.doFilter(ApplicationFilterChain.java:166)
	at org.springframework.web.filter.RequestContextFilter.doFilterInternal(RequestContextFilter.java:100)
	at org.springframework.web.filter.OncePerRequestFilter.doFilter(OncePerRequestFilter.java:119)
	at org.apache.catalina.core.ApplicationFilterChain.internalDoFilter(ApplicationFilterChain.java:193)
	at org.apache.catalina.core.ApplicationFilterChain.doFilter(ApplicationFilterChain.java:166)
	at org.springframework.web.filter.FormContentFilter.doFilterInternal(FormContentFilter.java:93)
	at org.springframework.web.filter.OncePerRequestFilter.doFilter(OncePerRequestFilter.java:119)
	at org.apache.catalina.core.ApplicationFilterChain.internalDoFilter(ApplicationFilterChain.java:193)
	at org.apache.catalina.core.ApplicationFilterChain.doFilter(ApplicationFilterChain.java:166)
	at org.springframework.web.filter.CharacterEncodingFilter.doFilterInternal(CharacterEncodingFilter.java:201)
	at org.springframework.web.filter.OncePerRequestFilter.doFilter(OncePerRequestFilter.java:119)
	at org.apache.catalina.core.ApplicationFilterChain.internalDoFilter(ApplicationFilterChain.java:193)
	at org.apache.catalina.core.ApplicationFilterChain.doFilter(ApplicationFilterChain.java:166)
	at org.apache.catalina.core.StandardWrapperValve.invoke(StandardWrapperValve.java:202)
	at org.apache.catalina.core.StandardContextValve.invoke(StandardContextValve.java:96)
	at org.apache.catalina.authenticator.AuthenticatorBase.invoke(AuthenticatorBase.java:541)
	at org.apache.catalina.core.StandardHostValve.invoke(StandardHostValve.java:139)
	at org.apache.catalina.valves.ErrorReportValve.invoke(ErrorReportValve.java:92)
	at org.apache.catalina.core.StandardEngineValve.invoke(StandardEngineValve.java:74)
	at org.apache.catalina.connector.CoyoteAdapter.service(CoyoteAdapter.java:343)
	at org.apache.coyote.http11.Http11Processor.service(Http11Processor.java:373)
	at org.apache.coyote.AbstractProcessorLight.process(AbstractProcessorLight.java:65)
	at org.apache.coyote.AbstractProtocol$ConnectionHandler.process(AbstractProtocol.java:868)
	at org.apache.tomcat.util.net.NioEndpoint$SocketProcessor.doRun(NioEndpoint.java:1590)
	at org.apache.tomcat.util.net.SocketProcessorBase.run(SocketProcessorBase.java:49)
	at java.util.concurrent.ThreadPoolExecutor.runWorker(ThreadPoolExecutor.java:1149)
	at java.util.concurrent.ThreadPoolExecutor$Worker.run(ThreadPoolExecutor.java:624)
	at org.apache.tomcat.util.threads.TaskThread$WrappingRunnable.run(TaskThread.java:61)
	at java.lang.Thread.run(Thread.java:748)
Caused by: java.sql.SQLSyntaxErrorException: ORA-00923: 未找到要求的 FROM 关键字

	at oracle.jdbc.driver.T4CTTIoer11.processError(T4CTTIoer11.java:509)
	at oracle.jdbc.driver.T4CTTIoer11.processError(T4CTTIoer11.java:461)
	at oracle.jdbc.driver.T4C8Oall.processError(T4C8Oall.java:1104)
	at oracle.jdbc.driver.T4CTTIfun.receive(T4CTTIfun.java:550)
	at oracle.jdbc.driver.T4CTTIfun.doRPC(T4CTTIfun.java:268)
	at oracle.jdbc.driver.T4C8Oall.doOALL(T4C8Oall.java:655)
	at oracle.jdbc.driver.T4CPreparedStatement.doOall8(T4CPreparedStatement.java:270)
	at oracle.jdbc.driver.T4CPreparedStatement.doOall8(T4CPreparedStatement.java:91)
	at oracle.jdbc.driver.T4CPreparedStatement.executeForDescribe(T4CPreparedStatement.java:807)
	at oracle.jdbc.driver.OracleStatement.executeMaybeDescribe(OracleStatement.java:983)
	at oracle.jdbc.driver.OracleStatement.doExecuteWithTimeout(OracleStatement.java:1168)
	at oracle.jdbc.driver.OraclePreparedStatement.executeInternal(OraclePreparedStatement.java:3666)
	at oracle.jdbc.driver.T4CPreparedStatement.executeInternal(T4CPreparedStatement.java:1426)
	at oracle.jdbc.driver.OraclePreparedStatement.execute(OraclePreparedStatement.java:3778)
	at oracle.jdbc.driver.OraclePreparedStatementWrapper.execute(OraclePreparedStatementWrapper.java:1081)
	at com.zaxxer.hikari.pool.ProxyPreparedStatement.execute(ProxyPreparedStatement.java:44)
	at com.zaxxer.hikari.pool.HikariProxyPreparedStatement.execute(HikariProxyPreparedStatement.java)
	at sun.reflect.NativeMethodAccessorImpl.invoke0(Native Method)
	at sun.reflect.NativeMethodAccessorImpl.invoke(NativeMethodAccessorImpl.java:62)
	at sun.reflect.DelegatingMethodAccessorImpl.invoke(DelegatingMethodAccessorImpl.java:43)
	at java.lang.reflect.Method.invoke(Method.java:498)
	at org.apache.ibatis.logging.jdbc.PreparedStatementLogger.invoke(PreparedStatementLogger.java:59)
	at com.sun.proxy.$Proxy93.execute(Unknown Source)
	at org.apache.ibatis.executor.statement.PreparedStatementHandler.query(PreparedStatementHandler.java:64)
	at org.apache.ibatis.executor.statement.RoutingStatementHandler.query(RoutingStatementHandler.java:79)
	at org.apache.ibatis.executor.SimpleExecutor.doQuery(SimpleExecutor.java:63)
	at org.apache.ibatis.executor.BaseExecutor.queryFromDatabase(BaseExecutor.java:324)
	at org.apache.ibatis.executor.BaseExecutor.query(BaseExecutor.java:156)
	at org.apache.ibatis.executor.CachingExecutor.query(CachingExecutor.java:109)
	at org.apache.ibatis.executor.CachingExecutor.query(CachingExecutor.java:83)
	at org.apache.ibatis.session.defaults.DefaultSqlSession.selectList(DefaultSqlSession.java:147)
	at org.apache.ibatis.session.defaults.DefaultSqlSession.selectList(DefaultSqlSession.java:140)
	at sun.reflect.NativeMethodAccessorImpl.invoke0(Native Method)
	at sun.reflect.NativeMethodAccessorImpl.invoke(NativeMethodAccessorImpl.java:62)
	at sun.reflect.DelegatingMethodAccessorImpl.invoke(DelegatingMethodAccessorImpl.java:43)
	at java.lang.reflect.Method.invoke(Method.java:498)
	at org.mybatis.spring.SqlSessionTemplate$SqlSessionInterceptor.invoke(SqlSessionTemplate.java:426)
	... 73 common frames omitted
Caused by: oracle.jdbc.OracleDatabaseException: ORA-00923: 未找到要求的 FROM 关键字

	at oracle.jdbc.driver.T4CTTIoer11.processError(T4CTTIoer11.java:513)
	... 109 common frames omitted
2020-06-02 15:51:21.045 WARN  --- [AbstractHandlerExceptionResolver.java:199][http-nio-9090-exec-3] - Resolved [org.springframework.jdbc.BadSqlGrammarException: 
### Error querying database.  Cause: java.sql.SQLSyntaxErrorException: ORA-00923: 未找到要求的 FROM 关键字

### The error may exist in file [D:\weixin\project\OASystem\target\classes\mapper\MeetMapper.xml]
### The error may involve defaultParameterMap
### The error occurred while setting parameters
### SQL: SELECT         obj.id as "id",         obj.create_By as "create_By",         user.nickname as "nickname",         obj.title as "title",         obj.descr as "descr",         obj.meet_RoomId   as "meet_RoomId",         obj.status as "status",         TO_CHAR(obj.start_Time,'yyyy-mm-dd hh24:mi:ss')  as "start_Time",         TO_CHAR( obj.create_Time,'yyyy-mm-dd hh24:mi:ss')  as "create_Time"          FROM OA_MEET obj,OA_USER users         WHERE users.id = obj.create_By         AND status != 3         ORDER BY obj.id
### Cause: java.sql.SQLSyntaxErrorException: ORA-00923: 未找到要求的 FROM 关键字

; bad SQL grammar []; nested exception is java.sql.SQLSyntaxErrorException: ORA-00923: 未找到要求的 FROM 关键字
]
2020-06-02 16:16:57.882 INFO  --- [StartupInfoLogger.java:55][restartedMain] - Starting OasystemApplication on Win-1811022255 with PID 7476 (D:\weixin\project\OASystem\target\classes started by Administrator in D:\weixin\project\OASystem)
2020-06-02 16:16:57.927 INFO  --- [SpringApplication.java:651][restartedMain] - No active profile set, falling back to default profiles: default
2020-06-02 16:17:01.219 INFO  --- [StartupInfoLogger.java:61][restartedMain] - Started OasystemApplication in 4.628 seconds (JVM running for 6.339)
2020-06-02 16:17:15.272 INFO  --- [HikariDataSource.java:110][http-nio-9090-exec-2] - HikariPool-1 - Starting...
2020-06-02 16:17:15.275 WARN  --- [DriverDataSource.java:70][http-nio-9090-exec-2] - Registered driver with driverClassName=oracle.jdbc.driver.OracleDriver was not found, trying direct instantiation.
2020-06-02 16:17:15.476 INFO  --- [HikariDataSource.java:123][http-nio-9090-exec-2] - HikariPool-1 - Start completed.
2020-06-02 16:22:54.948 INFO  --- [UserRealm.java:38][http-nio-9090-exec-10] - permission的值为:{"menuList":["role","user","article"],"roleId":1,"nickname":"艾斯","roleName":"管理员","permissionList":["article:list","user:list","user:add","role:update","article:add","role:list","article:update","user:update","role:delete","role:add"],"userId":10001}
2020-06-02 16:22:54.948 INFO  --- [UserRealm.java:39][http-nio-9090-exec-10] - 本用户权限为:[article:list, user:list, user:add, role:update, article:add, role:list, article:update, user:update, role:delete, role:add]
2020-06-02 16:29:44.702 INFO  --- [StartupInfoLogger.java:55][restartedMain] - Starting OasystemApplication on Win-1811022255 with PID 1996 (D:\weixin\project\OASystem\target\classes started by Administrator in D:\weixin\project\OASystem)
2020-06-02 16:29:44.707 INFO  --- [SpringApplication.java:651][restartedMain] - No active profile set, falling back to default profiles: default
2020-06-02 16:29:48.618 INFO  --- [StartupInfoLogger.java:61][restartedMain] - Started OasystemApplication in 4.671 seconds (JVM running for 6.379)
2020-06-02 16:35:05.609 INFO  --- [HikariDataSource.java:110][http-nio-9090-exec-2] - HikariPool-1 - Starting...
2020-06-02 16:35:05.612 WARN  --- [DriverDataSource.java:70][http-nio-9090-exec-2] - Registered driver with driverClassName=oracle.jdbc.driver.OracleDriver was not found, trying direct instantiation.
2020-06-02 16:35:05.821 INFO  --- [HikariDataSource.java:123][http-nio-9090-exec-2] - HikariPool-1 - Start completed.
2020-06-02 16:35:09.015 ERROR --- [GlobalExceptionHandler.java:44][http-nio-9090-exec-4] - 异常
org.springframework.jdbc.BadSqlGrammarException: 
### Error querying database.  Cause: java.sql.SQLSyntaxErrorException: ORA-00918: 未明确定义列

### The error may exist in file [D:\weixin\project\OASystem\target\classes\mapper\MeetMapper.xml]
### The error may involve defaultParameterMap
### The error occurred while setting parameters
### SQL: SELECT         obj.id as "id",         obj.create_By as "create_By",         users.nickname as "nickname",         obj.title as "title",         obj.descr as "descr",         obj.meet_RoomId   as "meet_RoomId",         room.meetRoomName as "roomName",         obj.status as "status",         TO_CHAR(obj.start_Time,'yyyy-mm-dd hh24:mi:ss')  as "start_Time",         TO_CHAR( obj.create_Time,'yyyy-mm-dd hh24:mi:ss')  as "create_Time"          FROM OA_MEET obj,OA_USER users,OA_MEETINGROOM room         WHERE users.id = obj.create_By         AND  obj.meet_RoomId = room.id         AND status != 3         ORDER BY obj.id
### Cause: java.sql.SQLSyntaxErrorException: ORA-00918: 未明确定义列

; bad SQL grammar []; nested exception is java.sql.SQLSyntaxErrorException: ORA-00918: 未明确定义列

	at org.springframework.jdbc.support.SQLExceptionSubclassTranslator.doTranslate(SQLExceptionSubclassTranslator.java:93)
	at org.springframework.jdbc.support.AbstractFallbackSQLExceptionTranslator.translate(AbstractFallbackSQLExceptionTranslator.java:72)
	at org.springframework.jdbc.support.AbstractFallbackSQLExceptionTranslator.translate(AbstractFallbackSQLExceptionTranslator.java:81)
	at org.mybatis.spring.MyBatisExceptionTranslator.translateExceptionIfPossible(MyBatisExceptionTranslator.java:88)
	at org.mybatis.spring.SqlSessionTemplate$SqlSessionInterceptor.invoke(SqlSessionTemplate.java:440)
	at com.sun.proxy.$Proxy64.selectList(Unknown Source)
	at org.mybatis.spring.SqlSessionTemplate.selectList(SqlSessionTemplate.java:223)
	at org.apache.ibatis.binding.MapperMethod.executeForMany(MapperMethod.java:147)
	at org.apache.ibatis.binding.MapperMethod.execute(MapperMethod.java:80)
	at org.apache.ibatis.binding.MapperProxy$PlainMethodInvoker.invoke(MapperProxy.java:144)
	at org.apache.ibatis.binding.MapperProxy.invoke(MapperProxy.java:85)
	at com.sun.proxy.$Proxy83.listByPage(Unknown Source)
	at com.julong.oasystem.service.impl.MeetServiceImpl.list(MeetServiceImpl.java:36)
	at com.julong.oasystem.controller.MeetController.list(MeetController.java:60)
	at sun.reflect.NativeMethodAccessorImpl.invoke0(Native Method)
	at sun.reflect.NativeMethodAccessorImpl.invoke(NativeMethodAccessorImpl.java:62)
	at sun.reflect.DelegatingMethodAccessorImpl.invoke(DelegatingMethodAccessorImpl.java:43)
	at java.lang.reflect.Method.invoke(Method.java:498)
	at org.springframework.web.method.support.InvocableHandlerMethod.doInvoke(InvocableHandlerMethod.java:190)
	at org.springframework.web.method.support.InvocableHandlerMethod.invokeForRequest(InvocableHandlerMethod.java:138)
	at org.springframework.web.servlet.mvc.method.annotation.ServletInvocableHandlerMethod.invokeAndHandle(ServletInvocableHandlerMethod.java:105)
	at org.springframework.web.servlet.mvc.method.annotation.RequestMappingHandlerAdapter.invokeHandlerMethod(RequestMappingHandlerAdapter.java:879)
	at org.springframework.web.servlet.mvc.method.annotation.RequestMappingHandlerAdapter.handleInternal(RequestMappingHandlerAdapter.java:793)
	at org.springframework.web.servlet.mvc.method.AbstractHandlerMethodAdapter.handle(AbstractHandlerMethodAdapter.java:87)
	at org.springframework.web.servlet.DispatcherServlet.doDispatch(DispatcherServlet.java:1040)
	at org.springframework.web.servlet.DispatcherServlet.doService(DispatcherServlet.java:943)
	at org.springframework.web.servlet.FrameworkServlet.processRequest(FrameworkServlet.java:1006)
	at org.springframework.web.servlet.FrameworkServlet.doGet(FrameworkServlet.java:898)
	at javax.servlet.http.HttpServlet.service(HttpServlet.java:634)
	at org.springframework.web.servlet.FrameworkServlet.service(FrameworkServlet.java:883)
	at javax.servlet.http.HttpServlet.service(HttpServlet.java:741)
	at org.apache.catalina.core.ApplicationFilterChain.internalDoFilter(ApplicationFilterChain.java:231)
	at org.apache.catalina.core.ApplicationFilterChain.doFilter(ApplicationFilterChain.java:166)
	at org.apache.tomcat.websocket.server.WsFilter.doFilter(WsFilter.java:53)
	at org.apache.catalina.core.ApplicationFilterChain.internalDoFilter(ApplicationFilterChain.java:193)
	at org.apache.catalina.core.ApplicationFilterChain.doFilter(ApplicationFilterChain.java:166)
	at org.apache.shiro.web.servlet.ProxiedFilterChain.doFilter(ProxiedFilterChain.java:61)
	at org.apache.shiro.web.servlet.AdviceFilter.executeChain(AdviceFilter.java:108)
	at org.apache.shiro.web.servlet.AdviceFilter.doFilterInternal(AdviceFilter.java:137)
	at org.apache.shiro.web.servlet.OncePerRequestFilter.doFilter(OncePerRequestFilter.java:125)
	at org.apache.shiro.web.servlet.ProxiedFilterChain.doFilter(ProxiedFilterChain.java:66)
	at org.apache.shiro.web.servlet.AbstractShiroFilter.executeChain(AbstractShiroFilter.java:449)
	at org.apache.shiro.web.servlet.AbstractShiroFilter$1.call(AbstractShiroFilter.java:365)
	at org.apache.shiro.subject.support.SubjectCallable.doCall(SubjectCallable.java:90)
	at org.apache.shiro.subject.support.SubjectCallable.call(SubjectCallable.java:83)
	at org.apache.shiro.subject.support.DelegatingSubject.execute(DelegatingSubject.java:387)
	at org.apache.shiro.web.servlet.AbstractShiroFilter.doFilterInternal(AbstractShiroFilter.java:362)
	at org.apache.shiro.web.servlet.OncePerRequestFilter.doFilter(OncePerRequestFilter.java:125)
	at org.apache.catalina.core.ApplicationFilterChain.internalDoFilter(ApplicationFilterChain.java:193)
	at org.apache.catalina.core.ApplicationFilterChain.doFilter(ApplicationFilterChain.java:166)
	at org.springframework.web.filter.RequestContextFilter.doFilterInternal(RequestContextFilter.java:100)
	at org.springframework.web.filter.OncePerRequestFilter.doFilter(OncePerRequestFilter.java:119)
	at org.apache.catalina.core.ApplicationFilterChain.internalDoFilter(ApplicationFilterChain.java:193)
	at org.apache.catalina.core.ApplicationFilterChain.doFilter(ApplicationFilterChain.java:166)
	at org.springframework.web.filter.FormContentFilter.doFilterInternal(FormContentFilter.java:93)
	at org.springframework.web.filter.OncePerRequestFilter.doFilter(OncePerRequestFilter.java:119)
	at org.apache.catalina.core.ApplicationFilterChain.internalDoFilter(ApplicationFilterChain.java:193)
	at org.apache.catalina.core.ApplicationFilterChain.doFilter(ApplicationFilterChain.java:166)
	at org.springframework.web.filter.CharacterEncodingFilter.doFilterInternal(CharacterEncodingFilter.java:201)
	at org.springframework.web.filter.OncePerRequestFilter.doFilter(OncePerRequestFilter.java:119)
	at org.apache.catalina.core.ApplicationFilterChain.internalDoFilter(ApplicationFilterChain.java:193)
	at org.apache.catalina.core.ApplicationFilterChain.doFilter(ApplicationFilterChain.java:166)
	at org.apache.catalina.core.StandardWrapperValve.invoke(StandardWrapperValve.java:202)
	at org.apache.catalina.core.StandardContextValve.invoke(StandardContextValve.java:96)
	at org.apache.catalina.authenticator.AuthenticatorBase.invoke(AuthenticatorBase.java:541)
	at org.apache.catalina.core.StandardHostValve.invoke(StandardHostValve.java:139)
	at org.apache.catalina.valves.ErrorReportValve.invoke(ErrorReportValve.java:92)
	at org.apache.catalina.core.StandardEngineValve.invoke(StandardEngineValve.java:74)
	at org.apache.catalina.connector.CoyoteAdapter.service(CoyoteAdapter.java:343)
	at org.apache.coyote.http11.Http11Processor.service(Http11Processor.java:373)
	at org.apache.coyote.AbstractProcessorLight.process(AbstractProcessorLight.java:65)
	at org.apache.coyote.AbstractProtocol$ConnectionHandler.process(AbstractProtocol.java:868)
	at org.apache.tomcat.util.net.NioEndpoint$SocketProcessor.doRun(NioEndpoint.java:1590)
	at org.apache.tomcat.util.net.SocketProcessorBase.run(SocketProcessorBase.java:49)
	at java.util.concurrent.ThreadPoolExecutor.runWorker(ThreadPoolExecutor.java:1149)
	at java.util.concurrent.ThreadPoolExecutor$Worker.run(ThreadPoolExecutor.java:624)
	at org.apache.tomcat.util.threads.TaskThread$WrappingRunnable.run(TaskThread.java:61)
	at java.lang.Thread.run(Thread.java:748)
Caused by: java.sql.SQLSyntaxErrorException: ORA-00918: 未明确定义列

	at oracle.jdbc.driver.T4CTTIoer11.processError(T4CTTIoer11.java:509)
	at oracle.jdbc.driver.T4CTTIoer11.processError(T4CTTIoer11.java:461)
	at oracle.jdbc.driver.T4C8Oall.processError(T4C8Oall.java:1104)
	at oracle.jdbc.driver.T4CTTIfun.receive(T4CTTIfun.java:550)
	at oracle.jdbc.driver.T4CTTIfun.doRPC(T4CTTIfun.java:268)
	at oracle.jdbc.driver.T4C8Oall.doOALL(T4C8Oall.java:655)
	at oracle.jdbc.driver.T4CPreparedStatement.doOall8(T4CPreparedStatement.java:270)
	at oracle.jdbc.driver.T4CPreparedStatement.doOall8(T4CPreparedStatement.java:91)
	at oracle.jdbc.driver.T4CPreparedStatement.executeForDescribe(T4CPreparedStatement.java:807)
	at oracle.jdbc.driver.OracleStatement.executeMaybeDescribe(OracleStatement.java:983)
	at oracle.jdbc.driver.OracleStatement.doExecuteWithTimeout(OracleStatement.java:1168)
	at oracle.jdbc.driver.OraclePreparedStatement.executeInternal(OraclePreparedStatement.java:3666)
	at oracle.jdbc.driver.T4CPreparedStatement.executeInternal(T4CPreparedStatement.java:1426)
	at oracle.jdbc.driver.OraclePreparedStatement.execute(OraclePreparedStatement.java:3778)
	at oracle.jdbc.driver.OraclePreparedStatementWrapper.execute(OraclePreparedStatementWrapper.java:1081)
	at com.zaxxer.hikari.pool.ProxyPreparedStatement.execute(ProxyPreparedStatement.java:44)
	at com.zaxxer.hikari.pool.HikariProxyPreparedStatement.execute(HikariProxyPreparedStatement.java)
	at sun.reflect.NativeMethodAccessorImpl.invoke0(Native Method)
	at sun.reflect.NativeMethodAccessorImpl.invoke(NativeMethodAccessorImpl.java:62)
	at sun.reflect.DelegatingMethodAccessorImpl.invoke(DelegatingMethodAccessorImpl.java:43)
	at java.lang.reflect.Method.invoke(Method.java:498)
	at org.apache.ibatis.logging.jdbc.PreparedStatementLogger.invoke(PreparedStatementLogger.java:59)
	at com.sun.proxy.$Proxy93.execute(Unknown Source)
	at org.apache.ibatis.executor.statement.PreparedStatementHandler.query(PreparedStatementHandler.java:64)
	at org.apache.ibatis.executor.statement.RoutingStatementHandler.query(RoutingStatementHandler.java:79)
	at org.apache.ibatis.executor.SimpleExecutor.doQuery(SimpleExecutor.java:63)
	at org.apache.ibatis.executor.BaseExecutor.queryFromDatabase(BaseExecutor.java:324)
	at org.apache.ibatis.executor.BaseExecutor.query(BaseExecutor.java:156)
	at org.apache.ibatis.executor.CachingExecutor.query(CachingExecutor.java:109)
	at org.apache.ibatis.executor.CachingExecutor.query(CachingExecutor.java:83)
	at org.apache.ibatis.session.defaults.DefaultSqlSession.selectList(DefaultSqlSession.java:147)
	at org.apache.ibatis.session.defaults.DefaultSqlSession.selectList(DefaultSqlSession.java:140)
	at sun.reflect.NativeMethodAccessorImpl.invoke0(Native Method)
	at sun.reflect.NativeMethodAccessorImpl.invoke(NativeMethodAccessorImpl.java:62)
	at sun.reflect.DelegatingMethodAccessorImpl.invoke(DelegatingMethodAccessorImpl.java:43)
	at java.lang.reflect.Method.invoke(Method.java:498)
	at org.mybatis.spring.SqlSessionTemplate$SqlSessionInterceptor.invoke(SqlSessionTemplate.java:426)
	... 73 common frames omitted
Caused by: oracle.jdbc.OracleDatabaseException: ORA-00918: 未明确定义列

	at oracle.jdbc.driver.T4CTTIoer11.processError(T4CTTIoer11.java:513)
	... 109 common frames omitted
2020-06-02 16:35:09.020 WARN  --- [AbstractHandlerExceptionResolver.java:199][http-nio-9090-exec-4] - Resolved [org.springframework.jdbc.BadSqlGrammarException: 
### Error querying database.  Cause: java.sql.SQLSyntaxErrorException: ORA-00918: 未明确定义列

### The error may exist in file [D:\weixin\project\OASystem\target\classes\mapper\MeetMapper.xml]
### The error may involve defaultParameterMap
### The error occurred while setting parameters
### SQL: SELECT         obj.id as "id",         obj.create_By as "create_By",         users.nickname as "nickname",         obj.title as "title",         obj.descr as "descr",         obj.meet_RoomId   as "meet_RoomId",         room.meetRoomName as "roomName",         obj.status as "status",         TO_CHAR(obj.start_Time,'yyyy-mm-dd hh24:mi:ss')  as "start_Time",         TO_CHAR( obj.create_Time,'yyyy-mm-dd hh24:mi:ss')  as "create_Time"          FROM OA_MEET obj,OA_USER users,OA_MEETINGROOM room         WHERE users.id = obj.create_By         AND  obj.meet_RoomId = room.id         AND status != 3         ORDER BY obj.id
### Cause: java.sql.SQLSyntaxErrorException: ORA-00918: 未明确定义列

; bad SQL grammar []; nested exception is java.sql.SQLSyntaxErrorException: ORA-00918: 未明确定义列
]
2020-06-02 21:34:42.831 INFO  --- [StartupInfoLogger.java:55][restartedMain] - Starting OasystemApplication on Win-1811022255 with PID 4972 (D:\weixin\project\OASystem\target\classes started by Administrator in D:\weixin\project\OASystem)
2020-06-02 21:34:42.831 INFO  --- [SpringApplication.java:651][restartedMain] - No active profile set, falling back to default profiles: default
2020-06-02 21:34:47.739 INFO  --- [StartupInfoLogger.java:61][restartedMain] - Started OasystemApplication in 5.46 seconds (JVM running for 8.911)
2020-06-02 21:36:17.162 INFO  --- [HikariDataSource.java:110][http-nio-9090-exec-1] - HikariPool-1 - Starting...
2020-06-02 21:36:17.164 WARN  --- [DriverDataSource.java:70][http-nio-9090-exec-1] - Registered driver with driverClassName=oracle.jdbc.driver.OracleDriver was not found, trying direct instantiation.
2020-06-02 21:36:17.442 INFO  --- [HikariDataSource.java:123][http-nio-9090-exec-1] - HikariPool-1 - Start completed.
2020-06-02 21:36:20.578 ERROR --- [GlobalExceptionHandler.java:44][http-nio-9090-exec-3] - 异常
org.springframework.jdbc.BadSqlGrammarException: 
### Error querying database.  Cause: java.sql.SQLSyntaxErrorException: ORA-00918: 未明确定义列

### The error may exist in file [D:\weixin\project\OASystem\target\classes\mapper\MeetMapper.xml]
### The error may involve defaultParameterMap
### The error occurred while setting parameters
### SQL: SELECT         obj.id as "id",         obj.create_By as "create_By",         users.nickname as "nickname",         obj.title as "title",         obj.descr as "descr",         obj.meet_RoomId   as "meet_RoomId",         room.meetRoomName as "roomName",         obj.status as "status",         TO_CHAR(obj.start_Time,'yyyy-mm-dd hh24:mi:ss')  as "start_Time",         TO_CHAR( obj.create_Time,'yyyy-mm-dd hh24:mi:ss')  as "create_Time"          FROM OA_MEET obj,OA_USER users,OA_MEETINGROOM room         WHERE users.id = obj.create_By         AND  obj.meet_RoomId = room.id         AND status != 3         ORDER BY obj.id
### Cause: java.sql.SQLSyntaxErrorException: ORA-00918: 未明确定义列

; bad SQL grammar []; nested exception is java.sql.SQLSyntaxErrorException: ORA-00918: 未明确定义列

	at org.springframework.jdbc.support.SQLExceptionSubclassTranslator.doTranslate(SQLExceptionSubclassTranslator.java:93)
	at org.springframework.jdbc.support.AbstractFallbackSQLExceptionTranslator.translate(AbstractFallbackSQLExceptionTranslator.java:72)
	at org.springframework.jdbc.support.AbstractFallbackSQLExceptionTranslator.translate(AbstractFallbackSQLExceptionTranslator.java:81)
	at org.mybatis.spring.MyBatisExceptionTranslator.translateExceptionIfPossible(MyBatisExceptionTranslator.java:88)
	at org.mybatis.spring.SqlSessionTemplate$SqlSessionInterceptor.invoke(SqlSessionTemplate.java:440)
	at com.sun.proxy.$Proxy64.selectList(Unknown Source)
	at org.mybatis.spring.SqlSessionTemplate.selectList(SqlSessionTemplate.java:223)
	at org.apache.ibatis.binding.MapperMethod.executeForMany(MapperMethod.java:147)
	at org.apache.ibatis.binding.MapperMethod.execute(MapperMethod.java:80)
	at org.apache.ibatis.binding.MapperProxy$PlainMethodInvoker.invoke(MapperProxy.java:144)
	at org.apache.ibatis.binding.MapperProxy.invoke(MapperProxy.java:85)
	at com.sun.proxy.$Proxy83.listByPage(Unknown Source)
	at com.julong.oasystem.service.impl.MeetServiceImpl.list(MeetServiceImpl.java:36)
	at com.julong.oasystem.controller.MeetController.list(MeetController.java:60)
	at sun.reflect.NativeMethodAccessorImpl.invoke0(Native Method)
	at sun.reflect.NativeMethodAccessorImpl.invoke(NativeMethodAccessorImpl.java:62)
	at sun.reflect.DelegatingMethodAccessorImpl.invoke(DelegatingMethodAccessorImpl.java:43)
	at java.lang.reflect.Method.invoke(Method.java:498)
	at org.springframework.web.method.support.InvocableHandlerMethod.doInvoke(InvocableHandlerMethod.java:190)
	at org.springframework.web.method.support.InvocableHandlerMethod.invokeForRequest(InvocableHandlerMethod.java:138)
	at org.springframework.web.servlet.mvc.method.annotation.ServletInvocableHandlerMethod.invokeAndHandle(ServletInvocableHandlerMethod.java:105)
	at org.springframework.web.servlet.mvc.method.annotation.RequestMappingHandlerAdapter.invokeHandlerMethod(RequestMappingHandlerAdapter.java:879)
	at org.springframework.web.servlet.mvc.method.annotation.RequestMappingHandlerAdapter.handleInternal(RequestMappingHandlerAdapter.java:793)
	at org.springframework.web.servlet.mvc.method.AbstractHandlerMethodAdapter.handle(AbstractHandlerMethodAdapter.java:87)
	at org.springframework.web.servlet.DispatcherServlet.doDispatch(DispatcherServlet.java:1040)
	at org.springframework.web.servlet.DispatcherServlet.doService(DispatcherServlet.java:943)
	at org.springframework.web.servlet.FrameworkServlet.processRequest(FrameworkServlet.java:1006)
	at org.springframework.web.servlet.FrameworkServlet.doGet(FrameworkServlet.java:898)
	at javax.servlet.http.HttpServlet.service(HttpServlet.java:634)
	at org.springframework.web.servlet.FrameworkServlet.service(FrameworkServlet.java:883)
	at javax.servlet.http.HttpServlet.service(HttpServlet.java:741)
	at org.apache.catalina.core.ApplicationFilterChain.internalDoFilter(ApplicationFilterChain.java:231)
	at org.apache.catalina.core.ApplicationFilterChain.doFilter(ApplicationFilterChain.java:166)
	at org.apache.tomcat.websocket.server.WsFilter.doFilter(WsFilter.java:53)
	at org.apache.catalina.core.ApplicationFilterChain.internalDoFilter(ApplicationFilterChain.java:193)
	at org.apache.catalina.core.ApplicationFilterChain.doFilter(ApplicationFilterChain.java:166)
	at org.apache.shiro.web.servlet.ProxiedFilterChain.doFilter(ProxiedFilterChain.java:61)
	at org.apache.shiro.web.servlet.AdviceFilter.executeChain(AdviceFilter.java:108)
	at org.apache.shiro.web.servlet.AdviceFilter.doFilterInternal(AdviceFilter.java:137)
	at org.apache.shiro.web.servlet.OncePerRequestFilter.doFilter(OncePerRequestFilter.java:125)
	at org.apache.shiro.web.servlet.ProxiedFilterChain.doFilter(ProxiedFilterChain.java:66)
	at org.apache.shiro.web.servlet.AbstractShiroFilter.executeChain(AbstractShiroFilter.java:449)
	at org.apache.shiro.web.servlet.AbstractShiroFilter$1.call(AbstractShiroFilter.java:365)
	at org.apache.shiro.subject.support.SubjectCallable.doCall(SubjectCallable.java:90)
	at org.apache.shiro.subject.support.SubjectCallable.call(SubjectCallable.java:83)
	at org.apache.shiro.subject.support.DelegatingSubject.execute(DelegatingSubject.java:387)
	at org.apache.shiro.web.servlet.AbstractShiroFilter.doFilterInternal(AbstractShiroFilter.java:362)
	at org.apache.shiro.web.servlet.OncePerRequestFilter.doFilter(OncePerRequestFilter.java:125)
	at org.apache.catalina.core.ApplicationFilterChain.internalDoFilter(ApplicationFilterChain.java:193)
	at org.apache.catalina.core.ApplicationFilterChain.doFilter(ApplicationFilterChain.java:166)
	at org.springframework.web.filter.RequestContextFilter.doFilterInternal(RequestContextFilter.java:100)
	at org.springframework.web.filter.OncePerRequestFilter.doFilter(OncePerRequestFilter.java:119)
	at org.apache.catalina.core.ApplicationFilterChain.internalDoFilter(ApplicationFilterChain.java:193)
	at org.apache.catalina.core.ApplicationFilterChain.doFilter(ApplicationFilterChain.java:166)
	at org.springframework.web.filter.FormContentFilter.doFilterInternal(FormContentFilter.java:93)
	at org.springframework.web.filter.OncePerRequestFilter.doFilter(OncePerRequestFilter.java:119)
	at org.apache.catalina.core.ApplicationFilterChain.internalDoFilter(ApplicationFilterChain.java:193)
	at org.apache.catalina.core.ApplicationFilterChain.doFilter(ApplicationFilterChain.java:166)
	at org.springframework.web.filter.CharacterEncodingFilter.doFilterInternal(CharacterEncodingFilter.java:201)
	at org.springframework.web.filter.OncePerRequestFilter.doFilter(OncePerRequestFilter.java:119)
	at org.apache.catalina.core.ApplicationFilterChain.internalDoFilter(ApplicationFilterChain.java:193)
	at org.apache.catalina.core.ApplicationFilterChain.doFilter(ApplicationFilterChain.java:166)
	at org.apache.catalina.core.StandardWrapperValve.invoke(StandardWrapperValve.java:202)
	at org.apache.catalina.core.StandardContextValve.invoke(StandardContextValve.java:96)
	at org.apache.catalina.authenticator.AuthenticatorBase.invoke(AuthenticatorBase.java:541)
	at org.apache.catalina.core.StandardHostValve.invoke(StandardHostValve.java:139)
	at org.apache.catalina.valves.ErrorReportValve.invoke(ErrorReportValve.java:92)
	at org.apache.catalina.core.StandardEngineValve.invoke(StandardEngineValve.java:74)
	at org.apache.catalina.connector.CoyoteAdapter.service(CoyoteAdapter.java:343)
	at org.apache.coyote.http11.Http11Processor.service(Http11Processor.java:373)
	at org.apache.coyote.AbstractProcessorLight.process(AbstractProcessorLight.java:65)
	at org.apache.coyote.AbstractProtocol$ConnectionHandler.process(AbstractProtocol.java:868)
	at org.apache.tomcat.util.net.NioEndpoint$SocketProcessor.doRun(NioEndpoint.java:1590)
	at org.apache.tomcat.util.net.SocketProcessorBase.run(SocketProcessorBase.java:49)
	at java.util.concurrent.ThreadPoolExecutor.runWorker(ThreadPoolExecutor.java:1149)
	at java.util.concurrent.ThreadPoolExecutor$Worker.run(ThreadPoolExecutor.java:624)
	at org.apache.tomcat.util.threads.TaskThread$WrappingRunnable.run(TaskThread.java:61)
	at java.lang.Thread.run(Thread.java:748)
Caused by: java.sql.SQLSyntaxErrorException: ORA-00918: 未明确定义列

	at oracle.jdbc.driver.T4CTTIoer11.processError(T4CTTIoer11.java:509)
	at oracle.jdbc.driver.T4CTTIoer11.processError(T4CTTIoer11.java:461)
	at oracle.jdbc.driver.T4C8Oall.processError(T4C8Oall.java:1104)
	at oracle.jdbc.driver.T4CTTIfun.receive(T4CTTIfun.java:550)
	at oracle.jdbc.driver.T4CTTIfun.doRPC(T4CTTIfun.java:268)
	at oracle.jdbc.driver.T4C8Oall.doOALL(T4C8Oall.java:655)
	at oracle.jdbc.driver.T4CPreparedStatement.doOall8(T4CPreparedStatement.java:270)
	at oracle.jdbc.driver.T4CPreparedStatement.doOall8(T4CPreparedStatement.java:91)
	at oracle.jdbc.driver.T4CPreparedStatement.executeForDescribe(T4CPreparedStatement.java:807)
	at oracle.jdbc.driver.OracleStatement.executeMaybeDescribe(OracleStatement.java:983)
	at oracle.jdbc.driver.OracleStatement.doExecuteWithTimeout(OracleStatement.java:1168)
	at oracle.jdbc.driver.OraclePreparedStatement.executeInternal(OraclePreparedStatement.java:3666)
	at oracle.jdbc.driver.T4CPreparedStatement.executeInternal(T4CPreparedStatement.java:1426)
	at oracle.jdbc.driver.OraclePreparedStatement.execute(OraclePreparedStatement.java:3778)
	at oracle.jdbc.driver.OraclePreparedStatementWrapper.execute(OraclePreparedStatementWrapper.java:1081)
	at com.zaxxer.hikari.pool.ProxyPreparedStatement.execute(ProxyPreparedStatement.java:44)
	at com.zaxxer.hikari.pool.HikariProxyPreparedStatement.execute(HikariProxyPreparedStatement.java)
	at sun.reflect.NativeMethodAccessorImpl.invoke0(Native Method)
	at sun.reflect.NativeMethodAccessorImpl.invoke(NativeMethodAccessorImpl.java:62)
	at sun.reflect.DelegatingMethodAccessorImpl.invoke(DelegatingMethodAccessorImpl.java:43)
	at java.lang.reflect.Method.invoke(Method.java:498)
	at org.apache.ibatis.logging.jdbc.PreparedStatementLogger.invoke(PreparedStatementLogger.java:59)
	at com.sun.proxy.$Proxy93.execute(Unknown Source)
	at org.apache.ibatis.executor.statement.PreparedStatementHandler.query(PreparedStatementHandler.java:64)
	at org.apache.ibatis.executor.statement.RoutingStatementHandler.query(RoutingStatementHandler.java:79)
	at org.apache.ibatis.executor.SimpleExecutor.doQuery(SimpleExecutor.java:63)
	at org.apache.ibatis.executor.BaseExecutor.queryFromDatabase(BaseExecutor.java:324)
	at org.apache.ibatis.executor.BaseExecutor.query(BaseExecutor.java:156)
	at org.apache.ibatis.executor.CachingExecutor.query(CachingExecutor.java:109)
	at org.apache.ibatis.executor.CachingExecutor.query(CachingExecutor.java:83)
	at org.apache.ibatis.session.defaults.DefaultSqlSession.selectList(DefaultSqlSession.java:147)
	at org.apache.ibatis.session.defaults.DefaultSqlSession.selectList(DefaultSqlSession.java:140)
	at sun.reflect.NativeMethodAccessorImpl.invoke0(Native Method)
	at sun.reflect.NativeMethodAccessorImpl.invoke(NativeMethodAccessorImpl.java:62)
	at sun.reflect.DelegatingMethodAccessorImpl.invoke(DelegatingMethodAccessorImpl.java:43)
	at java.lang.reflect.Method.invoke(Method.java:498)
	at org.mybatis.spring.SqlSessionTemplate$SqlSessionInterceptor.invoke(SqlSessionTemplate.java:426)
	... 73 common frames omitted
Caused by: oracle.jdbc.OracleDatabaseException: ORA-00918: 未明确定义列

	at oracle.jdbc.driver.T4CTTIoer11.processError(T4CTTIoer11.java:513)
	... 109 common frames omitted
2020-06-02 21:36:20.588 WARN  --- [AbstractHandlerExceptionResolver.java:199][http-nio-9090-exec-3] - Resolved [org.springframework.jdbc.BadSqlGrammarException: 
### Error querying database.  Cause: java.sql.SQLSyntaxErrorException: ORA-00918: 未明确定义列

### The error may exist in file [D:\weixin\project\OASystem\target\classes\mapper\MeetMapper.xml]
### The error may involve defaultParameterMap
### The error occurred while setting parameters
### SQL: SELECT         obj.id as "id",         obj.create_By as "create_By",         users.nickname as "nickname",         obj.title as "title",         obj.descr as "descr",         obj.meet_RoomId   as "meet_RoomId",         room.meetRoomName as "roomName",         obj.status as "status",         TO_CHAR(obj.start_Time,'yyyy-mm-dd hh24:mi:ss')  as "start_Time",         TO_CHAR( obj.create_Time,'yyyy-mm-dd hh24:mi:ss')  as "create_Time"          FROM OA_MEET obj,OA_USER users,OA_MEETINGROOM room         WHERE users.id = obj.create_By         AND  obj.meet_RoomId = room.id         AND status != 3         ORDER BY obj.id
### Cause: java.sql.SQLSyntaxErrorException: ORA-00918: 未明确定义列

; bad SQL grammar []; nested exception is java.sql.SQLSyntaxErrorException: ORA-00918: 未明确定义列
]
2020-06-02 21:44:42.007 INFO  --- [StartupInfoLogger.java:55][restartedMain] - Starting OasystemApplication on Win-1811022255 with PID 6952 (D:\weixin\project\OASystem\target\classes started by Administrator in D:\weixin\project\OASystem)
2020-06-02 21:44:42.016 INFO  --- [SpringApplication.java:651][restartedMain] - No active profile set, falling back to default profiles: default
2020-06-02 21:44:45.366 INFO  --- [StartupInfoLogger.java:61][restartedMain] - Started OasystemApplication in 5.138 seconds (JVM running for 7.39)
2020-06-02 21:44:57.581 INFO  --- [HikariDataSource.java:110][http-nio-9090-exec-2] - HikariPool-1 - Starting...
2020-06-02 21:44:57.586 WARN  --- [DriverDataSource.java:70][http-nio-9090-exec-2] - Registered driver with driverClassName=oracle.jdbc.driver.OracleDriver was not found, trying direct instantiation.
2020-06-02 21:44:57.861 INFO  --- [HikariDataSource.java:123][http-nio-9090-exec-2] - HikariPool-1 - Start completed.
2020-06-02 22:49:50.388 INFO  --- [StartupInfoLogger.java:55][restartedMain] - Starting OasystemApplication on Win-1811022255 with PID 6656 (D:\weixin\project\OASystem\target\classes started by Administrator in D:\weixin\project\OASystem)
2020-06-02 22:49:50.393 INFO  --- [SpringApplication.java:651][restartedMain] - No active profile set, falling back to default profiles: default
2020-06-02 22:49:53.874 INFO  --- [StartupInfoLogger.java:61][restartedMain] - Started OasystemApplication in 4.667 seconds (JVM running for 6.575)
2020-06-02 22:50:36.950 INFO  --- [HikariDataSource.java:110][http-nio-9090-exec-4] - HikariPool-1 - Starting...
2020-06-02 22:50:36.954 WARN  --- [DriverDataSource.java:70][http-nio-9090-exec-4] - Registered driver with driverClassName=oracle.jdbc.driver.OracleDriver was not found, trying direct instantiation.
2020-06-02 22:50:37.160 INFO  --- [HikariDataSource.java:123][http-nio-9090-exec-4] - HikariPool-1 - Start completed.
2020-06-02 22:52:56.942 INFO  --- [StartupInfoLogger.java:55][restartedMain] - Starting OasystemApplication on Win-1811022255 with PID 7956 (D:\weixin\project\OASystem\target\classes started by Administrator in D:\weixin\project\OASystem)
2020-06-02 22:52:56.947 INFO  --- [SpringApplication.java:651][restartedMain] - No active profile set, falling back to default profiles: default
2020-06-02 22:53:00.635 INFO  --- [StartupInfoLogger.java:61][restartedMain] - Started OasystemApplication in 5.003 seconds (JVM running for 6.834)
2020-06-02 22:53:09.364 INFO  --- [HikariDataSource.java:110][http-nio-9090-exec-2] - HikariPool-1 - Starting...
2020-06-02 22:53:09.366 WARN  --- [DriverDataSource.java:70][http-nio-9090-exec-2] - Registered driver with driverClassName=oracle.jdbc.driver.OracleDriver was not found, trying direct instantiation.
2020-06-02 22:53:09.584 INFO  --- [HikariDataSource.java:123][http-nio-9090-exec-2] - HikariPool-1 - Start completed.
